TpTrace Verbose: 0 : 15764, 1, 2022/08/03, 06:55:34.767, 1394312218372, vstest.console.dll, Version: 17.2.0-release-20220408-11 Current process architecture: X64
TpTrace Information: 0 : 15764, 1, 2022/08/03, 06:55:34.775, 1394312295304, vstest.console.dll, FilePatternParser: The given file C:\Users\hp\OneDrive\Desktop\week-5-task-ogbeidebest\week-5-task-ogbeidebest\DiscoveryBank\DiscoveryBankTests\bin\Debug\net5.0\fine-code-coverage\build-output\DiscoveryBankTests.dll is a full path.
TpTrace Verbose: 0 : 15764, 1, 2022/08/03, 06:55:34.780, 1394312343038, vstest.console.dll, TestPluginCache.DiscoverTestExtensions: finding test extensions in assemblies ends with: RuntimeProvider.dll TPluginInfo: Microsoft.VisualStudio.TestPlatform.Common.ExtensionFramework.Utilities.TestRuntimePluginInformation TExtension: Microsoft.VisualStudio.TestPlatform.ObjectModel.Host.ITestRuntimeProvider
TpTrace Verbose: 0 : 15764, 1, 2022/08/03, 06:55:34.780, 1394312346933, vstest.console.dll, TestPluginCache.GetExtensionPaths: Filtered extension paths: 
TpTrace Verbose: 0 : 15764, 1, 2022/08/03, 06:55:34.780, 1394312347647, vstest.console.dll, TestPluginCache.GetExtensionPaths: Added default extension paths: C:\Program Files\dotnet\sdk\6.0.301\Extensions\DumpMinitool.exe
C:\Program Files\dotnet\sdk\6.0.301\Extensions\DumpMinitool.x86.exe
C:\Program Files\dotnet\sdk\6.0.301\Extensions\Microsoft.Diagnostics.NETCore.Client.dll
C:\Program Files\dotnet\sdk\6.0.301\Extensions\Microsoft.TestPlatform.Extensions.BlameDataCollector.dll
C:\Program Files\dotnet\sdk\6.0.301\Extensions\Microsoft.TestPlatform.Extensions.EventLogCollector.dll
C:\Program Files\dotnet\sdk\6.0.301\Extensions\Microsoft.TestPlatform.TestHostRuntimeProvider.dll
C:\Program Files\dotnet\sdk\6.0.301\Extensions\Microsoft.VisualStudio.TestPlatform.Extensions.Html.TestLogger.dll
C:\Program Files\dotnet\sdk\6.0.301\Extensions\Microsoft.VisualStudio.TestPlatform.Extensions.Trx.TestLogger.dll
TpTrace Verbose: 0 : 15764, 1, 2022/08/03, 06:55:34.780, 1394312347914, vstest.console.dll, TestPluginCache.GetExtensionPaths: Added unfilterableExtensionPaths: 
TpTrace Information: 0 : 15764, 1, 2022/08/03, 06:55:34.781, 1394312352506, vstest.console.dll, AssemblyResolver.ctor: Creating AssemblyResolver with searchDirectories C:\Program Files\dotnet\sdk\6.0.301\Extensions,C:\Program Files\dotnet\sdk\6.0.301
TpTrace Verbose: 0 : 15764, 1, 2022/08/03, 06:55:34.781, 1394312358750, vstest.console.dll, TestPluginCache.DiscoverTestExtensions: Discovering the extensions using extension path.
TpTrace Verbose: 0 : 15764, 1, 2022/08/03, 06:55:34.781, 1394312359726, vstest.console.dll, TestPluginCache.GetExtensionPaths: Filtered extension paths: 
TpTrace Verbose: 0 : 15764, 1, 2022/08/03, 06:55:34.781, 1394312359998, vstest.console.dll, TestPluginCache.GetExtensionPaths: Added default extension paths: C:\Program Files\dotnet\sdk\6.0.301\Extensions\DumpMinitool.exe
C:\Program Files\dotnet\sdk\6.0.301\Extensions\DumpMinitool.x86.exe
C:\Program Files\dotnet\sdk\6.0.301\Extensions\Microsoft.Diagnostics.NETCore.Client.dll
C:\Program Files\dotnet\sdk\6.0.301\Extensions\Microsoft.TestPlatform.Extensions.BlameDataCollector.dll
C:\Program Files\dotnet\sdk\6.0.301\Extensions\Microsoft.TestPlatform.Extensions.EventLogCollector.dll
C:\Program Files\dotnet\sdk\6.0.301\Extensions\Microsoft.TestPlatform.TestHostRuntimeProvider.dll
C:\Program Files\dotnet\sdk\6.0.301\Extensions\Microsoft.VisualStudio.TestPlatform.Extensions.Html.TestLogger.dll
C:\Program Files\dotnet\sdk\6.0.301\Extensions\Microsoft.VisualStudio.TestPlatform.Extensions.Trx.TestLogger.dll
TpTrace Verbose: 0 : 15764, 1, 2022/08/03, 06:55:34.781, 1394312360171, vstest.console.dll, TestPluginCache.GetExtensionPaths: Added unfilterableExtensionPaths: 
TpTrace Verbose: 0 : 15764, 1, 2022/08/03, 06:55:34.781, 1394312360572, vstest.console.dll, TestPluginCache.DiscoverTestExtensions: Discovering the extensions using allExtensionPaths: C:\Program Files\dotnet\sdk\6.0.301\Extensions\DumpMinitool.exe
C:\Program Files\dotnet\sdk\6.0.301\Extensions\DumpMinitool.x86.exe
C:\Program Files\dotnet\sdk\6.0.301\Extensions\Microsoft.Diagnostics.NETCore.Client.dll
C:\Program Files\dotnet\sdk\6.0.301\Extensions\Microsoft.TestPlatform.Extensions.BlameDataCollector.dll
C:\Program Files\dotnet\sdk\6.0.301\Extensions\Microsoft.TestPlatform.Extensions.EventLogCollector.dll
C:\Program Files\dotnet\sdk\6.0.301\Extensions\Microsoft.TestPlatform.TestHostRuntimeProvider.dll
C:\Program Files\dotnet\sdk\6.0.301\Extensions\Microsoft.VisualStudio.TestPlatform.Extensions.Html.TestLogger.dll
C:\Program Files\dotnet\sdk\6.0.301\Extensions\Microsoft.VisualStudio.TestPlatform.Extensions.Trx.TestLogger.dll
TpTrace Information: 0 : 15764, 1, 2022/08/03, 06:55:34.782, 1394312361704, vstest.console.dll, AssemblyResolver.AddSearchDirectories: Adding more searchDirectories C:\Program Files\dotnet\sdk\6.0.301\Extensions,C:\Program Files\dotnet\sdk\6.0.301
TpTrace Information: 0 : 15764, 1, 2022/08/03, 06:55:34.782, 1394312362051, vstest.console.dll, AssemblyResolver.AddSearchDirectories: Adding more searchDirectories C:\Program Files\dotnet\sdk\6.0.301\Extensions,C:\Program Files\dotnet\sdk\6.0.301
TpTrace Information: 0 : 15764, 1, 2022/08/03, 06:55:34.782, 1394312362218, vstest.console.dll, AssemblyResolver.AddSearchDirectories: Adding more searchDirectories C:\Program Files\dotnet\sdk\6.0.301\Extensions,C:\Program Files\dotnet\sdk\6.0.301
TpTrace Information: 0 : 15764, 1, 2022/08/03, 06:55:34.782, 1394312362368, vstest.console.dll, AssemblyResolver.AddSearchDirectories: Adding more searchDirectories C:\Program Files\dotnet\sdk\6.0.301\Extensions,C:\Program Files\dotnet\sdk\6.0.301
TpTrace Information: 0 : 15764, 1, 2022/08/03, 06:55:34.782, 1394312362543, vstest.console.dll, AssemblyResolver.AddSearchDirectories: Adding more searchDirectories C:\Program Files\dotnet\sdk\6.0.301\Extensions,C:\Program Files\dotnet\sdk\6.0.301
TpTrace Information: 0 : 15764, 1, 2022/08/03, 06:55:34.782, 1394312362694, vstest.console.dll, AssemblyResolver.AddSearchDirectories: Adding more searchDirectories C:\Program Files\dotnet\sdk\6.0.301\Extensions,C:\Program Files\dotnet\sdk\6.0.301
TpTrace Information: 0 : 15764, 1, 2022/08/03, 06:55:34.782, 1394312362842, vstest.console.dll, AssemblyResolver.AddSearchDirectories: Adding more searchDirectories C:\Program Files\dotnet\sdk\6.0.301\Extensions,C:\Program Files\dotnet\sdk\6.0.301
TpTrace Information: 0 : 15764, 1, 2022/08/03, 06:55:34.782, 1394312363018, vstest.console.dll, AssemblyResolver.AddSearchDirectories: Adding more searchDirectories C:\Program Files\dotnet\sdk\6.0.301\Extensions,C:\Program Files\dotnet\sdk\6.0.301
TpTrace Information: 0 : 15764, 1, 2022/08/03, 06:55:34.782, 1394312365375, vstest.console.dll, AssemblyResolver.OnResolve: DumpMinitool: Resolving assembly.
TpTrace Information: 0 : 15764, 1, 2022/08/03, 06:55:34.782, 1394312365777, vstest.console.dll, AssemblyResolver.OnResolve: DumpMinitool: Searching in: 'C:\Program Files\dotnet\sdk\6.0.301\Extensions'.
TpTrace Information: 0 : 15764, 1, 2022/08/03, 06:55:34.782, 1394312366348, vstest.console.dll, AssemblyResolver.OnResolve: DumpMinitool: Assembly path does not exist: 'C:\Program Files\dotnet\sdk\6.0.301\Extensions\DumpMinitool.dll', returning.
TpTrace Information: 0 : 15764, 1, 2022/08/03, 06:55:34.782, 1394312370790, vstest.console.dll, AssemblyResolver.OnResolve: DumpMinitool: Loading assembly 'C:\Program Files\dotnet\sdk\6.0.301\Extensions\DumpMinitool.exe'.
TpTrace Information: 0 : 15764, 1, 2022/08/03, 06:55:34.783, 1394312374843, vstest.console.dll, AssemblyResolver.OnResolve: Resolved assembly: DumpMinitool, from path: C:\Program Files\dotnet\sdk\6.0.301\Extensions\DumpMinitool.exe
TpTrace Verbose: 0 : 15764, 1, 2022/08/03, 06:55:34.788, 1394312425006, vstest.console.dll, MetadataReaderExtensionsHelper: Discovering extensions inside assembly 'DumpMinitool, Version=15.0.0.0, Culture=neutral, PublicKeyToken=b03f5f7f11d50a3a' file path 'C:\Program Files\dotnet\sdk\6.0.301\Extensions\DumpMinitool.exe'
TpTrace Information: 0 : 15764, 1, 2022/08/03, 06:55:34.795, 1394312492918, vstest.console.dll, AssemblyResolver.OnResolve: DumpMinitool.x86: Resolving assembly.
TpTrace Information: 0 : 15764, 1, 2022/08/03, 06:55:34.795, 1394312494066, vstest.console.dll, AssemblyResolver.OnResolve: DumpMinitool.x86: Searching in: 'C:\Program Files\dotnet\sdk\6.0.301\Extensions'.
TpTrace Information: 0 : 15764, 1, 2022/08/03, 06:55:34.795, 1394312494592, vstest.console.dll, AssemblyResolver.OnResolve: DumpMinitool.x86: Assembly path does not exist: 'C:\Program Files\dotnet\sdk\6.0.301\Extensions\DumpMinitool.x86.dll', returning.
TpTrace Information: 0 : 15764, 1, 2022/08/03, 06:55:34.795, 1394312497403, vstest.console.dll, AssemblyResolver.OnResolve: DumpMinitool.x86: Loading assembly 'C:\Program Files\dotnet\sdk\6.0.301\Extensions\DumpMinitool.x86.exe'.
TpTrace Information: 0 : 15764, 1, 2022/08/03, 06:55:34.795, 1394312500496, vstest.console.dll, AssemblyResolver.OnResolve: Resolved assembly: DumpMinitool.x86, from path: C:\Program Files\dotnet\sdk\6.0.301\Extensions\DumpMinitool.x86.exe
TpTrace Verbose: 0 : 15764, 1, 2022/08/03, 06:55:34.796, 1394312501024, vstest.console.dll, MetadataReaderExtensionsHelper: Discovering extensions inside assembly 'DumpMinitool.x86, Version=15.0.0.0, Culture=neutral, PublicKeyToken=b03f5f7f11d50a3a' file path 'C:\Program Files\dotnet\sdk\6.0.301\Extensions\DumpMinitool.x86.exe'
TpTrace Information: 0 : 15764, 1, 2022/08/03, 06:55:34.796, 1394312505472, vstest.console.dll, AssemblyResolver.OnResolve: Microsoft.Diagnostics.NETCore.Client: Resolving assembly.
TpTrace Information: 0 : 15764, 1, 2022/08/03, 06:55:34.796, 1394312505851, vstest.console.dll, AssemblyResolver.OnResolve: Microsoft.Diagnostics.NETCore.Client: Searching in: 'C:\Program Files\dotnet\sdk\6.0.301\Extensions'.
TpTrace Information: 0 : 15764, 1, 2022/08/03, 06:55:34.796, 1394312508568, vstest.console.dll, AssemblyResolver.OnResolve: Microsoft.Diagnostics.NETCore.Client: Loading assembly 'C:\Program Files\dotnet\sdk\6.0.301\Extensions\Microsoft.Diagnostics.NETCore.Client.dll'.
TpTrace Information: 0 : 15764, 1, 2022/08/03, 06:55:34.797, 1394312513254, vstest.console.dll, AssemblyResolver.OnResolve: Resolved assembly: Microsoft.Diagnostics.NETCore.Client, from path: C:\Program Files\dotnet\sdk\6.0.301\Extensions\Microsoft.Diagnostics.NETCore.Client.dll
TpTrace Verbose: 0 : 15764, 1, 2022/08/03, 06:55:34.797, 1394312513681, vstest.console.dll, MetadataReaderExtensionsHelper: Discovering extensions inside assembly 'Microsoft.Diagnostics.NETCore.Client, Version=0.2.5.801, Culture=neutral, PublicKeyToken=31bf3856ad364e35' file path 'C:\Program Files\dotnet\sdk\6.0.301\Extensions\Microsoft.Diagnostics.NETCore.Client.dll'
TpTrace Information: 0 : 15764, 1, 2022/08/03, 06:55:34.802, 1394312564569, vstest.console.dll, AssemblyResolver.OnResolve: Microsoft.Bcl.AsyncInterfaces: Resolving assembly.
TpTrace Information: 0 : 15764, 1, 2022/08/03, 06:55:34.802, 1394312565465, vstest.console.dll, AssemblyResolver.OnResolve: Microsoft.Bcl.AsyncInterfaces: Searching in: 'C:\Program Files\dotnet\sdk\6.0.301\Extensions'.
TpTrace Information: 0 : 15764, 1, 2022/08/03, 06:55:34.802, 1394312566030, vstest.console.dll, AssemblyResolver.OnResolve: Microsoft.Bcl.AsyncInterfaces: Assembly path does not exist: 'C:\Program Files\dotnet\sdk\6.0.301\Extensions\Microsoft.Bcl.AsyncInterfaces.dll', returning.
TpTrace Information: 0 : 15764, 1, 2022/08/03, 06:55:34.802, 1394312566316, vstest.console.dll, AssemblyResolver.OnResolve: Microsoft.Bcl.AsyncInterfaces: Assembly path does not exist: 'C:\Program Files\dotnet\sdk\6.0.301\Extensions\Microsoft.Bcl.AsyncInterfaces.exe', returning.
TpTrace Information: 0 : 15764, 1, 2022/08/03, 06:55:34.802, 1394312566469, vstest.console.dll, AssemblyResolver.OnResolve: Microsoft.Bcl.AsyncInterfaces: Searching in: 'C:\Program Files\dotnet\sdk\6.0.301'.
TpTrace Information: 0 : 15764, 1, 2022/08/03, 06:55:34.802, 1394312566759, vstest.console.dll, AssemblyResolver.OnResolve: Microsoft.Bcl.AsyncInterfaces: Assembly path does not exist: 'C:\Program Files\dotnet\sdk\6.0.301\Microsoft.Bcl.AsyncInterfaces.dll', returning.
TpTrace Information: 0 : 15764, 1, 2022/08/03, 06:55:34.802, 1394312567076, vstest.console.dll, AssemblyResolver.OnResolve: Microsoft.Bcl.AsyncInterfaces: Assembly path does not exist: 'C:\Program Files\dotnet\sdk\6.0.301\Microsoft.Bcl.AsyncInterfaces.exe', returning.
TpTrace Information: 0 : 15764, 1, 2022/08/03, 06:55:34.802, 1394312567240, vstest.console.dll, AssemblyResolver.OnResolve: Microsoft.Bcl.AsyncInterfaces: Failed to load assembly.
TpTrace Verbose: 0 : 15764, 1, 2022/08/03, 06:55:34.802, 1394312567586, vstest.console.dll, CurrentDomainAssemblyResolve: Resolving assembly 'Microsoft.Bcl.AsyncInterfaces'.
TpTrace Information: 0 : 15764, 1, 2022/08/03, 06:55:34.802, 1394312567957, vstest.console.dll, AssemblyResolver.OnResolve: Microsoft.Bcl.AsyncInterfaces: Resolving assembly.
TpTrace Information: 0 : 15764, 1, 2022/08/03, 06:55:34.802, 1394312568187, vstest.console.dll, AssemblyResolver.OnResolve: Microsoft.Bcl.AsyncInterfaces: Resolved from cache.
TpTrace Verbose: 0 : 15764, 1, 2022/08/03, 06:55:34.802, 1394312568382, vstest.console.dll, CurrentDomainAssemblyResolve: Resolving assembly 'Microsoft.Bcl.AsyncInterfaces'.
TpTrace Verbose: 0 : 15764, 1, 2022/08/03, 06:55:34.802, 1394312568601, vstest.console.dll, CurrentDomainAssemblyResolve: Failed to resolve assembly 'Microsoft.Bcl.AsyncInterfaces'.
TpTrace Verbose: 0 : 15764, 1, 2022/08/03, 06:55:34.803, 1394312572425, vstest.console.dll, CurrentDomainAssemblyResolve: Failed to resolve assembly 'Microsoft.Bcl.AsyncInterfaces'.
TpTrace Warning: 0 : 15764, 1, 2022/08/03, 06:55:34.813, 1394312678154, vstest.console.dll, TestPluginDiscoverer: Failed to get types from assembly 'Microsoft.Diagnostics.NETCore.Client, Version=0.2.5.801, Culture=neutral, PublicKeyToken=31bf3856ad364e35'. Error: System.Reflection.ReflectionTypeLoadException: Unable to load one or more of the requested types.
Could not load file or assembly 'Microsoft.Bcl.AsyncInterfaces, Version=1.0.0.0, Culture=neutral, PublicKeyToken=cc7b13ffcd2ddd51'. The system cannot find the file specified.
   at System.Reflection.RuntimeModule.GetTypes(RuntimeModule module)
   at System.Reflection.Assembly.GetTypes()
   at Microsoft.VisualStudio.TestPlatform.Common.ExtensionFramework.TestPluginDiscoverer.GetTestExtensionsFromAssembly[TPluginInfo,TExtension](Assembly assembly, Dictionary`2 pluginInfos, String filePath)
System.IO.FileNotFoundException: Could not load file or assembly 'Microsoft.Bcl.AsyncInterfaces, Version=1.0.0.0, Culture=neutral, PublicKeyToken=cc7b13ffcd2ddd51'. The system cannot find the file specified.
File name: 'Microsoft.Bcl.AsyncInterfaces, Version=1.0.0.0, Culture=neutral, PublicKeyToken=cc7b13ffcd2ddd51'
 ---> System.IO.FileNotFoundException: Could not load file or assembly 'Microsoft.Bcl.AsyncInterfaces, Culture=neutral, PublicKeyToken=null'. The system cannot find the file specified.
File name: 'Microsoft.Bcl.AsyncInterfaces, Culture=neutral, PublicKeyToken=null'
   at System.Reflection.RuntimeAssembly.InternalLoad(ObjectHandleOnStack assemblyName, ObjectHandleOnStack requestingAssembly, StackCrawlMarkHandle stackMark, Boolean throwOnFileNotFound, ObjectHandleOnStack assemblyLoadContext, ObjectHandleOnStack retAssembly)
   at System.Reflection.RuntimeAssembly.InternalLoad(AssemblyName assemblyName, RuntimeAssembly requestingAssembly, StackCrawlMark& stackMark, Boolean throwOnFileNotFound, AssemblyLoadContext assemblyLoadContext)
   at System.Reflection.Assembly.Load(AssemblyName assemblyRef)
   at Microsoft.VisualStudio.TestPlatform.Common.ExtensionFramework.TestPluginCache.CurrentDomainAssemblyResolve(Object sender, AssemblyResolveEventArgs args)
   at Microsoft.VisualStudio.TestPlatform.PlatformAbstractions.PlatformAssemblyResolver.AssemblyResolverEvent(Object sender, Object eventArgs)
   at System.Runtime.Loader.AssemblyLoadContext.GetFirstResolvedAssemblyFromResolvingEvent(AssemblyName assemblyName)
   at System.Runtime.Loader.AssemblyLoadContext.ResolveUsingEvent(AssemblyName assemblyName)
   at System.Runtime.Loader.AssemblyLoadContext.ResolveUsingResolvingEvent(IntPtr gchManagedAssemblyLoadContext, AssemblyName assemblyName)
TpTrace Warning: 0 : 15764, 1, 2022/08/03, 06:55:34.814, 1394312681061, vstest.console.dll, LoaderExceptions: System.IO.FileNotFoundException: Could not load file or assembly 'Microsoft.Bcl.AsyncInterfaces, Version=1.0.0.0, Culture=neutral, PublicKeyToken=cc7b13ffcd2ddd51'. The system cannot find the file specified.
File name: 'Microsoft.Bcl.AsyncInterfaces, Version=1.0.0.0, Culture=neutral, PublicKeyToken=cc7b13ffcd2ddd51'
 ---> System.IO.FileNotFoundException: Could not load file or assembly 'Microsoft.Bcl.AsyncInterfaces, Culture=neutral, PublicKeyToken=null'. The system cannot find the file specified.
File name: 'Microsoft.Bcl.AsyncInterfaces, Culture=neutral, PublicKeyToken=null'
   at System.Reflection.RuntimeAssembly.InternalLoad(ObjectHandleOnStack assemblyName, ObjectHandleOnStack requestingAssembly, StackCrawlMarkHandle stackMark, Boolean throwOnFileNotFound, ObjectHandleOnStack assemblyLoadContext, ObjectHandleOnStack retAssembly)
   at System.Reflection.RuntimeAssembly.InternalLoad(AssemblyName assemblyName, RuntimeAssembly requestingAssembly, StackCrawlMark& stackMark, Boolean throwOnFileNotFound, AssemblyLoadContext assemblyLoadContext)
   at System.Reflection.Assembly.Load(AssemblyName assemblyRef)
   at Microsoft.VisualStudio.TestPlatform.Common.ExtensionFramework.TestPluginCache.CurrentDomainAssemblyResolve(Object sender, AssemblyResolveEventArgs args)
   at Microsoft.VisualStudio.TestPlatform.PlatformAbstractions.PlatformAssemblyResolver.AssemblyResolverEvent(Object sender, Object eventArgs)
   at System.Runtime.Loader.AssemblyLoadContext.GetFirstResolvedAssemblyFromResolvingEvent(AssemblyName assemblyName)
   at System.Runtime.Loader.AssemblyLoadContext.ResolveUsingEvent(AssemblyName assemblyName)
   at System.Runtime.Loader.AssemblyLoadContext.ResolveUsingResolvingEvent(IntPtr gchManagedAssemblyLoadContext, AssemblyName assemblyName)
TpTrace Information: 0 : 15764, 1, 2022/08/03, 06:55:34.814, 1394312682145, vstest.console.dll, AssemblyResolver.OnResolve: Microsoft.TestPlatform.Extensions.BlameDataCollector: Resolving assembly.
TpTrace Information: 0 : 15764, 1, 2022/08/03, 06:55:34.814, 1394312682411, vstest.console.dll, AssemblyResolver.OnResolve: Microsoft.TestPlatform.Extensions.BlameDataCollector: Searching in: 'C:\Program Files\dotnet\sdk\6.0.301\Extensions'.
TpTrace Information: 0 : 15764, 1, 2022/08/03, 06:55:34.814, 1394312686901, vstest.console.dll, AssemblyResolver.OnResolve: Microsoft.TestPlatform.Extensions.BlameDataCollector: Loading assembly 'C:\Program Files\dotnet\sdk\6.0.301\Extensions\Microsoft.TestPlatform.Extensions.BlameDataCollector.dll'.
TpTrace Information: 0 : 15764, 1, 2022/08/03, 06:55:34.815, 1394312691074, vstest.console.dll, AssemblyResolver.OnResolve: Resolved assembly: Microsoft.TestPlatform.Extensions.BlameDataCollector, from path: C:\Program Files\dotnet\sdk\6.0.301\Extensions\Microsoft.TestPlatform.Extensions.BlameDataCollector.dll
TpTrace Verbose: 0 : 15764, 1, 2022/08/03, 06:55:34.815, 1394312691652, vstest.console.dll, MetadataReaderExtensionsHelper: Discovering extensions inside assembly 'Microsoft.TestPlatform.Extensions.BlameDataCollector, Version=15.0.0.0, Culture=neutral, PublicKeyToken=b03f5f7f11d50a3a' file path 'C:\Program Files\dotnet\sdk\6.0.301\Extensions\Microsoft.TestPlatform.Extensions.BlameDataCollector.dll'
TpTrace Information: 0 : 15764, 1, 2022/08/03, 06:55:34.816, 1394312702200, vstest.console.dll, AssemblyResolver.OnResolve: Microsoft.TestPlatform.Extensions.EventLogCollector: Resolving assembly.
TpTrace Information: 0 : 15764, 1, 2022/08/03, 06:55:34.816, 1394312702650, vstest.console.dll, AssemblyResolver.OnResolve: Microsoft.TestPlatform.Extensions.EventLogCollector: Searching in: 'C:\Program Files\dotnet\sdk\6.0.301\Extensions'.
TpTrace Information: 0 : 15764, 1, 2022/08/03, 06:55:34.816, 1394312706973, vstest.console.dll, AssemblyResolver.OnResolve: Microsoft.TestPlatform.Extensions.EventLogCollector: Loading assembly 'C:\Program Files\dotnet\sdk\6.0.301\Extensions\Microsoft.TestPlatform.Extensions.EventLogCollector.dll'.
TpTrace Information: 0 : 15764, 1, 2022/08/03, 06:55:34.817, 1394312713249, vstest.console.dll, AssemblyResolver.OnResolve: Resolved assembly: Microsoft.TestPlatform.Extensions.EventLogCollector, from path: C:\Program Files\dotnet\sdk\6.0.301\Extensions\Microsoft.TestPlatform.Extensions.EventLogCollector.dll
TpTrace Verbose: 0 : 15764, 1, 2022/08/03, 06:55:34.817, 1394312713964, vstest.console.dll, MetadataReaderExtensionsHelper: Discovering extensions inside assembly 'Microsoft.TestPlatform.Extensions.EventLogCollector, Version=15.0.0.0, Culture=neutral, PublicKeyToken=b03f5f7f11d50a3a' file path 'C:\Program Files\dotnet\sdk\6.0.301\Extensions\Microsoft.TestPlatform.Extensions.EventLogCollector.dll'
TpTrace Information: 0 : 15764, 1, 2022/08/03, 06:55:34.818, 1394312725761, vstest.console.dll, AssemblyResolver.OnResolve: Microsoft.TestPlatform.TestHostRuntimeProvider: Resolving assembly.
TpTrace Information: 0 : 15764, 1, 2022/08/03, 06:55:34.818, 1394312726269, vstest.console.dll, AssemblyResolver.OnResolve: Microsoft.TestPlatform.TestHostRuntimeProvider: Searching in: 'C:\Program Files\dotnet\sdk\6.0.301\Extensions'.
TpTrace Information: 0 : 15764, 1, 2022/08/03, 06:55:34.818, 1394312729310, vstest.console.dll, AssemblyResolver.OnResolve: Microsoft.TestPlatform.TestHostRuntimeProvider: Loading assembly 'C:\Program Files\dotnet\sdk\6.0.301\Extensions\Microsoft.TestPlatform.TestHostRuntimeProvider.dll'.
TpTrace Information: 0 : 15764, 1, 2022/08/03, 06:55:34.819, 1394312733723, vstest.console.dll, AssemblyResolver.OnResolve: Resolved assembly: Microsoft.TestPlatform.TestHostRuntimeProvider, from path: C:\Program Files\dotnet\sdk\6.0.301\Extensions\Microsoft.TestPlatform.TestHostRuntimeProvider.dll
TpTrace Verbose: 0 : 15764, 1, 2022/08/03, 06:55:34.819, 1394312734328, vstest.console.dll, MetadataReaderExtensionsHelper: Discovering extensions inside assembly 'Microsoft.TestPlatform.TestHostRuntimeProvider, Version=15.0.0.0, Culture=neutral, PublicKeyToken=b03f5f7f11d50a3a' file path 'C:\Program Files\dotnet\sdk\6.0.301\Extensions\Microsoft.TestPlatform.TestHostRuntimeProvider.dll'
TpTrace Information: 0 : 15764, 1, 2022/08/03, 06:55:34.821, 1394312751606, vstest.console.dll, GetTestExtensionFromType: Register extension with identifier data 'HostProvider://DefaultTestHost' and type 'Microsoft.VisualStudio.TestPlatform.CrossPlatEngine.Hosting.DefaultTestHostManager, Microsoft.TestPlatform.TestHostRuntimeProvider, Version=15.0.0.0, Culture=neutral, PublicKeyToken=b03f5f7f11d50a3a' inside file 'C:\Program Files\dotnet\sdk\6.0.301\Extensions\Microsoft.TestPlatform.TestHostRuntimeProvider.dll'
TpTrace Information: 0 : 15764, 1, 2022/08/03, 06:55:34.821, 1394312752419, vstest.console.dll, GetTestExtensionFromType: Register extension with identifier data 'HostProvider://DotnetTestHost' and type 'Microsoft.VisualStudio.TestPlatform.CrossPlatEngine.Hosting.DotnetTestHostManager, Microsoft.TestPlatform.TestHostRuntimeProvider, Version=15.0.0.0, Culture=neutral, PublicKeyToken=b03f5f7f11d50a3a' inside file 'C:\Program Files\dotnet\sdk\6.0.301\Extensions\Microsoft.TestPlatform.TestHostRuntimeProvider.dll'
TpTrace Information: 0 : 15764, 1, 2022/08/03, 06:55:34.821, 1394312753121, vstest.console.dll, AssemblyResolver.OnResolve: Microsoft.VisualStudio.TestPlatform.Extensions.Html.TestLogger: Resolving assembly.
TpTrace Information: 0 : 15764, 1, 2022/08/03, 06:55:34.821, 1394312753389, vstest.console.dll, AssemblyResolver.OnResolve: Microsoft.VisualStudio.TestPlatform.Extensions.Html.TestLogger: Searching in: 'C:\Program Files\dotnet\sdk\6.0.301\Extensions'.
TpTrace Information: 0 : 15764, 1, 2022/08/03, 06:55:34.821, 1394312757549, vstest.console.dll, AssemblyResolver.OnResolve: Microsoft.VisualStudio.TestPlatform.Extensions.Html.TestLogger: Loading assembly 'C:\Program Files\dotnet\sdk\6.0.301\Extensions\Microsoft.VisualStudio.TestPlatform.Extensions.Html.TestLogger.dll'.
TpTrace Information: 0 : 15764, 1, 2022/08/03, 06:55:34.822, 1394312762103, vstest.console.dll, AssemblyResolver.OnResolve: Resolved assembly: Microsoft.VisualStudio.TestPlatform.Extensions.Html.TestLogger, from path: C:\Program Files\dotnet\sdk\6.0.301\Extensions\Microsoft.VisualStudio.TestPlatform.Extensions.Html.TestLogger.dll
TpTrace Verbose: 0 : 15764, 1, 2022/08/03, 06:55:34.822, 1394312762888, vstest.console.dll, MetadataReaderExtensionsHelper: Discovering extensions inside assembly 'Microsoft.VisualStudio.TestPlatform.Extensions.Html.TestLogger, Version=15.0.0.0, Culture=neutral, PublicKeyToken=b03f5f7f11d50a3a' file path 'C:\Program Files\dotnet\sdk\6.0.301\Extensions\Microsoft.VisualStudio.TestPlatform.Extensions.Html.TestLogger.dll'
TpTrace Information: 0 : 15764, 1, 2022/08/03, 06:55:34.822, 1394312770082, vstest.console.dll, AssemblyResolver.OnResolve: Microsoft.VisualStudio.TestPlatform.Extensions.Trx.TestLogger: Resolving assembly.
TpTrace Information: 0 : 15764, 1, 2022/08/03, 06:55:34.822, 1394312770665, vstest.console.dll, AssemblyResolver.OnResolve: Microsoft.VisualStudio.TestPlatform.Extensions.Trx.TestLogger: Searching in: 'C:\Program Files\dotnet\sdk\6.0.301\Extensions'.
TpTrace Information: 0 : 15764, 1, 2022/08/03, 06:55:34.823, 1394312773712, vstest.console.dll, AssemblyResolver.OnResolve: Microsoft.VisualStudio.TestPlatform.Extensions.Trx.TestLogger: Loading assembly 'C:\Program Files\dotnet\sdk\6.0.301\Extensions\Microsoft.VisualStudio.TestPlatform.Extensions.Trx.TestLogger.dll'.
TpTrace Information: 0 : 15764, 1, 2022/08/03, 06:55:34.823, 1394312778379, vstest.console.dll, AssemblyResolver.OnResolve: Resolved assembly: Microsoft.VisualStudio.TestPlatform.Extensions.Trx.TestLogger, from path: C:\Program Files\dotnet\sdk\6.0.301\Extensions\Microsoft.VisualStudio.TestPlatform.Extensions.Trx.TestLogger.dll
TpTrace Verbose: 0 : 15764, 1, 2022/08/03, 06:55:34.823, 1394312778890, vstest.console.dll, MetadataReaderExtensionsHelper: Discovering extensions inside assembly 'Microsoft.VisualStudio.TestPlatform.Extensions.Trx.TestLogger, Version=15.0.0.0, Culture=neutral, PublicKeyToken=b03f5f7f11d50a3a' file path 'C:\Program Files\dotnet\sdk\6.0.301\Extensions\Microsoft.VisualStudio.TestPlatform.Extensions.Trx.TestLogger.dll'
TpTrace Verbose: 0 : 15764, 1, 2022/08/03, 06:55:34.824, 1394312786167, vstest.console.dll, TestPluginCache: Discovered the extensions using extension path ''.
TpTrace Verbose: 0 : 15764, 1, 2022/08/03, 06:55:34.824, 1394312786581, vstest.console.dll, TestPluginCache: Discoverers are ''.
TpTrace Verbose: 0 : 15764, 1, 2022/08/03, 06:55:34.824, 1394312786727, vstest.console.dll, TestPluginCache: Executors are ''.
TpTrace Verbose: 0 : 15764, 1, 2022/08/03, 06:55:34.824, 1394312786860, vstest.console.dll, TestPluginCache: Executors2 are ''.
TpTrace Verbose: 0 : 15764, 1, 2022/08/03, 06:55:34.824, 1394312787019, vstest.console.dll, TestPluginCache: Setting providers are ''.
TpTrace Verbose: 0 : 15764, 1, 2022/08/03, 06:55:34.824, 1394312787152, vstest.console.dll, TestPluginCache: Loggers are ''.
TpTrace Verbose: 0 : 15764, 1, 2022/08/03, 06:55:34.824, 1394312788302, vstest.console.dll, TestPluginCache: TestHosts are 'HostProvider://DefaultTestHost,HostProvider://DotnetTestHost'.
TpTrace Verbose: 0 : 15764, 1, 2022/08/03, 06:55:34.824, 1394312788510, vstest.console.dll, TestPluginCache: DataCollectors are ''.
TpTrace Information: 0 : 15764, 1, 2022/08/03, 06:55:34.834, 1394312882141, vstest.console.dll, RunTestsArgumentProcessor:Execute: Test run is starting.
TpTrace Verbose: 0 : 15764, 1, 2022/08/03, 06:55:34.834, 1394312883159, vstest.console.dll, RunTestsArgumentProcessor:Execute: Queuing Test run.
TpTrace Information: 0 : 15764, 1, 2022/08/03, 06:55:34.834, 1394312885250, vstest.console.dll, TestRequestManager.RunTests: run tests started.
TpTrace Information: 0 : 15764, 1, 2022/08/03, 06:55:34.836, 1394312903349, vstest.console.dll, AssemblyMetadataProvider.GetFrameWork: Determined framework:'.NETCoreApp,Version=v5.0' for source: 'C:\Users\hp\OneDrive\Desktop\week-5-task-ogbeidebest\week-5-task-ogbeidebest\DiscoveryBank\DiscoveryBankTests\bin\Debug\net5.0\fine-code-coverage\build-output\DiscoveryBankTests.dll'
TpTrace Information: 0 : 15764, 1, 2022/08/03, 06:55:34.836, 1394312904761, vstest.console.dll, Determined framework for all sources: .NETCoreApp,Version=v5.0
TpTrace Verbose: 0 : 15764, 1, 2022/08/03, 06:55:34.836, 1394312908256, vstest.console.dll, TestRequestManager.UpdateRunSettingsIfRequired: Default architecture: X64 IsDefaultTargetArchitecture: True, Current process architecture: X64 OperatingSystem: Windows.
TpTrace Information: 0 : 15764, 1, 2022/08/03, 06:55:34.837, 1394312910854, vstest.console.dll, AssemblyMetadataProvider.GetArchitecture: Determined architecture:AnyCPU info for assembly: C:\Users\hp\OneDrive\Desktop\week-5-task-ogbeidebest\week-5-task-ogbeidebest\DiscoveryBank\DiscoveryBankTests\bin\Debug\net5.0\fine-code-coverage\build-output\DiscoveryBankTests.dll
TpTrace Information: 0 : 15764, 1, 2022/08/03, 06:55:34.837, 1394312911229, vstest.console.dll, Determined platform for source 'C:\Users\hp\OneDrive\Desktop\week-5-task-ogbeidebest\week-5-task-ogbeidebest\DiscoveryBank\DiscoveryBankTests\bin\Debug\net5.0\fine-code-coverage\build-output\DiscoveryBankTests.dll' is 'AnyCPU'
TpTrace Information: 0 : 15764, 1, 2022/08/03, 06:55:34.838, 1394312928980, vstest.console.dll, Determined platform for all sources: X64
TpTrace Information: 0 : 15764, 1, 2022/08/03, 06:55:34.838, 1394312929784, vstest.console.dll, Infered platform 'X64'.
TpTrace Information: 0 : 15764, 1, 2022/08/03, 06:55:34.838, 1394312930053, vstest.console.dll, Platform update to 'X64' required.
TpTrace Information: 0 : 15764, 1, 2022/08/03, 06:55:34.841, 1394312954781, vstest.console.dll, Compatible sources list: 
TpTrace Information: 0 : 15764, 1, 2022/08/03, 06:55:34.841, 1394312955618, vstest.console.dll, C:\Users\hp\OneDrive\Desktop\week-5-task-ogbeidebest\week-5-task-ogbeidebest\DiscoveryBank\DiscoveryBankTests\bin\Debug\net5.0\fine-code-coverage\build-output\DiscoveryBankTests.dll
TpTrace Information: 0 : 15764, 1, 2022/08/03, 06:55:34.843, 1394312977926, vstest.console.dll, InferRunSettingsHelper.IsTestSettingsEnabled: Unable to navigate to RunSettings/MSTest. Current node: RunSettings
TpTrace Information: 0 : 15764, 1, 2022/08/03, 06:55:34.844, 1394312984782, vstest.console.dll, AssemblyResolver.OnResolve: Microsoft.VisualStudio.TestPlatform.Fakes: Resolving assembly.
TpTrace Information: 0 : 15764, 1, 2022/08/03, 06:55:34.844, 1394312985386, vstest.console.dll, AssemblyResolver.OnResolve: Microsoft.VisualStudio.TestPlatform.Fakes: Searching in: 'C:\Program Files\dotnet\sdk\6.0.301\Extensions'.
TpTrace Information: 0 : 15764, 1, 2022/08/03, 06:55:34.844, 1394312986123, vstest.console.dll, AssemblyResolver.OnResolve: Microsoft.VisualStudio.TestPlatform.Fakes: Assembly path does not exist: 'C:\Program Files\dotnet\sdk\6.0.301\Extensions\Microsoft.VisualStudio.TestPlatform.Fakes.dll', returning.
TpTrace Information: 0 : 15764, 1, 2022/08/03, 06:55:34.844, 1394312986521, vstest.console.dll, AssemblyResolver.OnResolve: Microsoft.VisualStudio.TestPlatform.Fakes: Assembly path does not exist: 'C:\Program Files\dotnet\sdk\6.0.301\Extensions\Microsoft.VisualStudio.TestPlatform.Fakes.exe', returning.
TpTrace Information: 0 : 15764, 1, 2022/08/03, 06:55:34.844, 1394312986765, vstest.console.dll, AssemblyResolver.OnResolve: Microsoft.VisualStudio.TestPlatform.Fakes: Searching in: 'C:\Program Files\dotnet\sdk\6.0.301'.
TpTrace Information: 0 : 15764, 1, 2022/08/03, 06:55:34.844, 1394312987173, vstest.console.dll, AssemblyResolver.OnResolve: Microsoft.VisualStudio.TestPlatform.Fakes: Assembly path does not exist: 'C:\Program Files\dotnet\sdk\6.0.301\Microsoft.VisualStudio.TestPlatform.Fakes.dll', returning.
TpTrace Information: 0 : 15764, 1, 2022/08/03, 06:55:34.844, 1394312987511, vstest.console.dll, AssemblyResolver.OnResolve: Microsoft.VisualStudio.TestPlatform.Fakes: Assembly path does not exist: 'C:\Program Files\dotnet\sdk\6.0.301\Microsoft.VisualStudio.TestPlatform.Fakes.exe', returning.
TpTrace Information: 0 : 15764, 1, 2022/08/03, 06:55:34.844, 1394312987707, vstest.console.dll, AssemblyResolver.OnResolve: Microsoft.VisualStudio.TestPlatform.Fakes: Failed to load assembly.
TpTrace Information: 0 : 15764, 1, 2022/08/03, 06:55:34.845, 1394312991411, vstest.console.dll, Failed to load assembly Microsoft.VisualStudio.TestPlatform.Fakes, Version=17.0.0.0, Culture=neutral. Reason:System.IO.FileNotFoundException: Could not load file or assembly 'Microsoft.VisualStudio.TestPlatform.Fakes, Version=17.0.0.0, Culture=neutral, PublicKeyToken=null'. The system cannot find the file specified.
File name: 'Microsoft.VisualStudio.TestPlatform.Fakes, Version=17.0.0.0, Culture=neutral, PublicKeyToken=null'
   at System.Reflection.RuntimeAssembly.InternalLoad(ObjectHandleOnStack assemblyName, ObjectHandleOnStack requestingAssembly, StackCrawlMarkHandle stackMark, Boolean throwOnFileNotFound, ObjectHandleOnStack assemblyLoadContext, ObjectHandleOnStack retAssembly)
   at System.Reflection.RuntimeAssembly.InternalLoad(AssemblyName assemblyName, RuntimeAssembly requestingAssembly, StackCrawlMark& stackMark, Boolean throwOnFileNotFound, AssemblyLoadContext assemblyLoadContext)
   at System.Reflection.Assembly.Load(AssemblyName assemblyRef)
   at Microsoft.VisualStudio.TestPlatform.Common.Utilities.FakesUtilities.LoadTestPlatformAssembly()
TpTrace Verbose: 0 : 15764, 1, 2022/08/03, 06:55:34.849, 1394313032508, vstest.console.dll, TestPluginCache.DiscoverTestExtensions: finding test extensions in assemblies ends with: TestLogger.dll TPluginInfo: Microsoft.VisualStudio.TestPlatform.Common.ExtensionFramework.Utilities.TestLoggerPluginInformation TExtension: Microsoft.VisualStudio.TestPlatform.ObjectModel.Client.ITestLogger
TpTrace Verbose: 0 : 15764, 1, 2022/08/03, 06:55:34.849, 1394313033671, vstest.console.dll, TestPluginCache.GetExtensionPaths: Filtered extension paths: 
TpTrace Verbose: 0 : 15764, 1, 2022/08/03, 06:55:34.849, 1394313033921, vstest.console.dll, TestPluginCache.GetExtensionPaths: Added default extension paths: C:\Program Files\dotnet\sdk\6.0.301\Extensions\DumpMinitool.exe
C:\Program Files\dotnet\sdk\6.0.301\Extensions\DumpMinitool.x86.exe
C:\Program Files\dotnet\sdk\6.0.301\Extensions\Microsoft.Diagnostics.NETCore.Client.dll
C:\Program Files\dotnet\sdk\6.0.301\Extensions\Microsoft.TestPlatform.Extensions.BlameDataCollector.dll
C:\Program Files\dotnet\sdk\6.0.301\Extensions\Microsoft.TestPlatform.Extensions.EventLogCollector.dll
C:\Program Files\dotnet\sdk\6.0.301\Extensions\Microsoft.TestPlatform.TestHostRuntimeProvider.dll
C:\Program Files\dotnet\sdk\6.0.301\Extensions\Microsoft.VisualStudio.TestPlatform.Extensions.Html.TestLogger.dll
C:\Program Files\dotnet\sdk\6.0.301\Extensions\Microsoft.VisualStudio.TestPlatform.Extensions.Trx.TestLogger.dll
TpTrace Verbose: 0 : 15764, 1, 2022/08/03, 06:55:34.849, 1394313034203, vstest.console.dll, TestPluginCache.GetExtensionPaths: Added unfilterableExtensionPaths: 
TpTrace Information: 0 : 15764, 1, 2022/08/03, 06:55:34.849, 1394313035456, vstest.console.dll, AssemblyResolver.AddSearchDirectories: Adding more searchDirectories C:\Program Files\dotnet\sdk\6.0.301\Extensions,C:\Program Files\dotnet\sdk\6.0.301
TpTrace Verbose: 0 : 15764, 1, 2022/08/03, 06:55:34.849, 1394313035892, vstest.console.dll, TestPluginCache.DiscoverTestExtensions: Discovering the extensions using extension path.
TpTrace Verbose: 0 : 15764, 1, 2022/08/03, 06:55:34.849, 1394313036143, vstest.console.dll, TestPluginCache.GetExtensionPaths: Filtered extension paths: 
TpTrace Verbose: 0 : 15764, 1, 2022/08/03, 06:55:34.849, 1394313036340, vstest.console.dll, TestPluginCache.GetExtensionPaths: Added default extension paths: C:\Program Files\dotnet\sdk\6.0.301\Extensions\DumpMinitool.exe
C:\Program Files\dotnet\sdk\6.0.301\Extensions\DumpMinitool.x86.exe
C:\Program Files\dotnet\sdk\6.0.301\Extensions\Microsoft.Diagnostics.NETCore.Client.dll
C:\Program Files\dotnet\sdk\6.0.301\Extensions\Microsoft.TestPlatform.Extensions.BlameDataCollector.dll
C:\Program Files\dotnet\sdk\6.0.301\Extensions\Microsoft.TestPlatform.Extensions.EventLogCollector.dll
C:\Program Files\dotnet\sdk\6.0.301\Extensions\Microsoft.TestPlatform.TestHostRuntimeProvider.dll
C:\Program Files\dotnet\sdk\6.0.301\Extensions\Microsoft.VisualStudio.TestPlatform.Extensions.Html.TestLogger.dll
C:\Program Files\dotnet\sdk\6.0.301\Extensions\Microsoft.VisualStudio.TestPlatform.Extensions.Trx.TestLogger.dll
TpTrace Verbose: 0 : 15764, 1, 2022/08/03, 06:55:34.849, 1394313036621, vstest.console.dll, TestPluginCache.GetExtensionPaths: Added unfilterableExtensionPaths: 
TpTrace Verbose: 0 : 15764, 1, 2022/08/03, 06:55:34.849, 1394313036849, vstest.console.dll, TestPluginCache.DiscoverTestExtensions: Discovering the extensions using allExtensionPaths: C:\Program Files\dotnet\sdk\6.0.301\Extensions\DumpMinitool.exe
C:\Program Files\dotnet\sdk\6.0.301\Extensions\DumpMinitool.x86.exe
C:\Program Files\dotnet\sdk\6.0.301\Extensions\Microsoft.Diagnostics.NETCore.Client.dll
C:\Program Files\dotnet\sdk\6.0.301\Extensions\Microsoft.TestPlatform.Extensions.BlameDataCollector.dll
C:\Program Files\dotnet\sdk\6.0.301\Extensions\Microsoft.TestPlatform.Extensions.EventLogCollector.dll
C:\Program Files\dotnet\sdk\6.0.301\Extensions\Microsoft.TestPlatform.TestHostRuntimeProvider.dll
C:\Program Files\dotnet\sdk\6.0.301\Extensions\Microsoft.VisualStudio.TestPlatform.Extensions.Html.TestLogger.dll
C:\Program Files\dotnet\sdk\6.0.301\Extensions\Microsoft.VisualStudio.TestPlatform.Extensions.Trx.TestLogger.dll
TpTrace Information: 0 : 15764, 1, 2022/08/03, 06:55:34.849, 1394313037210, vstest.console.dll, AssemblyResolver.AddSearchDirectories: Adding more searchDirectories C:\Program Files\dotnet\sdk\6.0.301\Extensions,C:\Program Files\dotnet\sdk\6.0.301
TpTrace Information: 0 : 15764, 1, 2022/08/03, 06:55:34.849, 1394313037425, vstest.console.dll, AssemblyResolver.AddSearchDirectories: Adding more searchDirectories C:\Program Files\dotnet\sdk\6.0.301\Extensions,C:\Program Files\dotnet\sdk\6.0.301
TpTrace Information: 0 : 15764, 1, 2022/08/03, 06:55:34.849, 1394313037660, vstest.console.dll, AssemblyResolver.AddSearchDirectories: Adding more searchDirectories C:\Program Files\dotnet\sdk\6.0.301\Extensions,C:\Program Files\dotnet\sdk\6.0.301
TpTrace Information: 0 : 15764, 1, 2022/08/03, 06:55:34.849, 1394313037858, vstest.console.dll, AssemblyResolver.AddSearchDirectories: Adding more searchDirectories C:\Program Files\dotnet\sdk\6.0.301\Extensions,C:\Program Files\dotnet\sdk\6.0.301
TpTrace Information: 0 : 15764, 1, 2022/08/03, 06:55:34.849, 1394313038074, vstest.console.dll, AssemblyResolver.AddSearchDirectories: Adding more searchDirectories C:\Program Files\dotnet\sdk\6.0.301\Extensions,C:\Program Files\dotnet\sdk\6.0.301
TpTrace Information: 0 : 15764, 1, 2022/08/03, 06:55:34.849, 1394313038303, vstest.console.dll, AssemblyResolver.AddSearchDirectories: Adding more searchDirectories C:\Program Files\dotnet\sdk\6.0.301\Extensions,C:\Program Files\dotnet\sdk\6.0.301
TpTrace Information: 0 : 15764, 1, 2022/08/03, 06:55:34.849, 1394313038503, vstest.console.dll, AssemblyResolver.AddSearchDirectories: Adding more searchDirectories C:\Program Files\dotnet\sdk\6.0.301\Extensions,C:\Program Files\dotnet\sdk\6.0.301
TpTrace Information: 0 : 15764, 1, 2022/08/03, 06:55:34.849, 1394313038700, vstest.console.dll, AssemblyResolver.AddSearchDirectories: Adding more searchDirectories C:\Program Files\dotnet\sdk\6.0.301\Extensions,C:\Program Files\dotnet\sdk\6.0.301
TpTrace Verbose: 0 : 15764, 1, 2022/08/03, 06:55:34.849, 1394313039978, vstest.console.dll, MetadataReaderExtensionsHelper: Discovering extensions inside assembly 'DumpMinitool, Version=15.0.0.0, Culture=neutral, PublicKeyToken=b03f5f7f11d50a3a' file path 'C:\Program Files\dotnet\sdk\6.0.301\Extensions\DumpMinitool.exe'
TpTrace Verbose: 0 : 15764, 1, 2022/08/03, 06:55:34.850, 1394313046152, vstest.console.dll, MetadataReaderExtensionsHelper: Discovering extensions inside assembly 'DumpMinitool.x86, Version=15.0.0.0, Culture=neutral, PublicKeyToken=b03f5f7f11d50a3a' file path 'C:\Program Files\dotnet\sdk\6.0.301\Extensions\DumpMinitool.x86.exe'
TpTrace Verbose: 0 : 15764, 1, 2022/08/03, 06:55:34.850, 1394313050194, vstest.console.dll, MetadataReaderExtensionsHelper: Discovering extensions inside assembly 'Microsoft.Diagnostics.NETCore.Client, Version=0.2.5.801, Culture=neutral, PublicKeyToken=31bf3856ad364e35' file path 'C:\Program Files\dotnet\sdk\6.0.301\Extensions\Microsoft.Diagnostics.NETCore.Client.dll'
TpTrace Information: 0 : 15764, 1, 2022/08/03, 06:55:34.851, 1394313054110, vstest.console.dll, AssemblyResolver.OnResolve: Microsoft.Bcl.AsyncInterfaces: Resolving assembly.
TpTrace Information: 0 : 15764, 1, 2022/08/03, 06:55:34.851, 1394313054490, vstest.console.dll, AssemblyResolver.OnResolve: Microsoft.Bcl.AsyncInterfaces: Resolved from cache.
TpTrace Verbose: 0 : 15764, 1, 2022/08/03, 06:55:34.851, 1394313054730, vstest.console.dll, CurrentDomainAssemblyResolve: Resolving assembly 'Microsoft.Bcl.AsyncInterfaces'.
TpTrace Information: 0 : 15764, 1, 2022/08/03, 06:55:34.851, 1394313055057, vstest.console.dll, AssemblyResolver.OnResolve: Microsoft.Bcl.AsyncInterfaces: Resolving assembly.
TpTrace Information: 0 : 15764, 1, 2022/08/03, 06:55:34.851, 1394313055253, vstest.console.dll, AssemblyResolver.OnResolve: Microsoft.Bcl.AsyncInterfaces: Resolved from cache.
TpTrace Verbose: 0 : 15764, 1, 2022/08/03, 06:55:34.851, 1394313055482, vstest.console.dll, CurrentDomainAssemblyResolve: Resolving assembly 'Microsoft.Bcl.AsyncInterfaces'.
TpTrace Verbose: 0 : 15764, 1, 2022/08/03, 06:55:34.851, 1394313055663, vstest.console.dll, CurrentDomainAssemblyResolve: Failed to resolve assembly 'Microsoft.Bcl.AsyncInterfaces'.
TpTrace Verbose: 0 : 15764, 1, 2022/08/03, 06:55:34.851, 1394313056972, vstest.console.dll, CurrentDomainAssemblyResolve: Failed to resolve assembly 'Microsoft.Bcl.AsyncInterfaces'.
TpTrace Warning: 0 : 15764, 1, 2022/08/03, 06:55:34.851, 1394313060024, vstest.console.dll, TestPluginDiscoverer: Failed to get types from assembly 'Microsoft.Diagnostics.NETCore.Client, Version=0.2.5.801, Culture=neutral, PublicKeyToken=31bf3856ad364e35'. Error: System.Reflection.ReflectionTypeLoadException: Unable to load one or more of the requested types.
Could not load file or assembly 'Microsoft.Bcl.AsyncInterfaces, Version=1.0.0.0, Culture=neutral, PublicKeyToken=cc7b13ffcd2ddd51'. The system cannot find the file specified.
   at System.Reflection.RuntimeModule.GetTypes(RuntimeModule module)
   at System.Reflection.Assembly.GetTypes()
   at Microsoft.VisualStudio.TestPlatform.Common.ExtensionFramework.TestPluginDiscoverer.GetTestExtensionsFromAssembly[TPluginInfo,TExtension](Assembly assembly, Dictionary`2 pluginInfos, String filePath)
System.IO.FileNotFoundException: Could not load file or assembly 'Microsoft.Bcl.AsyncInterfaces, Version=1.0.0.0, Culture=neutral, PublicKeyToken=cc7b13ffcd2ddd51'. The system cannot find the file specified.
File name: 'Microsoft.Bcl.AsyncInterfaces, Version=1.0.0.0, Culture=neutral, PublicKeyToken=cc7b13ffcd2ddd51'
 ---> System.IO.FileNotFoundException: Could not load file or assembly 'Microsoft.Bcl.AsyncInterfaces, Culture=neutral, PublicKeyToken=null'. The system cannot find the file specified.
File name: 'Microsoft.Bcl.AsyncInterfaces, Culture=neutral, PublicKeyToken=null'
   at System.Reflection.RuntimeAssembly.InternalLoad(ObjectHandleOnStack assemblyName, ObjectHandleOnStack requestingAssembly, StackCrawlMarkHandle stackMark, Boolean throwOnFileNotFound, ObjectHandleOnStack assemblyLoadContext, ObjectHandleOnStack retAssembly)
   at System.Reflection.RuntimeAssembly.InternalLoad(AssemblyName assemblyName, RuntimeAssembly requestingAssembly, StackCrawlMark& stackMark, Boolean throwOnFileNotFound, AssemblyLoadContext assemblyLoadContext)
   at System.Reflection.Assembly.Load(AssemblyName assemblyRef)
   at Microsoft.VisualStudio.TestPlatform.Common.ExtensionFramework.TestPluginCache.CurrentDomainAssemblyResolve(Object sender, AssemblyResolveEventArgs args)
   at Microsoft.VisualStudio.TestPlatform.PlatformAbstractions.PlatformAssemblyResolver.AssemblyResolverEvent(Object sender, Object eventArgs)
   at System.Runtime.Loader.AssemblyLoadContext.GetFirstResolvedAssemblyFromResolvingEvent(AssemblyName assemblyName)
   at System.Runtime.Loader.AssemblyLoadContext.ResolveUsingEvent(AssemblyName assemblyName)
   at System.Runtime.Loader.AssemblyLoadContext.ResolveUsingResolvingEvent(IntPtr gchManagedAssemblyLoadContext, AssemblyName assemblyName)
TpTrace Warning: 0 : 15764, 1, 2022/08/03, 06:55:34.852, 1394313061390, vstest.console.dll, LoaderExceptions: System.IO.FileNotFoundException: Could not load file or assembly 'Microsoft.Bcl.AsyncInterfaces, Version=1.0.0.0, Culture=neutral, PublicKeyToken=cc7b13ffcd2ddd51'. The system cannot find the file specified.
File name: 'Microsoft.Bcl.AsyncInterfaces, Version=1.0.0.0, Culture=neutral, PublicKeyToken=cc7b13ffcd2ddd51'
 ---> System.IO.FileNotFoundException: Could not load file or assembly 'Microsoft.Bcl.AsyncInterfaces, Culture=neutral, PublicKeyToken=null'. The system cannot find the file specified.
File name: 'Microsoft.Bcl.AsyncInterfaces, Culture=neutral, PublicKeyToken=null'
   at System.Reflection.RuntimeAssembly.InternalLoad(ObjectHandleOnStack assemblyName, ObjectHandleOnStack requestingAssembly, StackCrawlMarkHandle stackMark, Boolean throwOnFileNotFound, ObjectHandleOnStack assemblyLoadContext, ObjectHandleOnStack retAssembly)
   at System.Reflection.RuntimeAssembly.InternalLoad(AssemblyName assemblyName, RuntimeAssembly requestingAssembly, StackCrawlMark& stackMark, Boolean throwOnFileNotFound, AssemblyLoadContext assemblyLoadContext)
   at System.Reflection.Assembly.Load(AssemblyName assemblyRef)
   at Microsoft.VisualStudio.TestPlatform.Common.ExtensionFramework.TestPluginCache.CurrentDomainAssemblyResolve(Object sender, AssemblyResolveEventArgs args)
   at Microsoft.VisualStudio.TestPlatform.PlatformAbstractions.PlatformAssemblyResolver.AssemblyResolverEvent(Object sender, Object eventArgs)
   at System.Runtime.Loader.AssemblyLoadContext.GetFirstResolvedAssemblyFromResolvingEvent(AssemblyName assemblyName)
   at System.Runtime.Loader.AssemblyLoadContext.ResolveUsingEvent(AssemblyName assemblyName)
   at System.Runtime.Loader.AssemblyLoadContext.ResolveUsingResolvingEvent(IntPtr gchManagedAssemblyLoadContext, AssemblyName assemblyName)
TpTrace Verbose: 0 : 15764, 1, 2022/08/03, 06:55:34.852, 1394313061978, vstest.console.dll, MetadataReaderExtensionsHelper: Discovering extensions inside assembly 'Microsoft.TestPlatform.Extensions.BlameDataCollector, Version=15.0.0.0, Culture=neutral, PublicKeyToken=b03f5f7f11d50a3a' file path 'C:\Program Files\dotnet\sdk\6.0.301\Extensions\Microsoft.TestPlatform.Extensions.BlameDataCollector.dll'
TpTrace Information: 0 : 15764, 1, 2022/08/03, 06:55:34.852, 1394313066528, vstest.console.dll, GetTestExtensionFromType: Register extension with identifier data 'logger://Microsoft/TestPlatform/Extensions/Blame/v1' and type 'Microsoft.TestPlatform.Extensions.BlameDataCollector.BlameLogger, Microsoft.TestPlatform.Extensions.BlameDataCollector, Version=15.0.0.0, Culture=neutral, PublicKeyToken=b03f5f7f11d50a3a' inside file 'C:\Program Files\dotnet\sdk\6.0.301\Extensions\Microsoft.TestPlatform.Extensions.BlameDataCollector.dll'
TpTrace Verbose: 0 : 15764, 1, 2022/08/03, 06:55:34.852, 1394313067128, vstest.console.dll, MetadataReaderExtensionsHelper: Discovering extensions inside assembly 'Microsoft.TestPlatform.Extensions.EventLogCollector, Version=15.0.0.0, Culture=neutral, PublicKeyToken=b03f5f7f11d50a3a' file path 'C:\Program Files\dotnet\sdk\6.0.301\Extensions\Microsoft.TestPlatform.Extensions.EventLogCollector.dll'
TpTrace Verbose: 0 : 15764, 1, 2022/08/03, 06:55:34.852, 1394313070677, vstest.console.dll, MetadataReaderExtensionsHelper: Discovering extensions inside assembly 'Microsoft.TestPlatform.TestHostRuntimeProvider, Version=15.0.0.0, Culture=neutral, PublicKeyToken=b03f5f7f11d50a3a' file path 'C:\Program Files\dotnet\sdk\6.0.301\Extensions\Microsoft.TestPlatform.TestHostRuntimeProvider.dll'
TpTrace Verbose: 0 : 15764, 1, 2022/08/03, 06:55:34.853, 1394313073607, vstest.console.dll, MetadataReaderExtensionsHelper: Discovering extensions inside assembly 'Microsoft.VisualStudio.TestPlatform.Extensions.Html.TestLogger, Version=15.0.0.0, Culture=neutral, PublicKeyToken=b03f5f7f11d50a3a' file path 'C:\Program Files\dotnet\sdk\6.0.301\Extensions\Microsoft.VisualStudio.TestPlatform.Extensions.Html.TestLogger.dll'
TpTrace Information: 0 : 15764, 1, 2022/08/03, 06:55:34.853, 1394313076492, vstest.console.dll, GetTestExtensionFromType: Register extension with identifier data 'logger://Microsoft/TestPlatform/HtmlLogger/v1' and type 'Microsoft.VisualStudio.TestPlatform.Extensions.HtmlLogger.HtmlLogger, Microsoft.VisualStudio.TestPlatform.Extensions.Html.TestLogger, Version=15.0.0.0, Culture=neutral, PublicKeyToken=b03f5f7f11d50a3a' inside file 'C:\Program Files\dotnet\sdk\6.0.301\Extensions\Microsoft.VisualStudio.TestPlatform.Extensions.Html.TestLogger.dll'
TpTrace Verbose: 0 : 15764, 1, 2022/08/03, 06:55:34.853, 1394313077024, vstest.console.dll, MetadataReaderExtensionsHelper: Discovering extensions inside assembly 'Microsoft.VisualStudio.TestPlatform.Extensions.Trx.TestLogger, Version=15.0.0.0, Culture=neutral, PublicKeyToken=b03f5f7f11d50a3a' file path 'C:\Program Files\dotnet\sdk\6.0.301\Extensions\Microsoft.VisualStudio.TestPlatform.Extensions.Trx.TestLogger.dll'
TpTrace Information: 0 : 15764, 1, 2022/08/03, 06:55:34.853, 1394313079851, vstest.console.dll, GetTestExtensionFromType: Register extension with identifier data 'logger://Microsoft/TestPlatform/TrxLogger/v1' and type 'Microsoft.VisualStudio.TestPlatform.Extensions.TrxLogger.TrxLogger, Microsoft.VisualStudio.TestPlatform.Extensions.Trx.TestLogger, Version=15.0.0.0, Culture=neutral, PublicKeyToken=b03f5f7f11d50a3a' inside file 'C:\Program Files\dotnet\sdk\6.0.301\Extensions\Microsoft.VisualStudio.TestPlatform.Extensions.Trx.TestLogger.dll'
TpTrace Verbose: 0 : 15764, 1, 2022/08/03, 06:55:34.853, 1394313080418, vstest.console.dll, TestPluginCache: Discovered the extensions using extension path ''.
TpTrace Verbose: 0 : 15764, 1, 2022/08/03, 06:55:34.853, 1394313080686, vstest.console.dll, TestPluginCache: Discoverers are ''.
TpTrace Verbose: 0 : 15764, 1, 2022/08/03, 06:55:34.854, 1394313080861, vstest.console.dll, TestPluginCache: Executors are ''.
TpTrace Verbose: 0 : 15764, 1, 2022/08/03, 06:55:34.854, 1394313081031, vstest.console.dll, TestPluginCache: Executors2 are ''.
TpTrace Verbose: 0 : 15764, 1, 2022/08/03, 06:55:34.854, 1394313081200, vstest.console.dll, TestPluginCache: Setting providers are ''.
TpTrace Verbose: 0 : 15764, 1, 2022/08/03, 06:55:34.854, 1394313081805, vstest.console.dll, TestPluginCache: Loggers are 'logger://Microsoft/TestPlatform/Extensions/Blame/v1,logger://Microsoft/TestPlatform/HtmlLogger/v1,logger://Microsoft/TestPlatform/TrxLogger/v1'.
TpTrace Verbose: 0 : 15764, 1, 2022/08/03, 06:55:34.854, 1394313082154, vstest.console.dll, TestPluginCache: TestHosts are 'HostProvider://DefaultTestHost,HostProvider://DotnetTestHost'.
TpTrace Verbose: 0 : 15764, 1, 2022/08/03, 06:55:34.854, 1394313082389, vstest.console.dll, TestPluginCache: DataCollectors are ''.
TpTrace Information: 0 : 15764, 1, 2022/08/03, 06:55:34.854, 1394313088895, vstest.console.dll, TestPluginManager.CreateTestExtension: Attempting to load test extension: Microsoft.TestPlatform.Extensions.BlameDataCollector.BlameLogger
TpTrace Information: 0 : 15764, 1, 2022/08/03, 06:55:34.859, 1394313134039, vstest.console.dll, TestPluginManager.CreateTestExtension: Attempting to load test extension: Microsoft.VisualStudio.TestPlatform.CrossPlatEngine.Hosting.DefaultTestHostManager
TpTrace Information: 0 : 15764, 1, 2022/08/03, 06:55:34.859, 1394313140738, vstest.console.dll, TestPluginManager.CreateTestExtension: Attempting to load test extension: Microsoft.VisualStudio.TestPlatform.CrossPlatEngine.Hosting.DotnetTestHostManager
TpTrace Verbose: 0 : 15764, 1, 2022/08/03, 06:55:34.860, 1394313148852, vstest.console.dll, TestEngine: Initializing Parallel Execution as MaxCpuCount is set to: 1
TpTrace Information: 0 : 15764, 1, 2022/08/03, 06:55:34.861, 1394313156250, vstest.console.dll, InferRunSettingsHelper.IsTestSettingsEnabled: Unable to navigate to RunSettings/MSTest. Current node: RunSettings
TpTrace Verbose: 0 : 15764, 1, 2022/08/03, 06:55:34.862, 1394313168502, vstest.console.dll, TestRequestSender is acting as server.
TpTrace Verbose: 0 : 15764, 1, 2022/08/03, 06:55:34.863, 1394313179404, vstest.console.dll, TestEngine.GetExecutionManager: Chosen execution manager 'Microsoft.VisualStudio.TestPlatform.CrossPlatEngine.Client.Parallel.ParallelProxyExecutionManager, Microsoft.TestPlatform.CrossPlatEngine, Version=15.0.0.0, Culture=neutral, PublicKeyToken=b03f5f7f11d50a3a' ParallelLevel '1' Shared host 'False'
TpTrace Verbose: 0 : 15764, 5, 2022/08/03, 06:55:34.866, 1394313206203, vstest.console.dll, DataCollectionRequestSender.InitializeCommunication : Initialize communication. 
TpTrace Information: 0 : 15764, 5, 2022/08/03, 06:55:34.871, 1394313253762, vstest.console.dll, Listening on Endpoint : 127.0.0.1:52235
TpTrace Verbose: 0 : 15764, 5, 2022/08/03, 06:55:34.877, 1394313317587, vstest.console.dll, DotnetDataCollectionLauncher: Full path of dotnet.exe is C:\Program Files\dotnet\dotnet.exe
TpTrace Verbose: 0 : 15764, 5, 2022/08/03, 06:55:34.877, 1394313319179, vstest.console.dll, DotnetDataCollectionLauncher: Adding  --runtimeconfig "C:\Program Files\dotnet\sdk\6.0.301\datacollector.runtimeconfig.json" in args
TpTrace Verbose: 0 : 15764, 5, 2022/08/03, 06:55:34.877, 1394313319703, vstest.console.dll, DotnetDataCollectionLauncher: Adding  --depsfile "C:\Program Files\dotnet\sdk\6.0.301\datacollector.deps.json" in args
TpTrace Information: 0 : 15764, 5, 2022/08/03, 06:55:34.885, 1394313398834, vstest.console.dll, ProxyDataCollectionManager.Initialize: Launched datacollector processId: 17200 port: 52235
TpTrace Information: 0 : 15764, 5, 2022/08/03, 06:55:34.885, 1394313400644, vstest.console.dll, ProxyDataCollectionManager.Initialize: waiting for connection with timeout: 90 seconds
TpTrace Verbose: 0 : 15764, 5, 2022/08/03, 06:55:34.886, 1394313401229, vstest.console.dll, DataCollectionRequestSender.WaitForRequestHandlerConnection : Waiting for connection with timeout: 90000
TpTrace Information: 0 : 15764, 8, 2022/08/03, 06:55:34.999, 1394314535592, vstest.console.dll, Using the buffer size of 16384 bytes
TpTrace Verbose: 0 : 15764, 5, 2022/08/03, 06:55:34.999, 1394314536367, vstest.console.dll, SocketCommunicationManager.WaitForClientConnection took: 113 ms, with 90000 ms timeout, and finished with True.
TpTrace Information: 0 : 15764, 8, 2022/08/03, 06:55:34.999, 1394314537127, vstest.console.dll, Accepted Client request and set the flag
TpTrace Verbose: 0 : 15764, 5, 2022/08/03, 06:55:34.999, 1394314538632, vstest.console.dll, ProxyDataCollectionManager.InvokeDataCollectionServiceAction: Starting.
TpTrace Information: 0 : 15764, 5, 2022/08/03, 06:55:34.999, 1394314539609, vstest.console.dll, ProxyDataCollectionManager.BeforeTestRunStart: Get environment variable and port for datacollector processId: 17200 port: 52235
TpTrace Verbose: 0 : 15764, 5, 2022/08/03, 06:55:34.999, 1394314540706, vstest.console.dll, DataCollectionRequestSender.SendBeforeTestRunStartAndGetResult: Send BeforeTestRunStart message with settingsXml <RunSettings><RunConfiguration><ResultsDirectory>C:\Users\hp\OneDrive\Desktop\week-5-task-ogbeidebest\week-5-task-ogbeidebest\DiscoveryBank\DiscoveryBankTests\bin\Debug\net5.0\fine-code-coverage\coverage-tool-output</ResultsDirectory><TargetPlatform>X64</TargetPlatform><TargetFrameworkVersion>.NETCoreApp,Version=v5.0</TargetFrameworkVersion><DesignMode>False</DesignMode><CollectSourceInformation>False</CollectSourceInformation><TestAdaptersPaths>C:\Program Files\dotnet\sdk\6.0.301\Extensions</TestAdaptersPaths></RunConfiguration><LoggerRunSettings><Loggers><Logger friendlyName="blame" enabled="True" /><Logger friendlyName="Console" uri="logger://microsoft/TestPlatform/ConsoleLogger/v1" assemblyQualifiedName="Microsoft.VisualStudio.TestPlatform.CommandLine.Internal.ConsoleLogger, vstest.console, Version=15.0.0.0, Culture=neutral, PublicKeyToken=b03f5f7f11d50a3a" codeBase="C:\Program Files\dotnet\sdk\6.0.301\vstest.console.dll" enabled="True" /></Loggers></LoggerRunSettings><DataCollectionRunSettings><DataCollectors><DataCollector friendlyName="blame" enabled="True"><Configuration><ResultsDirectory>C:\Users\hp\OneDrive\Desktop\week-5-task-ogbeidebest\week-5-task-ogbeidebest\DiscoveryBank\DiscoveryBankTests\bin\Debug\net5.0\fine-code-coverage\coverage-tool-output</ResultsDirectory></Configuration></DataCollector></DataCollectors></DataCollectionRunSettings></RunSettings> and sources System.Linq.Enumerable+Concat2Iterator`1[System.String]: 
TpTrace Verbose: 0 : 15764, 5, 2022/08/03, 06:55:35.077, 1394315311507, vstest.console.dll, DataCollectionRequestSender.SendBeforeTestRunStartAndGetResult: Received message: (DataCollection.SendMessage) -> {
  "FriendlyName": null,
  "Uri": null,
  "TestCaseId": "00000000-0000-0000-0000-000000000000",
  "Message": "Logging DataCollector Diagnostics in file: C:\\Users\\hp\\OneDrive\\Desktop\\week-5-task-ogbeidebest\\week-5-task-ogbeidebest\\DiscoveryBank\\DiscoveryBankTests\\bin\\Debug\\net5.0\\fine-code-coverage\\coverage-tool-output\\diagnostics.datacollector.22-08-03_06-55-34_87742_5.log",
  "Level": 0
}
TpTrace Verbose: 0 : 15764, 5, 2022/08/03, 06:55:35.150, 1394316048989, vstest.console.dll, DataCollectionRequestSender.SendBeforeTestRunStartAndGetResult: Received message: (DataCollection.BeforeTestRunStartResult) -> {
  "EnvironmentVariables": {},
  "DataCollectionEventsPort": 52237
}
TpTrace Information: 0 : 15764, 5, 2022/08/03, 06:55:35.156, 1394316102831, vstest.console.dll, ProxyDataCollectionManager.BeforeTestRunStart: SendBeforeTestRunStartAndGetResult successful, env variable from datacollector:   and testhost port: 52237
TpTrace Information: 0 : 15764, 5, 2022/08/03, 06:55:35.156, 1394316103786, vstest.console.dll, ProxyDataCollectionManager.InvokeDataCollectionServiceAction: Completed.
TpTrace Verbose: 0 : 15764, 1, 2022/08/03, 06:55:35.156, 1394316104975, vstest.console.dll, TestRunRequest.ExecuteAsync: Creating test run request.
TpTrace Verbose: 0 : 15764, 1, 2022/08/03, 06:55:35.156, 1394316108038, vstest.console.dll, TestRunRequest.ExecuteAsync: Starting.
TpTrace Information: 0 : 15764, 1, 2022/08/03, 06:55:35.157, 1394316112263, vstest.console.dll, TestRunRequest.ExecuteAsync: Starting run with settings:TestRunCriteria:
   KeepAlive=False,FrequencyOfRunStatsChangeEvent=10,RunStatsChangeEventTimeout=00:00:01.5000000,TestCaseFilter=,TestExecutorLauncher=
   Settingsxml=<RunSettings>
  <RunConfiguration>
    <ResultsDirectory>C:\Users\hp\OneDrive\Desktop\week-5-task-ogbeidebest\week-5-task-ogbeidebest\DiscoveryBank\DiscoveryBankTests\bin\Debug\net5.0\fine-code-coverage\coverage-tool-output</ResultsDirectory>
    <TargetPlatform>X64</TargetPlatform>
    <TargetFrameworkVersion>.NETCoreApp,Version=v5.0</TargetFrameworkVersion>
    <DesignMode>False</DesignMode>
    <CollectSourceInformation>False</CollectSourceInformation>
  </RunConfiguration>
  <LoggerRunSettings>
    <Loggers>
      <Logger friendlyName="blame" enabled="True" />
      <Logger friendlyName="Console" uri="logger://microsoft/TestPlatform/ConsoleLogger/v1" assemblyQualifiedName="Microsoft.VisualStudio.TestPlatform.CommandLine.Internal.ConsoleLogger, vstest.console, Version=15.0.0.0, Culture=neutral, PublicKeyToken=b03f5f7f11d50a3a" codeBase="C:\Program Files\dotnet\sdk\6.0.301\vstest.console.dll" enabled="True" />
    </Loggers>
  </LoggerRunSettings>
  <DataCollectionRunSettings>
    <DataCollectors>
      <DataCollector friendlyName="blame" enabled="True">
        <Configuration>
          <ResultsDirectory>C:\Users\hp\OneDrive\Desktop\week-5-task-ogbeidebest\week-5-task-ogbeidebest\DiscoveryBank\DiscoveryBankTests\bin\Debug\net5.0\fine-code-coverage\coverage-tool-output</ResultsDirectory>
        </Configuration>
      </DataCollector>
    </DataCollectors>
  </DataCollectionRunSettings>
</RunSettings>

TpTrace Verbose: 0 : 15764, 1, 2022/08/03, 06:55:35.157, 1394316112709, vstest.console.dll, TestRunRequest.ExecuteAsync: Wait for the first run request is over.
TpTrace Verbose: 0 : 15764, 1, 2022/08/03, 06:55:35.157, 1394316115921, vstest.console.dll, MulticastDelegateUtilities.SafeInvoke: TestRun.TestRunStart: Invoking callbacks was skipped because there are no subscribers.
TpTrace Verbose: 0 : 15764, 1, 2022/08/03, 06:55:35.157, 1394316118388, vstest.console.dll, ParallelProxyExecutionManager: Start execution. Total sources: 1
TpTrace Verbose: 0 : 15764, 4, 2022/08/03, 06:55:35.157, 1394316119398, vstest.console.dll, MulticastDelegateUtilities.SafeInvoke: InternalTestLoggerEvents.SendTestRunStart: Invoking callback 1/1 for Microsoft.VisualStudio.TestPlatform.CommandLine.Internal.ConsoleLogger.TestRunStartHandler, took 0 ms.
TpTrace Information: 0 : 15764, 1, 2022/08/03, 06:55:35.158, 1394316125740, vstest.console.dll, ProxyParallelExecutionManager: Triggering test run for next source: C:\Users\hp\OneDrive\Desktop\week-5-task-ogbeidebest\week-5-task-ogbeidebest\DiscoveryBank\DiscoveryBankTests\bin\Debug\net5.0\fine-code-coverage\build-output\DiscoveryBankTests.dll
TpTrace Verbose: 0 : 15764, 1, 2022/08/03, 06:55:35.158, 1394316127503, vstest.console.dll, ProxyParallelExecutionManager: No sources available for execution.
TpTrace Verbose: 0 : 15764, 5, 2022/08/03, 06:55:35.158, 1394316127854, vstest.console.dll, ParallelProxyExecutionManager: Execution started. Started clients: 1
TpTrace Information: 0 : 15764, 1, 2022/08/03, 06:55:35.158, 1394316128081, vstest.console.dll, TestRunRequest.ExecuteAsync: Started.
TpTrace Verbose: 0 : 15764, 1, 2022/08/03, 06:55:35.158, 1394316130130, vstest.console.dll, TestRunRequest.WaitForCompletion: Waiting with timeout -1.
TpTrace Verbose: 0 : 15764, 5, 2022/08/03, 06:55:35.158, 1394316130554, vstest.console.dll, TestRunRequest:SendTestRunMessage: Starting.
TpTrace Verbose: 0 : 15764, 5, 2022/08/03, 06:55:35.159, 1394316132510, vstest.console.dll, MulticastDelegateUtilities.SafeInvoke: TestRun.LogMessages: Invoking callback 1/1 for Microsoft.VisualStudio.TestPlatform.CommandLine.TestRunResultAggregator.TestRunMessageHandler, took 0 ms.
TpTrace Information: 0 : 15764, 5, 2022/08/03, 06:55:35.159, 1394316132725, vstest.console.dll, TestRunRequest:SendTestRunMessage: Completed.
TpTrace Verbose: 0 : 15764, 4, 2022/08/03, 06:55:35.159, 1394316133082, vstest.console.dll, MulticastDelegateUtilities.SafeInvoke: InternalTestLoggerEvents.SendTestRunMessage: Invoking callback 1/1 for Microsoft.VisualStudio.TestPlatform.CommandLine.Internal.ConsoleLogger.TestMessageHandler, took 0 ms.
TpTrace Verbose: 0 : 15764, 5, 2022/08/03, 06:55:35.159, 1394316136605, vstest.console.dll, ProxyExecutionManager: Test host is always Lazy initialize.
TpTrace Verbose: 0 : 15764, 5, 2022/08/03, 06:55:35.159, 1394316138649, vstest.console.dll, TestRequestSender.InitializeCommunication: initialize communication. 
TpTrace Information: 0 : 15764, 5, 2022/08/03, 06:55:35.160, 1394316143477, vstest.console.dll, SocketServer.Start: Listening on endpoint : 127.0.0.1:52238
TpTrace Verbose: 0 : 15764, 5, 2022/08/03, 06:55:35.160, 1394316149081, vstest.console.dll, DotnetTestHostmanager.GetTestHostProcessStartInfo: Platform environment 'X64' target architecture 'X64' framework '.NETCoreApp,Version=v5.0' OS 'Windows'
TpTrace Verbose: 0 : 15764, 5, 2022/08/03, 06:55:35.161, 1394316150881, vstest.console.dll, DotnetTestHostmanager: Adding  --runtimeconfig "C:\Users\hp\OneDrive\Desktop\week-5-task-ogbeidebest\week-5-task-ogbeidebest\DiscoveryBank\DiscoveryBankTests\bin\Debug\net5.0\fine-code-coverage\build-output\DiscoveryBankTests.runtimeconfig.json" in args
TpTrace Verbose: 0 : 15764, 5, 2022/08/03, 06:55:35.161, 1394316151641, vstest.console.dll, DotnetTestHostmanager: Adding  --depsfile "C:\Users\hp\OneDrive\Desktop\week-5-task-ogbeidebest\week-5-task-ogbeidebest\DiscoveryBank\DiscoveryBankTests\bin\Debug\net5.0\fine-code-coverage\build-output\DiscoveryBankTests.deps.json" in args
TpTrace Verbose: 0 : 15764, 5, 2022/08/03, 06:55:35.161, 1394316154274, vstest.console.dll, DotnetTestHostmanager.IsWinOnArm: Current PROCESSOR_ARCHITECTURE from environment variable 'AMD64'
TpTrace Verbose: 0 : 15764, 5, 2022/08/03, 06:55:35.161, 1394316155194, vstest.console.dll, DotnetTestHostmanager.IsWinOnArm: Is Windows on ARM 'False'
TpTrace Verbose: 0 : 15764, 5, 2022/08/03, 06:55:35.161, 1394316155980, vstest.console.dll, DotnetTestHostManager: testhost.exe found at path: C:\Users\hp\OneDrive\Desktop\week-5-task-ogbeidebest\week-5-task-ogbeidebest\DiscoveryBank\DiscoveryBankTests\bin\Debug\net5.0\fine-code-coverage\build-output\testhost.exe
TpTrace Verbose: 0 : 15764, 5, 2022/08/03, 06:55:35.161, 1394316156303, vstest.console.dll, DotnetTestHostmanager: Full path of host exe is C:\Users\hp\OneDrive\Desktop\week-5-task-ogbeidebest\week-5-task-ogbeidebest\DiscoveryBank\DiscoveryBankTests\bin\Debug\net5.0\fine-code-coverage\build-output\testhost.exe
TpTrace Verbose: 0 : 15764, 5, 2022/08/03, 06:55:35.161, 1394316157372, vstest.console.dll, DotnetTestHostmanager.LaunchTestHostAsync: Found 'VSTEST_WINAPPHOST_DOTNET_ROOT' in env variables, value 'C:\Program Files\dotnet', forwarding to 'DOTNET_ROOT'
TpTrace Verbose: 0 : 15764, 7, 2022/08/03, 06:55:35.162, 1394316165659, vstest.console.dll, DotnetTestHostManager: Starting process 'C:\Users\hp\OneDrive\Desktop\week-5-task-ogbeidebest\week-5-task-ogbeidebest\DiscoveryBank\DiscoveryBankTests\bin\Debug\net5.0\fine-code-coverage\build-output\testhost.exe' with command line ' --runtimeconfig "C:\Users\hp\OneDrive\Desktop\week-5-task-ogbeidebest\week-5-task-ogbeidebest\DiscoveryBank\DiscoveryBankTests\bin\Debug\net5.0\fine-code-coverage\build-output\DiscoveryBankTests.runtimeconfig.json" --depsfile "C:\Users\hp\OneDrive\Desktop\week-5-task-ogbeidebest\week-5-task-ogbeidebest\DiscoveryBank\DiscoveryBankTests\bin\Debug\net5.0\fine-code-coverage\build-output\DiscoveryBankTests.deps.json" --port 52238 --endpoint 127.0.0.1:052238 --role client --parentprocessid 15764 --diag "C:\Users\hp\OneDrive\Desktop\week-5-task-ogbeidebest\week-5-task-ogbeidebest\DiscoveryBank\DiscoveryBankTests\bin\Debug\net5.0\fine-code-coverage\coverage-tool-output\diagnostics.host.22-08-03_06-55-35_16055_5.log" --tracelevel 4 --datacollectionport 52237 --telemetryoptedin false'
TpTrace Verbose: 0 : 15764, 7, 2022/08/03, 06:55:35.167, 1394316217177, vstest.console.dll, MulticastDelegateUtilities.SafeInvoke: HostProviderEvents.OnHostLaunched: Invoking callback 1/2 for Microsoft.VisualStudio.TestPlatform.CrossPlatEngine.Client.ProxyExecutionManagerWithDataCollection.TestHostLaunchedHandler, took 1 ms.
TpTrace Verbose: 0 : 15764, 7, 2022/08/03, 06:55:35.167, 1394316218676, vstest.console.dll, Test Runtime launched
TpTrace Verbose: 0 : 15764, 7, 2022/08/03, 06:55:35.167, 1394316219235, vstest.console.dll, MulticastDelegateUtilities.SafeInvoke: HostProviderEvents.OnHostLaunched: Invoking callback 2/2 for Microsoft.VisualStudio.TestPlatform.CrossPlatEngine.Client.ProxyOperationManager.TestHostManagerHostLaunched, took 0 ms.
TpTrace Verbose: 0 : 15764, 5, 2022/08/03, 06:55:35.168, 1394316226207, vstest.console.dll, TestRequestSender.WaitForRequestHandlerConnection: waiting for connection with timeout: 90000.
TpTrace Verbose: 0 : 15764, 5, 2022/08/03, 06:55:35.311, 1394317652519, vstest.console.dll, TestRequestSender.WaitForRequestHandlerConnection: waiting took 142 ms, with timeout 90000 ms, and result 0, which is success.
TpTrace Verbose: 0 : 15764, 7, 2022/08/03, 06:55:35.311, 1394317652487, vstest.console.dll, MulticastDelegateUtilities.SafeInvoke: SocketServer: ClientConnected: Invoking callback 1/1 for Microsoft.VisualStudio.TestPlatform.CommunicationUtilities.TestRequestSender.<InitializeCommunication>b__23_0, took 0 ms.
TpTrace Verbose: 0 : 15764, 7, 2022/08/03, 06:55:35.311, 1394317654182, vstest.console.dll, SocketServer.OnClientConnected: Client connected for endPoint: 127.0.0.1:52238, starting MessageLoopAsync:
TpTrace Verbose: 0 : 15764, 14, 2022/08/03, 06:55:35.311, 1394317655803, vstest.console.dll, TcpClientExtensions.MessageLoopAsync: Polling on remoteEndPoint: 127.0.0.1:52239 localEndPoint: 127.0.0.1:52238
TpTrace Verbose: 0 : 15764, 5, 2022/08/03, 06:55:35.312, 1394317661424, vstest.console.dll, TestRequestSender.CheckVersionWithTestHost: Sending check version message: {"MessageType":"ProtocolVersion","Payload":6}
TpTrace Verbose: 0 : 15764, 14, 2022/08/03, 06:55:35.417, 1394318718703, vstest.console.dll, TcpClientExtensions.MessageLoopAsync: NotifyDataAvailable remoteEndPoint: 127.0.0.1:52239 localEndPoint: 127.0.0.1:52238
TpTrace Verbose: 0 : 15764, 14, 2022/08/03, 06:55:35.418, 1394318721382, vstest.console.dll, TestRequestSender.CheckVersionWithTestHost: onMessageReceived received message: (ProtocolVersion) -> 5
TpTrace Verbose: 0 : 15764, 14, 2022/08/03, 06:55:35.418, 1394318726312, vstest.console.dll, MulticastDelegateUtilities.SafeInvoke: LengthPrefixCommunicationChannel: MessageReceived: Invoking callback 1/1 for Microsoft.VisualStudio.TestPlatform.CommunicationUtilities.TestRequestSender+<>c__DisplayClass25_0.<CheckVersionWithTestHost>b__0, took 0 ms.
TpTrace Verbose: 0 : 15764, 5, 2022/08/03, 06:55:35.418, 1394318727132, vstest.console.dll, TestPluginCache.GetExtensionPaths: Filtered extension paths: 
TpTrace Verbose: 0 : 15764, 14, 2022/08/03, 06:55:35.418, 1394318727216, vstest.console.dll, TcpClientExtensions.MessageLoopAsync: Polling on remoteEndPoint: 127.0.0.1:52239 localEndPoint: 127.0.0.1:52238
TpTrace Verbose: 0 : 15764, 5, 2022/08/03, 06:55:35.418, 1394318727844, vstest.console.dll, TestPluginCache.GetExtensionPaths: Added default extension paths: C:\Program Files\dotnet\sdk\6.0.301\Extensions\DumpMinitool.exe
C:\Program Files\dotnet\sdk\6.0.301\Extensions\DumpMinitool.x86.exe
C:\Program Files\dotnet\sdk\6.0.301\Extensions\Microsoft.Diagnostics.NETCore.Client.dll
C:\Program Files\dotnet\sdk\6.0.301\Extensions\Microsoft.TestPlatform.Extensions.BlameDataCollector.dll
C:\Program Files\dotnet\sdk\6.0.301\Extensions\Microsoft.TestPlatform.Extensions.EventLogCollector.dll
C:\Program Files\dotnet\sdk\6.0.301\Extensions\Microsoft.TestPlatform.TestHostRuntimeProvider.dll
C:\Program Files\dotnet\sdk\6.0.301\Extensions\Microsoft.VisualStudio.TestPlatform.Extensions.Html.TestLogger.dll
C:\Program Files\dotnet\sdk\6.0.301\Extensions\Microsoft.VisualStudio.TestPlatform.Extensions.Trx.TestLogger.dll
TpTrace Verbose: 0 : 15764, 5, 2022/08/03, 06:55:35.418, 1394318728717, vstest.console.dll, TestPluginCache.GetExtensionPaths: Added unfilterableExtensionPaths: 
TpTrace Verbose: 0 : 15764, 5, 2022/08/03, 06:55:35.421, 1394318759993, vstest.console.dll, TestRequestSender.InitializeExecution: Sending initialize execution with message: {"Version":5,"MessageType":"TestExecution.Initialize","Payload":["C:\\Users\\hp\\OneDrive\\Desktop\\week-5-task-ogbeidebest\\week-5-task-ogbeidebest\\DiscoveryBank\\DiscoveryBankTests\\bin\\Debug\\net5.0\\fine-code-coverage\\build-output\\xunit.runner.visualstudio.dotnetcore.testadapter.dll"]}
TpTrace Warning: 0 : 15764, 5, 2022/08/03, 06:55:35.422, 1394318763310, vstest.console.dll, InferRunSettingsHelper.MakeRunsettingsCompatible: Removing the following settings: TargetPlatform from RunSettings file. To use those settings please move to latest version of Microsoft.NET.Test.Sdk
TpTrace Verbose: 0 : 15764, 14, 2022/08/03, 06:55:35.428, 1394318824727, vstest.console.dll, TcpClientExtensions.MessageLoopAsync: NotifyDataAvailable remoteEndPoint: 127.0.0.1:52239 localEndPoint: 127.0.0.1:52238
TpTrace Verbose: 0 : 15764, 14, 2022/08/03, 06:55:35.428, 1394318826537, vstest.console.dll, TestRequestSender.OnExecutionMessageReceived: Received message: {"Version":5,"MessageType":"TestSession.Message","Payload":{"MessageLevel":0,"Message":"Logging TestHost Diagnostics in file: C:\\Users\\hp\\OneDrive\\Desktop\\week-5-task-ogbeidebest\\week-5-task-ogbeidebest\\DiscoveryBank\\DiscoveryBankTests\\bin\\Debug\\net5.0\\fine-code-coverage\\coverage-tool-output\\diagnostics.host.22-08-03_06-55-35_16055_5.log"}}
TpTrace Verbose: 0 : 15764, 14, 2022/08/03, 06:55:35.430, 1394318844194, vstest.console.dll, TestRunRequest:SendTestRunMessage: Starting.
TpTrace Verbose: 0 : 15764, 14, 2022/08/03, 06:55:35.430, 1394318845475, vstest.console.dll, MulticastDelegateUtilities.SafeInvoke: TestRun.LogMessages: Invoking callback 1/1 for Microsoft.VisualStudio.TestPlatform.CommandLine.TestRunResultAggregator.TestRunMessageHandler, took 0 ms.
TpTrace Information: 0 : 15764, 14, 2022/08/03, 06:55:35.430, 1394318846023, vstest.console.dll, TestRunRequest:SendTestRunMessage: Completed.
TpTrace Verbose: 0 : 15764, 14, 2022/08/03, 06:55:35.430, 1394318846435, vstest.console.dll, MulticastDelegateUtilities.SafeInvoke: LengthPrefixCommunicationChannel: MessageReceived: Invoking callback 1/1 for Microsoft.VisualStudio.TestPlatform.CommunicationUtilities.TestRequestSender+<>c__DisplayClass30_0.<StartTestRun>b__1, took 2 ms.
TpTrace Verbose: 0 : 15764, 4, 2022/08/03, 06:55:35.430, 1394318846466, vstest.console.dll, MulticastDelegateUtilities.SafeInvoke: InternalTestLoggerEvents.SendTestRunMessage: Invoking callback 1/1 for Microsoft.VisualStudio.TestPlatform.CommandLine.Internal.ConsoleLogger.TestMessageHandler, took 0 ms.
TpTrace Verbose: 0 : 15764, 14, 2022/08/03, 06:55:35.430, 1394318846751, vstest.console.dll, TcpClientExtensions.MessageLoopAsync: Polling on remoteEndPoint: 127.0.0.1:52239 localEndPoint: 127.0.0.1:52238
TpTrace Verbose: 0 : 15764, 5, 2022/08/03, 06:55:35.431, 1394318852694, vstest.console.dll, TestRequestSender.StartTestRun: Sending test run with message: {"Version":5,"MessageType":"TestExecution.StartWithSources","Payload":{"AdapterSourceMap":{"_none_":["C:\\Users\\hp\\OneDrive\\Desktop\\week-5-task-ogbeidebest\\week-5-task-ogbeidebest\\DiscoveryBank\\DiscoveryBankTests\\bin\\Debug\\net5.0\\fine-code-coverage\\build-output\\DiscoveryBankTests.dll"]},"RunSettings":"<RunSettings>\r\n  <RunConfiguration>\r\n    <ResultsDirectory>C:\\Users\\hp\\OneDrive\\Desktop\\week-5-task-ogbeidebest\\week-5-task-ogbeidebest\\DiscoveryBank\\DiscoveryBankTests\\bin\\Debug\\net5.0\\fine-code-coverage\\coverage-tool-output</ResultsDirectory>\r\n    <TargetFrameworkVersion>.NETCoreApp,Version=v5.0</TargetFrameworkVersion>\r\n    <DesignMode>False</DesignMode>\r\n    <CollectSourceInformation>False</CollectSourceInformation>\r\n  </RunConfiguration>\r\n  <LoggerRunSettings>\r\n    <Loggers>\r\n      <Logger friendlyName=\"blame\" enabled=\"True\" />\r\n      <Logger friendlyName=\"Console\" uri=\"logger://microsoft/TestPlatform/ConsoleLogger/v1\" assemblyQualifiedName=\"Microsoft.VisualStudio.TestPlatform.CommandLine.Internal.ConsoleLogger, vstest.console, Version=15.0.0.0, Culture=neutral, PublicKeyToken=b03f5f7f11d50a3a\" codeBase=\"C:\\Program Files\\dotnet\\sdk\\6.0.301\\vstest.console.dll\" enabled=\"True\" />\r\n    </Loggers>\r\n  </LoggerRunSettings>\r\n  <DataCollectionRunSettings>\r\n    <DataCollectors>\r\n      <DataCollector friendlyName=\"blame\" enabled=\"True\">\r\n        <Configuration>\r\n          <ResultsDirectory>C:\\Users\\hp\\OneDrive\\Desktop\\week-5-task-ogbeidebest\\week-5-task-ogbeidebest\\DiscoveryBank\\DiscoveryBankTests\\bin\\Debug\\net5.0\\fine-code-coverage\\coverage-tool-output</ResultsDirectory>\r\n        </Configuration>\r\n      </DataCollector>\r\n    </DataCollectors>\r\n  </DataCollectionRunSettings>\r\n</RunSettings>","TestExecutionContext":{"FrequencyOfRunStatsChangeEvent":10,"RunStatsChangeEventTimeout":"00:00:01.5000000","InIsolation":false,"KeepAlive":false,"AreTestCaseLevelEventsRequired":false,"IsDebug":false,"TestCaseFilter":null,"FilterOptions":null},"Package":null}}
TpTrace Verbose: 0 : 15764, 14, 2022/08/03, 06:55:35.570, 1394320242564, vstest.console.dll, TcpClientExtensions.MessageLoopAsync: NotifyDataAvailable remoteEndPoint: 127.0.0.1:52239 localEndPoint: 127.0.0.1:52238
TpTrace Verbose: 0 : 15764, 14, 2022/08/03, 06:55:35.570, 1394320244255, vstest.console.dll, TestRequestSender.OnExecutionMessageReceived: Received message: {"Version":5,"MessageType":"TestSession.Message","Payload":{"MessageLevel":0,"Message":"[xUnit.net 00:00:00.00] xUnit.net VSTest Adapter v2.4.3+1b45f5407b (64-bit .NET 5.0.17)"}}
TpTrace Verbose: 0 : 15764, 14, 2022/08/03, 06:55:35.570, 1394320246628, vstest.console.dll, TestRunRequest:SendTestRunMessage: Starting.
TpTrace Verbose: 0 : 15764, 14, 2022/08/03, 06:55:35.570, 1394320247240, vstest.console.dll, MulticastDelegateUtilities.SafeInvoke: TestRun.LogMessages: Invoking callback 1/1 for Microsoft.VisualStudio.TestPlatform.CommandLine.TestRunResultAggregator.TestRunMessageHandler, took 0 ms.
TpTrace Information: 0 : 15764, 14, 2022/08/03, 06:55:35.570, 1394320247496, vstest.console.dll, TestRunRequest:SendTestRunMessage: Completed.
TpTrace Verbose: 0 : 15764, 4, 2022/08/03, 06:55:35.570, 1394320247570, vstest.console.dll, MulticastDelegateUtilities.SafeInvoke: InternalTestLoggerEvents.SendTestRunMessage: Invoking callback 1/1 for Microsoft.VisualStudio.TestPlatform.CommandLine.Internal.ConsoleLogger.TestMessageHandler, took 0 ms.
TpTrace Verbose: 0 : 15764, 14, 2022/08/03, 06:55:35.570, 1394320247803, vstest.console.dll, MulticastDelegateUtilities.SafeInvoke: LengthPrefixCommunicationChannel: MessageReceived: Invoking callback 1/1 for Microsoft.VisualStudio.TestPlatform.CommunicationUtilities.TestRequestSender+<>c__DisplayClass30_0.<StartTestRun>b__1, took 0 ms.
TpTrace Verbose: 0 : 15764, 14, 2022/08/03, 06:55:35.570, 1394320249288, vstest.console.dll, TcpClientExtensions.MessageLoopAsync: Polling on remoteEndPoint: 127.0.0.1:52239 localEndPoint: 127.0.0.1:52238
TpTrace Verbose: 0 : 15764, 14, 2022/08/03, 06:55:35.917, 1394323716546, vstest.console.dll, TcpClientExtensions.MessageLoopAsync: NotifyDataAvailable remoteEndPoint: 127.0.0.1:52239 localEndPoint: 127.0.0.1:52238
TpTrace Verbose: 0 : 15764, 14, 2022/08/03, 06:55:35.917, 1394323718186, vstest.console.dll, TestRequestSender.OnExecutionMessageReceived: Received message: {"Version":5,"MessageType":"TestSession.Message","Payload":{"MessageLevel":0,"Message":"[xUnit.net 00:00:00.35]   Discovering: DiscoveryBankTests"}}
TpTrace Verbose: 0 : 15764, 14, 2022/08/03, 06:55:35.917, 1394323720396, vstest.console.dll, TestRunRequest:SendTestRunMessage: Starting.
TpTrace Verbose: 0 : 15764, 14, 2022/08/03, 06:55:35.918, 1394323720963, vstest.console.dll, MulticastDelegateUtilities.SafeInvoke: TestRun.LogMessages: Invoking callback 1/1 for Microsoft.VisualStudio.TestPlatform.CommandLine.TestRunResultAggregator.TestRunMessageHandler, took 0 ms.
TpTrace Information: 0 : 15764, 14, 2022/08/03, 06:55:35.918, 1394323721188, vstest.console.dll, TestRunRequest:SendTestRunMessage: Completed.
TpTrace Verbose: 0 : 15764, 4, 2022/08/03, 06:55:35.918, 1394323721332, vstest.console.dll, MulticastDelegateUtilities.SafeInvoke: InternalTestLoggerEvents.SendTestRunMessage: Invoking callback 1/1 for Microsoft.VisualStudio.TestPlatform.CommandLine.Internal.ConsoleLogger.TestMessageHandler, took 0 ms.
TpTrace Verbose: 0 : 15764, 14, 2022/08/03, 06:55:35.918, 1394323721419, vstest.console.dll, MulticastDelegateUtilities.SafeInvoke: LengthPrefixCommunicationChannel: MessageReceived: Invoking callback 1/1 for Microsoft.VisualStudio.TestPlatform.CommunicationUtilities.TestRequestSender+<>c__DisplayClass30_0.<StartTestRun>b__1, took 0 ms.
TpTrace Verbose: 0 : 15764, 14, 2022/08/03, 06:55:35.918, 1394323724255, vstest.console.dll, TcpClientExtensions.MessageLoopAsync: Polling on remoteEndPoint: 127.0.0.1:52239 localEndPoint: 127.0.0.1:52238
TpTrace Verbose: 0 : 15764, 14, 2022/08/03, 06:55:35.981, 1394324355631, vstest.console.dll, TcpClientExtensions.MessageLoopAsync: NotifyDataAvailable remoteEndPoint: 127.0.0.1:52239 localEndPoint: 127.0.0.1:52238
TpTrace Verbose: 0 : 15764, 14, 2022/08/03, 06:55:35.981, 1394324358232, vstest.console.dll, TestRequestSender.OnExecutionMessageReceived: Received message: {"Version":5,"MessageType":"TestSession.Message","Payload":{"MessageLevel":0,"Message":"[xUnit.net 00:00:00.41]   Discovered:  DiscoveryBankTests"}}
TpTrace Verbose: 0 : 15764, 14, 2022/08/03, 06:55:35.982, 1394324361105, vstest.console.dll, TestRunRequest:SendTestRunMessage: Starting.
TpTrace Verbose: 0 : 15764, 14, 2022/08/03, 06:55:35.982, 1394324361896, vstest.console.dll, MulticastDelegateUtilities.SafeInvoke: TestRun.LogMessages: Invoking callback 1/1 for Microsoft.VisualStudio.TestPlatform.CommandLine.TestRunResultAggregator.TestRunMessageHandler, took 0 ms.
TpTrace Verbose: 0 : 15764, 4, 2022/08/03, 06:55:35.982, 1394324362111, vstest.console.dll, MulticastDelegateUtilities.SafeInvoke: InternalTestLoggerEvents.SendTestRunMessage: Invoking callback 1/1 for Microsoft.VisualStudio.TestPlatform.CommandLine.Internal.ConsoleLogger.TestMessageHandler, took 0 ms.
TpTrace Information: 0 : 15764, 14, 2022/08/03, 06:55:35.982, 1394324362346, vstest.console.dll, TestRunRequest:SendTestRunMessage: Completed.
TpTrace Verbose: 0 : 15764, 14, 2022/08/03, 06:55:35.982, 1394324363211, vstest.console.dll, MulticastDelegateUtilities.SafeInvoke: LengthPrefixCommunicationChannel: MessageReceived: Invoking callback 1/1 for Microsoft.VisualStudio.TestPlatform.CommunicationUtilities.TestRequestSender+<>c__DisplayClass30_0.<StartTestRun>b__1, took 0 ms.
TpTrace Verbose: 0 : 15764, 14, 2022/08/03, 06:55:35.982, 1394324363476, vstest.console.dll, TcpClientExtensions.MessageLoopAsync: Polling on remoteEndPoint: 127.0.0.1:52239 localEndPoint: 127.0.0.1:52238
TpTrace Verbose: 0 : 15764, 14, 2022/08/03, 06:55:35.984, 1394324384562, vstest.console.dll, TcpClientExtensions.MessageLoopAsync: NotifyDataAvailable remoteEndPoint: 127.0.0.1:52239 localEndPoint: 127.0.0.1:52238
TpTrace Verbose: 0 : 15764, 14, 2022/08/03, 06:55:35.984, 1394324385697, vstest.console.dll, TestRequestSender.OnExecutionMessageReceived: Received message: {"Version":5,"MessageType":"TestSession.Message","Payload":{"MessageLevel":0,"Message":"[xUnit.net 00:00:00.42]   Starting:    DiscoveryBankTests"}}
TpTrace Verbose: 0 : 15764, 14, 2022/08/03, 06:55:35.984, 1394324387036, vstest.console.dll, TestRunRequest:SendTestRunMessage: Starting.
TpTrace Verbose: 0 : 15764, 14, 2022/08/03, 06:55:35.984, 1394324387605, vstest.console.dll, MulticastDelegateUtilities.SafeInvoke: TestRun.LogMessages: Invoking callback 1/1 for Microsoft.VisualStudio.TestPlatform.CommandLine.TestRunResultAggregator.TestRunMessageHandler, took 0 ms.
TpTrace Verbose: 0 : 15764, 4, 2022/08/03, 06:55:35.984, 1394324387766, vstest.console.dll, MulticastDelegateUtilities.SafeInvoke: InternalTestLoggerEvents.SendTestRunMessage: Invoking callback 1/1 for Microsoft.VisualStudio.TestPlatform.CommandLine.Internal.ConsoleLogger.TestMessageHandler, took 0 ms.
TpTrace Information: 0 : 15764, 14, 2022/08/03, 06:55:35.984, 1394324388443, vstest.console.dll, TestRunRequest:SendTestRunMessage: Completed.
TpTrace Verbose: 0 : 15764, 14, 2022/08/03, 06:55:35.984, 1394324388992, vstest.console.dll, MulticastDelegateUtilities.SafeInvoke: LengthPrefixCommunicationChannel: MessageReceived: Invoking callback 1/1 for Microsoft.VisualStudio.TestPlatform.CommunicationUtilities.TestRequestSender+<>c__DisplayClass30_0.<StartTestRun>b__1, took 0 ms.
TpTrace Verbose: 0 : 15764, 14, 2022/08/03, 06:55:35.984, 1394324389288, vstest.console.dll, TcpClientExtensions.MessageLoopAsync: Polling on remoteEndPoint: 127.0.0.1:52239 localEndPoint: 127.0.0.1:52238
TpTrace Verbose: 0 : 15764, 14, 2022/08/03, 06:55:36.142, 1394325961564, vstest.console.dll, TcpClientExtensions.MessageLoopAsync: NotifyDataAvailable remoteEndPoint: 127.0.0.1:52239 localEndPoint: 127.0.0.1:52238
TpTrace Verbose: 0 : 15764, 14, 2022/08/03, 06:55:36.142, 1394325964007, vstest.console.dll, TestRequestSender.OnExecutionMessageReceived: Received message: {"Version":5,"MessageType":"TestExecution.StatsChange","Payload":{"NewTestResults":[{"TestCase":{"Id":"8a12b153-c299-33ad-5217-acca8b4912f9","FullyQualifiedName":"DiscoveryBankTests.ValidatorsTest.ValidateNameTest","DisplayName":"DiscoveryBankTests.ValidatorsTest.ValidateNameTest","ExecutorUri":"executor://xunit/VsTestRunner2/netcoreapp","Source":"C:\\Users\\hp\\OneDrive\\Desktop\\week-5-task-ogbeidebest\\week-5-task-ogbeidebest\\DiscoveryBank\\DiscoveryBankTests\\bin\\Debug\\net5.0\\fine-code-coverage\\build-output\\DiscoveryBankTests.dll","CodeFilePath":null,"LineNumber":0,"Properties":[]},"Attachments":[],"Outcome":1,"ErrorMessage":null,"ErrorStackTrace":null,"DisplayName":"DiscoveryBankTests.ValidatorsTest.ValidateNameTest","Messages":[],"ComputerName":"LAPTOP-GAA1RH4E","Duration":"00:00:00.0073258","StartTime":"2022-08-03T05:55:36.0891003+00:00","EndTime":"2022-08-03T05:55:36.0891743+00:00","Properties":[]},{"TestCase":{"Id":"d040a240-2f86-390c-9837-40ac1f297beb","FullyQualifiedName":"DiscoveryBankTests.UtilitiesTest.ChangeToTitleTest","DisplayName":"DiscoveryBankTests.UtilitiesTest.ChangeToTitleTest","ExecutorUri":"executor://xunit/VsTestRunner2/netcoreapp","Source":"C:\\Users\\hp\\OneDrive\\Desktop\\week-5-task-ogbeidebest\\week-5-task-ogbeidebest\\DiscoveryBank\\DiscoveryBankTests\\bin\\Debug\\net5.0\\fine-code-coverage\\build-output\\DiscoveryBankTests.dll","CodeFilePath":null,"LineNumber":0,"Properties":[]},"Attachments":[],"Outcome":1,"ErrorMessage":null,"ErrorStackTrace":null,"DisplayName":"DiscoveryBankTests.UtilitiesTest.ChangeToTitleTest","Messages":[],"ComputerName":"LAPTOP-GAA1RH4E","Duration":"00:00:00.0043957","StartTime":"2022-08-03T05:55:36.1099773+00:00","EndTime":"2022-08-03T05:55:36.1099787+00:00","Properties":[]},{"TestCase":{"Id":"cc9d03cd-06e4-bde7-6595-fd9f0bd391dd","FullyQualifiedName":"DiscoveryBankTests.FileReadWrite.WriteTest","DisplayName":"DiscoveryBankTests.FileReadWrite.WriteTest","ExecutorUri":"executor://xunit/VsTestRunner2/netcoreapp","Source":"C:\\Users\\hp\\OneDrive\\Desktop\\week-5-task-ogbeidebest\\week-5-task-ogbeidebest\\DiscoveryBank\\DiscoveryBankTests\\bin\\Debug\\net5.0\\fine-code-coverage\\build-output\\DiscoveryBankTests.dll","CodeFilePath":null,"LineNumber":0,"Properties":[]},"Attachments":[],"Outcome":1,"ErrorMessage":null,"ErrorStackTrace":null,"DisplayName":"DiscoveryBankTests.FileReadWrite.WriteTest","Messages":[],"ComputerName":"LAPTOP-GAA1RH4E","Duration":"00:00:00.0053272","StartTime":"2022-08-03T05:55:36.1114249+00:00","EndTime":"2022-08-03T05:55:36.1114258+00:00","Properties":[]}],"TestRunStatistics":{"ExecutedTests":3,"Stats":{"Passed":3}},"ActiveTests":[{"Id":"4829ec29-f8e8-f1b9-9014-6fade8890b42","FullyQualifiedName":"DiscoveryBankTests.CustomerServiceTest.CustomerByemailTest","DisplayName":"DiscoveryBankTests.CustomerServiceTest.CustomerByemailTest(actual: \"dadyo@gmail.com\", expected: \"\")","ExecutorUri":"executor://xunit/VsTestRunner2/netcoreapp","Source":"C:\\Users\\hp\\OneDrive\\Desktop\\week-5-task-ogbeidebest\\week-5-task-ogbeidebest\\DiscoveryBank\\DiscoveryBankTests\\bin\\Debug\\net5.0\\fine-code-coverage\\build-output\\DiscoveryBankTests.dll","CodeFilePath":null,"LineNumber":0,"Properties":[]},{"Id":"ccb224e8-aca1-9ba9-5b3a-ebd851eb256b","FullyQualifiedName":"DiscoveryBankTests.TransactionServiceTest.InitilaDepositTest","DisplayName":"DiscoveryBankTests.TransactionServiceTest.InitilaDepositTest","ExecutorUri":"executor://xunit/VsTestRunner2/netcoreapp","Source":"C:\\Users\\hp\\OneDrive\\Desktop\\week-5-task-ogbeidebest\\week-5-task-ogbeidebest\\DiscoveryBank\\DiscoveryBankTests\\bin\\Debug\\net5.0\\fine-code-coverage\\build-output\\DiscoveryBankTests.dll","CodeFilePath":null,"LineNumber":0,"Properties":[]},{"Id":"ee5d41c9-d223-8086-8ada-b6161a658def","FullyQualifiedName":"DiscoveryBankTests.AccountServiceTest.CheckBalanceTest","DisplayName":"DiscoveryBankTests.AccountServiceTest.CheckBalanceTest","ExecutorUri":"executor://xunit/VsTestRunner2/netcoreapp","Source":"C:\\Users\\hp\\OneDrive\\Desktop\\week-5-task-ogbeidebest\\week-5-task-ogbeidebest\\DiscoveryBank\\DiscoveryBankTests\\bin\\Debug\\net5.0\\fine-code-coverage\\build-output\\DiscoveryBankTests.dll","CodeFilePath":null,"LineNumber":0,"Properties":[]},{"Id":"a46c169a-1773-2f65-fb00-156a3597a9e4","FullyQualifiedName":"DiscoveryBankTests.AuthenticationTest.LoginTest","DisplayName":"DiscoveryBankTests.AuthenticationTest.LoginTest(actual1: \"best@gmail.com\", actual2: \"\", expected: \"The Password Field Is Empty Check And Try Again\")","ExecutorUri":"executor://xunit/VsTestRunner2/netcoreapp","Source":"C:\\Users\\hp\\OneDrive\\Desktop\\week-5-task-ogbeidebest\\week-5-task-ogbeidebest\\DiscoveryBank\\DiscoveryBankTests\\bin\\Debug\\net5.0\\fine-code-coverage\\build-output\\DiscoveryBankTests.dll","CodeFilePath":null,"LineNumber":0,"Properties":[]},{"Id":"6aad53a7-ff97-2058-4352-e8d822f15663","FullyQualifiedName":"DiscoveryBankTests.UserServiceTest.GenerateUserIdTest","DisplayName":"DiscoveryBankTests.UserServiceTest.GenerateUserIdTest","ExecutorUri":"executor://xunit/VsTestRunner2/netcoreapp","Source":"C:\\Users\\hp\\OneDrive\\Desktop\\week-5-task-ogbeidebest\\week-5-task-ogbeidebest\\DiscoveryBank\\DiscoveryBankTests\\bin\\Debug\\net5.0\\fine-code-coverage\\build-output\\DiscoveryBankTests.dll","CodeFilePath":null,"LineNumber":0,"Properties":[]},{"Id":"124190fc-5402-8ee1-8b07-2442dece2b57","FullyQualifiedName":"DiscoveryBankTests.UtilitiesTest.GenerateCustomerIdTest","DisplayName":"DiscoveryBankTests.UtilitiesTest.GenerateCustomerIdTest","ExecutorUri":"executor://xunit/VsTestRunner2/netcoreapp","Source":"C:\\Users\\hp\\OneDrive\\Desktop\\week-5-task-ogbeidebest\\week-5-task-ogbeidebest\\DiscoveryBank\\DiscoveryBankTests\\bin\\Debug\\net5.0\\fine-code-coverage\\build-output\\DiscoveryBankTests.dll","CodeFilePath":null,"LineNumber":0,"Properties":[]},{"Id":"253c9c65-91f1-73a1-5fdd-87cc5557cfab","FullyQualifiedName":"DiscoveryBankTests.ValidatorsTest.ValidatePasswordTest","DisplayName":"DiscoveryBankTests.ValidatorsTest.ValidatePasswordTest","ExecutorUri":"executor://xunit/VsTestRunner2/netcoreapp","Source":"C:\\Users\\hp\\OneDrive\\Desktop\\week-5-task-ogbeidebest\\week-5-task-ogbeidebest\\DiscoveryBank\\DiscoveryBankTests\\bin\\Debug\\net5.0\\fine-code-coverage\\build-output\\DiscoveryBankTests.dll","CodeFilePath":null,"LineNumber":0,"Properties":[]}]}}
TpTrace Verbose: 0 : 15764, 14, 2022/08/03, 06:55:36.165, 1394326195033, vstest.console.dll, TestRunRequest:SendTestRunStatsChange: Starting.
TpTrace Verbose: 0 : 15764, 14, 2022/08/03, 06:55:36.165, 1394326196098, vstest.console.dll, InProgress is DiscoveryBankTests.CustomerServiceTest.CustomerByemailTest(actual: "dadyo@gmail.com", expected: "")
TpTrace Verbose: 0 : 15764, 14, 2022/08/03, 06:55:36.165, 1394326196319, vstest.console.dll, InProgress is DiscoveryBankTests.TransactionServiceTest.InitilaDepositTest
TpTrace Verbose: 0 : 15764, 14, 2022/08/03, 06:55:36.165, 1394326196492, vstest.console.dll, InProgress is DiscoveryBankTests.AccountServiceTest.CheckBalanceTest
TpTrace Verbose: 0 : 15764, 14, 2022/08/03, 06:55:36.165, 1394326196683, vstest.console.dll, InProgress is DiscoveryBankTests.AuthenticationTest.LoginTest(actual1: "best@gmail.com", actual2: "", expected: "The Password Field Is Empty Check And Try Again")
TpTrace Verbose: 0 : 15764, 14, 2022/08/03, 06:55:36.165, 1394326196854, vstest.console.dll, InProgress is DiscoveryBankTests.UserServiceTest.GenerateUserIdTest
TpTrace Verbose: 0 : 15764, 14, 2022/08/03, 06:55:36.165, 1394326197009, vstest.console.dll, InProgress is DiscoveryBankTests.UtilitiesTest.GenerateCustomerIdTest
TpTrace Verbose: 0 : 15764, 14, 2022/08/03, 06:55:36.165, 1394326197168, vstest.console.dll, InProgress is DiscoveryBankTests.ValidatorsTest.ValidatePasswordTest
TpTrace Verbose: 0 : 15764, 14, 2022/08/03, 06:55:36.165, 1394326198653, vstest.console.dll, MulticastDelegateUtilities.SafeInvoke: TestRun.RunStatsChanged: Invoking callbacks was skipped because there are no subscribers.
TpTrace Information: 0 : 15764, 14, 2022/08/03, 06:55:36.165, 1394326199040, vstest.console.dll, TestRunRequest:SendTestRunStatsChange: Completed.
TpTrace Verbose: 0 : 15764, 14, 2022/08/03, 06:55:36.165, 1394326199268, vstest.console.dll, MulticastDelegateUtilities.SafeInvoke: LengthPrefixCommunicationChannel: MessageReceived: Invoking callback 1/1 for Microsoft.VisualStudio.TestPlatform.CommunicationUtilities.TestRequestSender+<>c__DisplayClass30_0.<StartTestRun>b__1, took 23 ms.
TpTrace Verbose: 0 : 15764, 14, 2022/08/03, 06:55:36.165, 1394326199490, vstest.console.dll, TcpClientExtensions.MessageLoopAsync: Polling on remoteEndPoint: 127.0.0.1:52239 localEndPoint: 127.0.0.1:52238
TpTrace Verbose: 0 : 15764, 14, 2022/08/03, 06:55:36.165, 1394326199807, vstest.console.dll, TcpClientExtensions.MessageLoopAsync: NotifyDataAvailable remoteEndPoint: 127.0.0.1:52239 localEndPoint: 127.0.0.1:52238
TpTrace Verbose: 0 : 15764, 14, 2022/08/03, 06:55:36.165, 1394326200719, vstest.console.dll, TestRequestSender.OnExecutionMessageReceived: Received message: {"Version":5,"MessageType":"TestExecution.StatsChange","Payload":{"NewTestResults":[{"TestCase":{"Id":"30bb4017-4ba9-66a8-ff5d-e86a130b5ef3","FullyQualifiedName":"DiscoveryBankTests.FileReadWrite.ReadTest","DisplayName":"DiscoveryBankTests.FileReadWrite.ReadTest","ExecutorUri":"executor://xunit/VsTestRunner2/netcoreapp","Source":"C:\\Users\\hp\\OneDrive\\Desktop\\week-5-task-ogbeidebest\\week-5-task-ogbeidebest\\DiscoveryBank\\DiscoveryBankTests\\bin\\Debug\\net5.0\\fine-code-coverage\\build-output\\DiscoveryBankTests.dll","CodeFilePath":null,"LineNumber":0,"Properties":[]},"Attachments":[],"Outcome":1,"ErrorMessage":null,"ErrorStackTrace":null,"DisplayName":"DiscoveryBankTests.FileReadWrite.ReadTest","Messages":[],"ComputerName":"LAPTOP-GAA1RH4E","Duration":"00:00:00.0014838","StartTime":"2022-08-03T05:55:36.1441406+00:00","EndTime":"2022-08-03T05:55:36.144142+00:00","Properties":[]},{"TestCase":{"Id":"124190fc-5402-8ee1-8b07-2442dece2b57","FullyQualifiedName":"DiscoveryBankTests.UtilitiesTest.GenerateCustomerIdTest","DisplayName":"DiscoveryBankTests.UtilitiesTest.GenerateCustomerIdTest","ExecutorUri":"executor://xunit/VsTestRunner2/netcoreapp","Source":"C:\\Users\\hp\\OneDrive\\Desktop\\week-5-task-ogbeidebest\\week-5-task-ogbeidebest\\DiscoveryBank\\DiscoveryBankTests\\bin\\Debug\\net5.0\\fine-code-coverage\\build-output\\DiscoveryBankTests.dll","CodeFilePath":null,"LineNumber":0,"Properties":[]},"Attachments":[],"Outcome":1,"ErrorMessage":null,"ErrorStackTrace":null,"DisplayName":"DiscoveryBankTests.UtilitiesTest.GenerateCustomerIdTest","Messages":[],"ComputerName":"LAPTOP-GAA1RH4E","Duration":"00:00:00.0034128","StartTime":"2022-08-03T05:55:36.1453661+00:00","EndTime":"2022-08-03T05:55:36.1453669+00:00","Properties":[]},{"TestCase":{"Id":"253c9c65-91f1-73a1-5fdd-87cc5557cfab","FullyQualifiedName":"DiscoveryBankTests.ValidatorsTest.ValidatePasswordTest","DisplayName":"DiscoveryBankTests.ValidatorsTest.ValidatePasswordTest","ExecutorUri":"executor://xunit/VsTestRunner2/netcoreapp","Source":"C:\\Users\\hp\\OneDrive\\Desktop\\week-5-task-ogbeidebest\\week-5-task-ogbeidebest\\DiscoveryBank\\DiscoveryBankTests\\bin\\Debug\\net5.0\\fine-code-coverage\\build-output\\DiscoveryBankTests.dll","CodeFilePath":null,"LineNumber":0,"Properties":[]},"Attachments":[],"Outcome":1,"ErrorMessage":null,"ErrorStackTrace":null,"DisplayName":"DiscoveryBankTests.ValidatorsTest.ValidatePasswordTest","Messages":[],"ComputerName":"LAPTOP-GAA1RH4E","Duration":"00:00:00.0043327","StartTime":"2022-08-03T05:55:36.1474923+00:00","EndTime":"2022-08-03T05:55:36.1474943+00:00","Properties":[]},{"TestCase":{"Id":"86700043-98f4-c1ae-c9de-4b29700f6b09","FullyQualifiedName":"DiscoveryBankTests.ValidatorsTest.ValidateEmailTest","DisplayName":"DiscoveryBankTests.ValidatorsTest.ValidateEmailTest","ExecutorUri":"executor://xunit/VsTestRunner2/netcoreapp","Source":"C:\\Users\\hp\\OneDrive\\Desktop\\week-5-task-ogbeidebest\\week-5-task-ogbeidebest\\DiscoveryBank\\DiscoveryBankTests\\bin\\Debug\\net5.0\\fine-code-coverage\\build-output\\DiscoveryBankTests.dll","CodeFilePath":null,"LineNumber":0,"Properties":[]},"Attachments":[],"Outcome":1,"ErrorMessage":null,"ErrorStackTrace":null,"DisplayName":"DiscoveryBankTests.ValidatorsTest.ValidateEmailTest","Messages":[],"ComputerName":"LAPTOP-GAA1RH4E","Duration":"00:00:00.0003061","StartTime":"2022-08-03T05:55:36.1495485+00:00","EndTime":"2022-08-03T05:55:36.1495504+00:00","Properties":[]},{"TestCase":{"Id":"fb588d45-7808-0129-7444-f6348c78f57e","FullyQualifiedName":"DiscoveryBankTests.UtilitiesTest.RemoveDigitsTest","DisplayName":"DiscoveryBankTests.UtilitiesTest.RemoveDigitsTest","ExecutorUri":"executor://xunit/VsTestRunner2/netcoreapp","Source":"C:\\Users\\hp\\OneDrive\\Desktop\\week-5-task-ogbeidebest\\week-5-task-ogbeidebest\\DiscoveryBank\\DiscoveryBankTests\\bin\\Debug\\net5.0\\fine-code-coverage\\build-output\\DiscoveryBankTests.dll","CodeFilePath":null,"LineNumber":0,"Properties":[]},"Attachments":[],"Outcome":1,"ErrorMessage":null,"ErrorStackTrace":null,"DisplayName":"DiscoveryBankTests.UtilitiesTest.RemoveDigitsTest","Messages":[],"ComputerName":"LAPTOP-GAA1RH4E","Duration":"00:00:00.0024790","StartTime":"2022-08-03T05:55:36.1505814+00:00","EndTime":"2022-08-03T05:55:36.1505821+00:00","Properties":[]},{"TestCase":{"Id":"07af5827-38e0-185a-00c6-bebbf787bdf0","FullyQualifiedName":"DiscoveryBankTests.UtilitiesTest.UtilitiesTests","DisplayName":"DiscoveryBankTests.UtilitiesTest.UtilitiesTests","ExecutorUri":"executor://xunit/VsTestRunner2/netcoreapp","Source":"C:\\Users\\hp\\OneDrive\\Desktop\\week-5-task-ogbeidebest\\week-5-task-ogbeidebest\\DiscoveryBank\\DiscoveryBankTests\\bin\\Debug\\net5.0\\fine-code-coverage\\build-output\\DiscoveryBankTests.dll","CodeFilePath":null,"LineNumber":0,"Properties":[]},"Attachments":[],"Outcome":1,"ErrorMessage":null,"ErrorStackTrace":null,"DisplayName":"DiscoveryBankTests.UtilitiesTest.UtilitiesTests","Messages":[],"ComputerName":"LAPTOP-GAA1RH4E","Duration":"00:00:00.0003342","StartTime":"2022-08-03T05:55:36.1525+00:00","EndTime":"2022-08-03T05:55:36.1525021+00:00","Properties":[]},{"TestCase":{"Id":"6aad53a7-ff97-2058-4352-e8d822f15663","FullyQualifiedName":"DiscoveryBankTests.UserServiceTest.GenerateUserIdTest","DisplayName":"DiscoveryBankTests.UserServiceTest.GenerateUserIdTest","ExecutorUri":"executor://xunit/VsTestRunner2/netcoreapp","Source":"C:\\Users\\hp\\OneDrive\\Desktop\\week-5-task-ogbeidebest\\week-5-task-ogbeidebest\\DiscoveryBank\\DiscoveryBankTests\\bin\\Debug\\net5.0\\fine-code-coverage\\build-output\\DiscoveryBankTests.dll","CodeFilePath":null,"LineNumber":0,"Properties":[]},"Attachments":[],"Outcome":1,"ErrorMessage":null,"ErrorStackTrace":null,"DisplayName":"DiscoveryBankTests.UserServiceTest.GenerateUserIdTest","Messages":[],"ComputerName":"LAPTOP-GAA1RH4E","Duration":"00:00:00.0807315","StartTime":"2022-08-03T05:55:36.1535928+00:00","EndTime":"2022-08-03T05:55:36.1535933+00:00","Properties":[]},{"TestCase":{"Id":"4829ec29-f8e8-f1b9-9014-6fade8890b42","FullyQualifiedName":"DiscoveryBankTests.CustomerServiceTest.CustomerByemailTest","DisplayName":"DiscoveryBankTests.CustomerServiceTest.CustomerByemailTest(actual: \"dadyo@gmail.com\", expected: \"\")","ExecutorUri":"executor://xunit/VsTestRunner2/netcoreapp","Source":"C:\\Users\\hp\\OneDrive\\Desktop\\week-5-task-ogbeidebest\\week-5-task-ogbeidebest\\DiscoveryBank\\DiscoveryBankTests\\bin\\Debug\\net5.0\\fine-code-coverage\\build-output\\DiscoveryBankTests.dll","CodeFilePath":null,"LineNumber":0,"Properties":[]},"Attachments":[],"Outcome":1,"ErrorMessage":null,"ErrorStackTrace":null,"DisplayName":"DiscoveryBankTests.CustomerServiceTest.CustomerByemailTest(actual: \"dadyo@gmail.com\", expected: \"\")","Messages":[],"ComputerName":"LAPTOP-GAA1RH4E","Duration":"00:00:00.0862463","StartTime":"2022-08-03T05:55:36.1593823+00:00","EndTime":"2022-08-03T05:55:36.1593847+00:00","Properties":[]}],"TestRunStatistics":{"ExecutedTests":11,"Stats":{"Passed":11}},"ActiveTests":[{"Id":"629ad972-37b7-6b9b-21ba-9cbf4144e82f","FullyQualifiedName":"DiscoveryBankTests.UserServiceTest.RegisterUserTest","DisplayName":"DiscoveryBankTests.UserServiceTest.RegisterUserTest","ExecutorUri":"executor://xunit/VsTestRunner2/netcoreapp","Source":"C:\\Users\\hp\\OneDrive\\Desktop\\week-5-task-ogbeidebest\\week-5-task-ogbeidebest\\DiscoveryBank\\DiscoveryBankTests\\bin\\Debug\\net5.0\\fine-code-coverage\\build-output\\DiscoveryBankTests.dll","CodeFilePath":null,"LineNumber":0,"Properties":[]},{"Id":"53f4e9dd-f604-63b5-2bc0-27bd491f422d","FullyQualifiedName":"DiscoveryBankTests.CustomerServiceTest.CustomerByemailTest","DisplayName":"DiscoveryBankTests.CustomerServiceTest.CustomerByemailTest(actual: \"dolly@gmail.com\", expected: \" CAZ0221,Dolly,Bolly,dolly@gmail.com,090923675,\")","ExecutorUri":"executor://xunit/VsTestRunner2/netcoreapp","Source":"C:\\Users\\hp\\OneDrive\\Desktop\\week-5-task-ogbeidebest\\week-5-task-ogbeidebest\\DiscoveryBank\\DiscoveryBankTests\\bin\\Debug\\net5.0\\fine-code-coverage\\build-output\\DiscoveryBankTests.dll","CodeFilePath":null,"LineNumber":0,"Properties":[]}]}}
TpTrace Verbose: 0 : 15764, 14, 2022/08/03, 06:55:36.167, 1394326214136, vstest.console.dll, TestRunRequest:SendTestRunStatsChange: Starting.
TpTrace Verbose: 0 : 15764, 14, 2022/08/03, 06:55:36.167, 1394326214570, vstest.console.dll, InProgress is DiscoveryBankTests.UserServiceTest.RegisterUserTest
TpTrace Verbose: 0 : 15764, 14, 2022/08/03, 06:55:36.167, 1394326214732, vstest.console.dll, InProgress is DiscoveryBankTests.CustomerServiceTest.CustomerByemailTest(actual: "dolly@gmail.com", expected: " CAZ0221,Dolly,Bolly,dolly@gmail.com,090923675,")
TpTrace Verbose: 0 : 15764, 14, 2022/08/03, 06:55:36.167, 1394326215091, vstest.console.dll, MulticastDelegateUtilities.SafeInvoke: TestRun.RunStatsChanged: Invoking callbacks was skipped because there are no subscribers.
TpTrace Information: 0 : 15764, 14, 2022/08/03, 06:55:36.167, 1394326215312, vstest.console.dll, TestRunRequest:SendTestRunStatsChange: Completed.
TpTrace Verbose: 0 : 15764, 14, 2022/08/03, 06:55:36.167, 1394326215554, vstest.console.dll, MulticastDelegateUtilities.SafeInvoke: LengthPrefixCommunicationChannel: MessageReceived: Invoking callback 1/1 for Microsoft.VisualStudio.TestPlatform.CommunicationUtilities.TestRequestSender+<>c__DisplayClass30_0.<StartTestRun>b__1, took 1 ms.
TpTrace Verbose: 0 : 15764, 14, 2022/08/03, 06:55:36.167, 1394326215830, vstest.console.dll, TcpClientExtensions.MessageLoopAsync: Polling on remoteEndPoint: 127.0.0.1:52239 localEndPoint: 127.0.0.1:52238
TpTrace Verbose: 0 : 15764, 14, 2022/08/03, 06:55:36.170, 1394326245053, vstest.console.dll, TcpClientExtensions.MessageLoopAsync: NotifyDataAvailable remoteEndPoint: 127.0.0.1:52239 localEndPoint: 127.0.0.1:52238
TpTrace Verbose: 0 : 15764, 14, 2022/08/03, 06:55:36.170, 1394326246213, vstest.console.dll, TestRequestSender.OnExecutionMessageReceived: Received message: {"Version":5,"MessageType":"TestExecution.StatsChange","Payload":{"NewTestResults":[{"TestCase":{"Id":"a46c169a-1773-2f65-fb00-156a3597a9e4","FullyQualifiedName":"DiscoveryBankTests.AuthenticationTest.LoginTest","DisplayName":"DiscoveryBankTests.AuthenticationTest.LoginTest(actual1: \"best@gmail.com\", actual2: \"\", expected: \"The Password Field Is Empty Check And Try Again\")","ExecutorUri":"executor://xunit/VsTestRunner2/netcoreapp","Source":"C:\\Users\\hp\\OneDrive\\Desktop\\week-5-task-ogbeidebest\\week-5-task-ogbeidebest\\DiscoveryBank\\DiscoveryBankTests\\bin\\Debug\\net5.0\\fine-code-coverage\\build-output\\DiscoveryBankTests.dll","CodeFilePath":null,"LineNumber":0,"Properties":[]},"Attachments":[],"Outcome":1,"ErrorMessage":null,"ErrorStackTrace":null,"DisplayName":"DiscoveryBankTests.AuthenticationTest.LoginTest(actual1: \"best@gmail.com\", actual2: \"\", expected: \"The Password Field Is Empty Check And Try Again\")","Messages":[],"ComputerName":"LAPTOP-GAA1RH4E","Duration":"00:00:00.0867411","StartTime":"2022-08-03T05:55:36.1618605+00:00","EndTime":"2022-08-03T05:55:36.1618617+00:00","Properties":[]},{"TestCase":{"Id":"53f4e9dd-f604-63b5-2bc0-27bd491f422d","FullyQualifiedName":"DiscoveryBankTests.CustomerServiceTest.CustomerByemailTest","DisplayName":"DiscoveryBankTests.CustomerServiceTest.CustomerByemailTest(actual: \"dolly@gmail.com\", expected: \" CAZ0221,Dolly,Bolly,dolly@gmail.com,090923675,\")","ExecutorUri":"executor://xunit/VsTestRunner2/netcoreapp","Source":"C:\\Users\\hp\\OneDrive\\Desktop\\week-5-task-ogbeidebest\\week-5-task-ogbeidebest\\DiscoveryBank\\DiscoveryBankTests\\bin\\Debug\\net5.0\\fine-code-coverage\\build-output\\DiscoveryBankTests.dll","CodeFilePath":null,"LineNumber":0,"Properties":[]},"Attachments":[],"Outcome":1,"ErrorMessage":null,"ErrorStackTrace":null,"DisplayName":"DiscoveryBankTests.CustomerServiceTest.CustomerByemailTest(actual: \"dolly@gmail.com\", expected: \" CAZ0221,Dolly,Bolly,dolly@gmail.com,090923675,\")","Messages":[],"ComputerName":"LAPTOP-GAA1RH4E","Duration":"00:00:00.0003047","StartTime":"2022-08-03T05:55:36.1633662+00:00","EndTime":"2022-08-03T05:55:36.1633671+00:00","Properties":[]},{"TestCase":{"Id":"ccb224e8-aca1-9ba9-5b3a-ebd851eb256b","FullyQualifiedName":"DiscoveryBankTests.TransactionServiceTest.InitilaDepositTest","DisplayName":"DiscoveryBankTests.TransactionServiceTest.InitilaDepositTest","ExecutorUri":"executor://xunit/VsTestRunner2/netcoreapp","Source":"C:\\Users\\hp\\OneDrive\\Desktop\\week-5-task-ogbeidebest\\week-5-task-ogbeidebest\\DiscoveryBank\\DiscoveryBankTests\\bin\\Debug\\net5.0\\fine-code-coverage\\build-output\\DiscoveryBankTests.dll","CodeFilePath":null,"LineNumber":0,"Properties":[]},"Attachments":[],"Outcome":1,"ErrorMessage":null,"ErrorStackTrace":null,"DisplayName":"DiscoveryBankTests.TransactionServiceTest.InitilaDepositTest","Messages":[],"ComputerName":"LAPTOP-GAA1RH4E","Duration":"00:00:00.0868702","StartTime":"2022-08-03T05:55:36.1645422+00:00","EndTime":"2022-08-03T05:55:36.1645427+00:00","Properties":[]},{"TestCase":{"Id":"ab6fe1ce-82da-3e1d-ab07-0858dfc9565f","FullyQualifiedName":"DiscoveryBankTests.AuthenticationTest.LoginTest","DisplayName":"DiscoveryBankTests.AuthenticationTest.LoginTest(actual1: \"best\", actual2: \"pass12@\", expected: \"The E-mail is Invalid Please Use A Valid E-mail\")","ExecutorUri":"executor://xunit/VsTestRunner2/netcoreapp","Source":"C:\\Users\\hp\\OneDrive\\Desktop\\week-5-task-ogbeidebest\\week-5-task-ogbeidebest\\DiscoveryBank\\DiscoveryBankTests\\bin\\Debug\\net5.0\\fine-code-coverage\\build-output\\DiscoveryBankTests.dll","CodeFilePath":null,"LineNumber":0,"Properties":[]},"Attachments":[],"Outcome":1,"ErrorMessage":null,"ErrorStackTrace":null,"DisplayName":"DiscoveryBankTests.AuthenticationTest.LoginTest(actual1: \"best\", actual2: \"pass12@\", expected: \"The E-mail is Invalid Please Use A Valid E-mail\")","Messages":[],"ComputerName":"LAPTOP-GAA1RH4E","Duration":"00:00:00.0003143","StartTime":"2022-08-03T05:55:36.1656655+00:00","EndTime":"2022-08-03T05:55:36.1656661+00:00","Properties":[]},{"TestCase":{"Id":"7e9f9a57-79cf-ee42-771c-bc8efe3dcf8e","FullyQualifiedName":"DiscoveryBankTests.CustomerServiceTest.GetCustomerDetailsTest","DisplayName":"DiscoveryBankTests.CustomerServiceTest.GetCustomerDetailsTest(actual1: \" CAZ0221\", expected: \" CAZ0221,Dolly,Bolly,dolly@gmail.com,090923675,\")","ExecutorUri":"executor://xunit/VsTestRunner2/netcoreapp","Source":"C:\\Users\\hp\\OneDrive\\Desktop\\week-5-task-ogbeidebest\\week-5-task-ogbeidebest\\DiscoveryBank\\DiscoveryBankTests\\bin\\Debug\\net5.0\\fine-code-coverage\\build-output\\DiscoveryBankTests.dll","CodeFilePath":null,"LineNumber":0,"Properties":[]},"Attachments":[],"Outcome":1,"ErrorMessage":null,"ErrorStackTrace":null,"DisplayName":"DiscoveryBankTests.CustomerServiceTest.GetCustomerDetailsTest(actual1: \" CAZ0221\", expected: \" CAZ0221,Dolly,Bolly,dolly@gmail.com,090923675,\")","Messages":[],"ComputerName":"LAPTOP-GAA1RH4E","Duration":"00:00:00.0008564","StartTime":"2022-08-03T05:55:36.1670098+00:00","EndTime":"2022-08-03T05:55:36.1670104+00:00","Properties":[]},{"TestCase":{"Id":"a619279e-7ba0-e0d0-95dc-eab5ddfbab55","FullyQualifiedName":"DiscoveryBankTests.AuthenticationTest.LoginTest","DisplayName":"DiscoveryBankTests.AuthenticationTest.LoginTest(actual1: \"omo@gmail.com\", actual2: \"pass12@\", expected: \"OK\")","ExecutorUri":"executor://xunit/VsTestRunner2/netcoreapp","Source":"C:\\Users\\hp\\OneDrive\\Desktop\\week-5-task-ogbeidebest\\week-5-task-ogbeidebest\\DiscoveryBank\\DiscoveryBankTests\\bin\\Debug\\net5.0\\fine-code-coverage\\build-output\\DiscoveryBankTests.dll","CodeFilePath":null,"LineNumber":0,"Properties":[]},"Attachments":[],"Outcome":1,"ErrorMessage":null,"ErrorStackTrace":null,"DisplayName":"DiscoveryBankTests.AuthenticationTest.LoginTest(actual1: \"omo@gmail.com\", actual2: \"pass12@\", expected: \"OK\")","Messages":[],"ComputerName":"LAPTOP-GAA1RH4E","Duration":"00:00:00.0006856","StartTime":"2022-08-03T05:55:36.1675748+00:00","EndTime":"2022-08-03T05:55:36.1675751+00:00","Properties":[]},{"TestCase":{"Id":"af79b15f-fa1f-d780-d957-ecb6590302c4","FullyQualifiedName":"DiscoveryBankTests.CustomerServiceTest.GetCustomerDetailsTest","DisplayName":"DiscoveryBankTests.CustomerServiceTest.GetCustomerDetailsTest(actual1: \"Acc345\", expected: \"\")","ExecutorUri":"executor://xunit/VsTestRunner2/netcoreapp","Source":"C:\\Users\\hp\\OneDrive\\Desktop\\week-5-task-ogbeidebest\\week-5-task-ogbeidebest\\DiscoveryBank\\DiscoveryBankTests\\bin\\Debug\\net5.0\\fine-code-coverage\\build-output\\DiscoveryBankTests.dll","CodeFilePath":null,"LineNumber":0,"Properties":[]},"Attachments":[],"Outcome":1,"ErrorMessage":null,"ErrorStackTrace":null,"DisplayName":"DiscoveryBankTests.CustomerServiceTest.GetCustomerDetailsTest(actual1: \"Acc345\", expected: \"\")","Messages":[],"ComputerName":"LAPTOP-GAA1RH4E","Duration":"00:00:00.0002337","StartTime":"2022-08-03T05:55:36.1692735+00:00","EndTime":"2022-08-03T05:55:36.169274+00:00","Properties":[]}],"TestRunStatistics":{"ExecutedTests":18,"Stats":{"Passed":18}},"ActiveTests":[{"Id":"3f7d9d8b-ff4a-9770-7de6-47967ae2ac4c","FullyQualifiedName":"DiscoveryBankTests.TransactionServiceTest.withdrawCheckTest","DisplayName":"DiscoveryBankTests.TransactionServiceTest.withdrawCheckTest","ExecutorUri":"executor://xunit/VsTestRunner2/netcoreapp","Source":"C:\\Users\\hp\\OneDrive\\Desktop\\week-5-task-ogbeidebest\\week-5-task-ogbeidebest\\DiscoveryBank\\DiscoveryBankTests\\bin\\Debug\\net5.0\\fine-code-coverage\\build-output\\DiscoveryBankTests.dll","CodeFilePath":null,"LineNumber":0,"Properties":[]},{"Id":"c7b9c6e7-6d45-d193-90f9-46f33a6b38c9","FullyQualifiedName":"DiscoveryBankTests.AuthenticationTest.LoginTest","DisplayName":"DiscoveryBankTests.AuthenticationTest.LoginTest(actual1: \"best@gmail.com\", actual2: \"pass12@\", expected: \"Incorrect login details\")","ExecutorUri":"executor://xunit/VsTestRunner2/netcoreapp","Source":"C:\\Users\\hp\\OneDrive\\Desktop\\week-5-task-ogbeidebest\\week-5-task-ogbeidebest\\DiscoveryBank\\DiscoveryBankTests\\bin\\Debug\\net5.0\\fine-code-coverage\\build-output\\DiscoveryBankTests.dll","CodeFilePath":null,"LineNumber":0,"Properties":[]},{"Id":"65faa570-9ead-1526-b598-e8c4ef279882","FullyQualifiedName":"DiscoveryBankTests.CustomerServiceTest.addNewCustomerTest","DisplayName":"DiscoveryBankTests.CustomerServiceTest.addNewCustomerTest","ExecutorUri":"executor://xunit/VsTestRunner2/netcoreapp","Source":"C:\\Users\\hp\\OneDrive\\Desktop\\week-5-task-ogbeidebest\\week-5-task-ogbeidebest\\DiscoveryBank\\DiscoveryBankTests\\bin\\Debug\\net5.0\\fine-code-coverage\\build-output\\DiscoveryBankTests.dll","CodeFilePath":null,"LineNumber":0,"Properties":[]}]}}
TpTrace Verbose: 0 : 15764, 4, 2022/08/03, 06:55:36.170, 1394326250676, vstest.console.dll, MulticastDelegateUtilities.SafeInvoke: InternalTestLoggerEvents.SendTestResult: Invoking callback 1/1 for Microsoft.VisualStudio.TestPlatform.CommandLine.Internal.ConsoleLogger.TestResultHandler, took 5 ms.
TpTrace Verbose: 0 : 15764, 4, 2022/08/03, 06:55:36.171, 1394326251567, vstest.console.dll, MulticastDelegateUtilities.SafeInvoke: InternalTestLoggerEvents.SendTestResult: Invoking callback 1/1 for Microsoft.VisualStudio.TestPlatform.CommandLine.Internal.ConsoleLogger.TestResultHandler, took 0 ms.
TpTrace Verbose: 0 : 15764, 4, 2022/08/03, 06:55:36.171, 1394326251817, vstest.console.dll, MulticastDelegateUtilities.SafeInvoke: InternalTestLoggerEvents.SendTestResult: Invoking callback 1/1 for Microsoft.VisualStudio.TestPlatform.CommandLine.Internal.ConsoleLogger.TestResultHandler, took 0 ms.
TpTrace Verbose: 0 : 15764, 4, 2022/08/03, 06:55:36.171, 1394326252100, vstest.console.dll, MulticastDelegateUtilities.SafeInvoke: InternalTestLoggerEvents.SendTestResult: Invoking callback 1/1 for Microsoft.VisualStudio.TestPlatform.CommandLine.Internal.ConsoleLogger.TestResultHandler, took 0 ms.
TpTrace Verbose: 0 : 15764, 4, 2022/08/03, 06:55:36.171, 1394326252316, vstest.console.dll, MulticastDelegateUtilities.SafeInvoke: InternalTestLoggerEvents.SendTestResult: Invoking callback 1/1 for Microsoft.VisualStudio.TestPlatform.CommandLine.Internal.ConsoleLogger.TestResultHandler, took 0 ms.
TpTrace Verbose: 0 : 15764, 4, 2022/08/03, 06:55:36.171, 1394326252524, vstest.console.dll, MulticastDelegateUtilities.SafeInvoke: InternalTestLoggerEvents.SendTestResult: Invoking callback 1/1 for Microsoft.VisualStudio.TestPlatform.CommandLine.Internal.ConsoleLogger.TestResultHandler, took 0 ms.
TpTrace Verbose: 0 : 15764, 4, 2022/08/03, 06:55:36.171, 1394326252761, vstest.console.dll, MulticastDelegateUtilities.SafeInvoke: InternalTestLoggerEvents.SendTestResult: Invoking callback 1/1 for Microsoft.VisualStudio.TestPlatform.CommandLine.Internal.ConsoleLogger.TestResultHandler, took 0 ms.
TpTrace Verbose: 0 : 15764, 4, 2022/08/03, 06:55:36.171, 1394326252948, vstest.console.dll, MulticastDelegateUtilities.SafeInvoke: InternalTestLoggerEvents.SendTestResult: Invoking callback 1/1 for Microsoft.VisualStudio.TestPlatform.CommandLine.Internal.ConsoleLogger.TestResultHandler, took 0 ms.
TpTrace Verbose: 0 : 15764, 4, 2022/08/03, 06:55:36.171, 1394326253123, vstest.console.dll, MulticastDelegateUtilities.SafeInvoke: InternalTestLoggerEvents.SendTestResult: Invoking callback 1/1 for Microsoft.VisualStudio.TestPlatform.CommandLine.Internal.ConsoleLogger.TestResultHandler, took 0 ms.
TpTrace Verbose: 0 : 15764, 4, 2022/08/03, 06:55:36.171, 1394326253331, vstest.console.dll, MulticastDelegateUtilities.SafeInvoke: InternalTestLoggerEvents.SendTestResult: Invoking callback 1/1 for Microsoft.VisualStudio.TestPlatform.CommandLine.Internal.ConsoleLogger.TestResultHandler, took 0 ms.
TpTrace Verbose: 0 : 15764, 4, 2022/08/03, 06:55:36.171, 1394326253518, vstest.console.dll, MulticastDelegateUtilities.SafeInvoke: InternalTestLoggerEvents.SendTestResult: Invoking callback 1/1 for Microsoft.VisualStudio.TestPlatform.CommandLine.Internal.ConsoleLogger.TestResultHandler, took 0 ms.
TpTrace Verbose: 0 : 15764, 14, 2022/08/03, 06:55:36.171, 1394326258491, vstest.console.dll, TestRunRequest:SendTestRunStatsChange: Starting.
TpTrace Verbose: 0 : 15764, 14, 2022/08/03, 06:55:36.171, 1394326258908, vstest.console.dll, InProgress is DiscoveryBankTests.TransactionServiceTest.withdrawCheckTest
TpTrace Verbose: 0 : 15764, 14, 2022/08/03, 06:55:36.171, 1394326259078, vstest.console.dll, InProgress is DiscoveryBankTests.AuthenticationTest.LoginTest(actual1: "best@gmail.com", actual2: "pass12@", expected: "Incorrect login details")
TpTrace Verbose: 0 : 15764, 14, 2022/08/03, 06:55:36.171, 1394326259291, vstest.console.dll, InProgress is DiscoveryBankTests.CustomerServiceTest.addNewCustomerTest
TpTrace Verbose: 0 : 15764, 14, 2022/08/03, 06:55:36.171, 1394326259558, vstest.console.dll, MulticastDelegateUtilities.SafeInvoke: TestRun.RunStatsChanged: Invoking callbacks was skipped because there are no subscribers.
TpTrace Information: 0 : 15764, 14, 2022/08/03, 06:55:36.171, 1394326259724, vstest.console.dll, TestRunRequest:SendTestRunStatsChange: Completed.
TpTrace Verbose: 0 : 15764, 14, 2022/08/03, 06:55:36.171, 1394326259934, vstest.console.dll, MulticastDelegateUtilities.SafeInvoke: LengthPrefixCommunicationChannel: MessageReceived: Invoking callback 1/1 for Microsoft.VisualStudio.TestPlatform.CommunicationUtilities.TestRequestSender+<>c__DisplayClass30_0.<StartTestRun>b__1, took 1 ms.
TpTrace Verbose: 0 : 15764, 14, 2022/08/03, 06:55:36.171, 1394326260194, vstest.console.dll, TcpClientExtensions.MessageLoopAsync: Polling on remoteEndPoint: 127.0.0.1:52239 localEndPoint: 127.0.0.1:52238
TpTrace Verbose: 0 : 15764, 4, 2022/08/03, 06:55:36.171, 1394326260734, vstest.console.dll, MulticastDelegateUtilities.SafeInvoke: InternalTestLoggerEvents.SendTestResult: Invoking callback 1/1 for Microsoft.VisualStudio.TestPlatform.CommandLine.Internal.ConsoleLogger.TestResultHandler, took 0 ms.
TpTrace Verbose: 0 : 15764, 4, 2022/08/03, 06:55:36.172, 1394326261406, vstest.console.dll, MulticastDelegateUtilities.SafeInvoke: InternalTestLoggerEvents.SendTestResult: Invoking callback 1/1 for Microsoft.VisualStudio.TestPlatform.CommandLine.Internal.ConsoleLogger.TestResultHandler, took 0 ms.
TpTrace Verbose: 0 : 15764, 4, 2022/08/03, 06:55:36.172, 1394326261734, vstest.console.dll, MulticastDelegateUtilities.SafeInvoke: InternalTestLoggerEvents.SendTestResult: Invoking callback 1/1 for Microsoft.VisualStudio.TestPlatform.CommandLine.Internal.ConsoleLogger.TestResultHandler, took 0 ms.
TpTrace Verbose: 0 : 15764, 4, 2022/08/03, 06:55:36.172, 1394326262128, vstest.console.dll, MulticastDelegateUtilities.SafeInvoke: InternalTestLoggerEvents.SendTestResult: Invoking callback 1/1 for Microsoft.VisualStudio.TestPlatform.CommandLine.Internal.ConsoleLogger.TestResultHandler, took 0 ms.
TpTrace Verbose: 0 : 15764, 4, 2022/08/03, 06:55:36.172, 1394326262363, vstest.console.dll, MulticastDelegateUtilities.SafeInvoke: InternalTestLoggerEvents.SendTestResult: Invoking callback 1/1 for Microsoft.VisualStudio.TestPlatform.CommandLine.Internal.ConsoleLogger.TestResultHandler, took 0 ms.
TpTrace Verbose: 0 : 15764, 4, 2022/08/03, 06:55:36.172, 1394326262563, vstest.console.dll, MulticastDelegateUtilities.SafeInvoke: InternalTestLoggerEvents.SendTestResult: Invoking callback 1/1 for Microsoft.VisualStudio.TestPlatform.CommandLine.Internal.ConsoleLogger.TestResultHandler, took 0 ms.
TpTrace Verbose: 0 : 15764, 4, 2022/08/03, 06:55:36.172, 1394326262791, vstest.console.dll, MulticastDelegateUtilities.SafeInvoke: InternalTestLoggerEvents.SendTestResult: Invoking callback 1/1 for Microsoft.VisualStudio.TestPlatform.CommandLine.Internal.ConsoleLogger.TestResultHandler, took 0 ms.
TpTrace Verbose: 0 : 15764, 14, 2022/08/03, 06:55:36.180, 1394326344600, vstest.console.dll, TcpClientExtensions.MessageLoopAsync: NotifyDataAvailable remoteEndPoint: 127.0.0.1:52239 localEndPoint: 127.0.0.1:52238
TpTrace Verbose: 0 : 15764, 14, 2022/08/03, 06:55:36.180, 1394326346549, vstest.console.dll, TestRequestSender.OnExecutionMessageReceived: Received message: {"Version":5,"MessageType":"TestExecution.StatsChange","Payload":{"NewTestResults":[{"TestCase":{"Id":"c7b9c6e7-6d45-d193-90f9-46f33a6b38c9","FullyQualifiedName":"DiscoveryBankTests.AuthenticationTest.LoginTest","DisplayName":"DiscoveryBankTests.AuthenticationTest.LoginTest(actual1: \"best@gmail.com\", actual2: \"pass12@\", expected: \"Incorrect login details\")","ExecutorUri":"executor://xunit/VsTestRunner2/netcoreapp","Source":"C:\\Users\\hp\\OneDrive\\Desktop\\week-5-task-ogbeidebest\\week-5-task-ogbeidebest\\DiscoveryBank\\DiscoveryBankTests\\bin\\Debug\\net5.0\\fine-code-coverage\\build-output\\DiscoveryBankTests.dll","CodeFilePath":null,"LineNumber":0,"Properties":[]},"Attachments":[],"Outcome":1,"ErrorMessage":null,"ErrorStackTrace":null,"DisplayName":"DiscoveryBankTests.AuthenticationTest.LoginTest(actual1: \"best@gmail.com\", actual2: \"pass12@\", expected: \"Incorrect login details\")","Messages":[],"ComputerName":"LAPTOP-GAA1RH4E","Duration":"00:00:00.0003002","StartTime":"2022-08-03T05:55:36.1710441+00:00","EndTime":"2022-08-03T05:55:36.171045+00:00","Properties":[]},{"TestCase":{"Id":"b785599e-211f-d77b-346b-e538a2f91d48","FullyQualifiedName":"DiscoveryBankTests.AuthenticationTest.CheckIfEmpty","DisplayName":"DiscoveryBankTests.AuthenticationTest.CheckIfEmpty(actual1: \"best@gmail.com\", actual2: \"\", expected: \"The Password Field Is Empty Check And Try Again\")","ExecutorUri":"executor://xunit/VsTestRunner2/netcoreapp","Source":"C:\\Users\\hp\\OneDrive\\Desktop\\week-5-task-ogbeidebest\\week-5-task-ogbeidebest\\DiscoveryBank\\DiscoveryBankTests\\bin\\Debug\\net5.0\\fine-code-coverage\\build-output\\DiscoveryBankTests.dll","CodeFilePath":null,"LineNumber":0,"Properties":[]},"Attachments":[],"Outcome":1,"ErrorMessage":null,"ErrorStackTrace":null,"DisplayName":"DiscoveryBankTests.AuthenticationTest.CheckIfEmpty(actual1: \"best@gmail.com\", actual2: \"\", expected: \"The Password Field Is Empty Check And Try Again\")","Messages":[],"ComputerName":"LAPTOP-GAA1RH4E","Duration":"00:00:00.0001894","StartTime":"2022-08-03T05:55:36.1724215+00:00","EndTime":"2022-08-03T05:55:36.172423+00:00","Properties":[]},{"TestCase":{"Id":"146f05ae-d695-e748-d140-460726c17598","FullyQualifiedName":"DiscoveryBankTests.AuthenticationTest.CheckIfEmpty","DisplayName":"DiscoveryBankTests.AuthenticationTest.CheckIfEmpty(actual1: \"\", actual2: \"best\", expected: \"The Email Field Is Empty Check And Try Again\")","ExecutorUri":"executor://xunit/VsTestRunner2/netcoreapp","Source":"C:\\Users\\hp\\OneDrive\\Desktop\\week-5-task-ogbeidebest\\week-5-task-ogbeidebest\\DiscoveryBank\\DiscoveryBankTests\\bin\\Debug\\net5.0\\fine-code-coverage\\build-output\\DiscoveryBankTests.dll","CodeFilePath":null,"LineNumber":0,"Properties":[]},"Attachments":[],"Outcome":1,"ErrorMessage":null,"ErrorStackTrace":null,"DisplayName":"DiscoveryBankTests.AuthenticationTest.CheckIfEmpty(actual1: \"\", actual2: \"best\", expected: \"The Email Field Is Empty Check And Try Again\")","Messages":[],"ComputerName":"LAPTOP-GAA1RH4E","Duration":"00:00:00.0000538","StartTime":"2022-08-03T05:55:36.1739407+00:00","EndTime":"2022-08-03T05:55:36.1739417+00:00","Properties":[]},{"TestCase":{"Id":"7187084a-8693-b464-85af-04c0dd6d1742","FullyQualifiedName":"DiscoveryBankTests.AuthenticationTest.CheckIfEmpty","DisplayName":"DiscoveryBankTests.AuthenticationTest.CheckIfEmpty(actual1: \"best@gmail.com\", actual2: \"pass12@\", expected: \"OK\")","ExecutorUri":"executor://xunit/VsTestRunner2/netcoreapp","Source":"C:\\Users\\hp\\OneDrive\\Desktop\\week-5-task-ogbeidebest\\week-5-task-ogbeidebest\\DiscoveryBank\\DiscoveryBankTests\\bin\\Debug\\net5.0\\fine-code-coverage\\build-output\\DiscoveryBankTests.dll","CodeFilePath":null,"LineNumber":0,"Properties":[]},"Attachments":[],"Outcome":1,"ErrorMessage":null,"ErrorStackTrace":null,"DisplayName":"DiscoveryBankTests.AuthenticationTest.CheckIfEmpty(actual1: \"best@gmail.com\", actual2: \"pass12@\", expected: \"OK\")","Messages":[],"ComputerName":"LAPTOP-GAA1RH4E","Duration":"00:00:00.0000392","StartTime":"2022-08-03T05:55:36.1751273+00:00","EndTime":"2022-08-03T05:55:36.1751279+00:00","Properties":[]},{"TestCase":{"Id":"65faa570-9ead-1526-b598-e8c4ef279882","FullyQualifiedName":"DiscoveryBankTests.CustomerServiceTest.addNewCustomerTest","DisplayName":"DiscoveryBankTests.CustomerServiceTest.addNewCustomerTest","ExecutorUri":"executor://xunit/VsTestRunner2/netcoreapp","Source":"C:\\Users\\hp\\OneDrive\\Desktop\\week-5-task-ogbeidebest\\week-5-task-ogbeidebest\\DiscoveryBank\\DiscoveryBankTests\\bin\\Debug\\net5.0\\fine-code-coverage\\build-output\\DiscoveryBankTests.dll","CodeFilePath":null,"LineNumber":0,"Properties":[]},"Attachments":[],"Outcome":1,"ErrorMessage":null,"ErrorStackTrace":null,"DisplayName":"DiscoveryBankTests.CustomerServiceTest.addNewCustomerTest","Messages":[],"ComputerName":"LAPTOP-GAA1RH4E","Duration":"00:00:00.0005461","StartTime":"2022-08-03T05:55:36.1762747+00:00","EndTime":"2022-08-03T05:55:36.1762753+00:00","Properties":[]},{"TestCase":{"Id":"3f7d9d8b-ff4a-9770-7de6-47967ae2ac4c","FullyQualifiedName":"DiscoveryBankTests.TransactionServiceTest.withdrawCheckTest","DisplayName":"DiscoveryBankTests.TransactionServiceTest.withdrawCheckTest","ExecutorUri":"executor://xunit/VsTestRunner2/netcoreapp","Source":"C:\\Users\\hp\\OneDrive\\Desktop\\week-5-task-ogbeidebest\\week-5-task-ogbeidebest\\DiscoveryBank\\DiscoveryBankTests\\bin\\Debug\\net5.0\\fine-code-coverage\\build-output\\DiscoveryBankTests.dll","CodeFilePath":null,"LineNumber":0,"Properties":[]},"Attachments":[],"Outcome":1,"ErrorMessage":null,"ErrorStackTrace":null,"DisplayName":"DiscoveryBankTests.TransactionServiceTest.withdrawCheckTest","Messages":[],"ComputerName":"LAPTOP-GAA1RH4E","Duration":"00:00:00.0018551","StartTime":"2022-08-03T05:55:36.1769174+00:00","EndTime":"2022-08-03T05:55:36.1769177+00:00","Properties":[]},{"TestCase":{"Id":"629ad972-37b7-6b9b-21ba-9cbf4144e82f","FullyQualifiedName":"DiscoveryBankTests.UserServiceTest.RegisterUserTest","DisplayName":"DiscoveryBankTests.UserServiceTest.RegisterUserTest","ExecutorUri":"executor://xunit/VsTestRunner2/netcoreapp","Source":"C:\\Users\\hp\\OneDrive\\Desktop\\week-5-task-ogbeidebest\\week-5-task-ogbeidebest\\DiscoveryBank\\DiscoveryBankTests\\bin\\Debug\\net5.0\\fine-code-coverage\\build-output\\DiscoveryBankTests.dll","CodeFilePath":null,"LineNumber":0,"Properties":[]},"Attachments":[],"Outcome":1,"ErrorMessage":null,"ErrorStackTrace":null,"DisplayName":"DiscoveryBankTests.UserServiceTest.RegisterUserTest","Messages":[],"ComputerName":"LAPTOP-GAA1RH4E","Duration":"00:00:00.0080311","StartTime":"2022-08-03T05:55:36.1783789+00:00","EndTime":"2022-08-03T05:55:36.1783796+00:00","Properties":[]},{"TestCase":{"Id":"1c71e5e1-324f-424d-77ea-1545cb3739f6","FullyQualifiedName":"DiscoveryBankTests.AuthenticationTest.EmailExistTest","DisplayName":"DiscoveryBankTests.AuthenticationTest.EmailExistTest(actual1: \"best\", expected: False)","ExecutorUri":"executor://xunit/VsTestRunner2/netcoreapp","Source":"C:\\Users\\hp\\OneDrive\\Desktop\\week-5-task-ogbeidebest\\week-5-task-ogbeidebest\\DiscoveryBank\\DiscoveryBankTests\\bin\\Debug\\net5.0\\fine-code-coverage\\build-output\\DiscoveryBankTests.dll","CodeFilePath":null,"LineNumber":0,"Properties":[]},"Attachments":[],"Outcome":1,"ErrorMessage":null,"ErrorStackTrace":null,"DisplayName":"DiscoveryBankTests.AuthenticationTest.EmailExistTest(actual1: \"best\", expected: False)","Messages":[],"ComputerName":"LAPTOP-GAA1RH4E","Duration":"00:00:00.0010062","StartTime":"2022-08-03T05:55:36.1790791+00:00","EndTime":"2022-08-03T05:55:36.1790795+00:00","Properties":[]}],"TestRunStatistics":{"ExecutedTests":26,"Stats":{"Passed":26}},"ActiveTests":[{"Id":"b3c9cfd8-7897-b5b9-d81d-33d62338938e","FullyQualifiedName":"DiscoveryBankTests.TransactionServiceTest.transferTest","DisplayName":"DiscoveryBankTests.TransactionServiceTest.transferTest(actual1: \"CAZ3131\", actual2: \"0012041336\", actual3: 700, actual4: \"checked\", actual5: \"Saving Account\", expected: \"The sender's and reciever's account are the same y\"...)","ExecutorUri":"executor://xunit/VsTestRunner2/netcoreapp","Source":"C:\\Users\\hp\\OneDrive\\Desktop\\week-5-task-ogbeidebest\\week-5-task-ogbeidebest\\DiscoveryBank\\DiscoveryBankTests\\bin\\Debug\\net5.0\\fine-code-coverage\\build-output\\DiscoveryBankTests.dll","CodeFilePath":null,"LineNumber":0,"Properties":[]},{"Id":"6925bf27-cd37-4930-e036-8f97775f2e90","FullyQualifiedName":"DiscoveryBankTests.AuthenticationTest.EmailExistTest","DisplayName":"DiscoveryBankTests.AuthenticationTest.EmailExistTest(actual1: \"alx120\", expected: True)","ExecutorUri":"executor://xunit/VsTestRunner2/netcoreapp","Source":"C:\\Users\\hp\\OneDrive\\Desktop\\week-5-task-ogbeidebest\\week-5-task-ogbeidebest\\DiscoveryBank\\DiscoveryBankTests\\bin\\Debug\\net5.0\\fine-code-coverage\\build-output\\DiscoveryBankTests.dll","CodeFilePath":null,"LineNumber":0,"Properties":[]}]}}
TpTrace Verbose: 0 : 15764, 14, 2022/08/03, 06:55:36.182, 1394326361420, vstest.console.dll, TestRunRequest:SendTestRunStatsChange: Starting.
TpTrace Verbose: 0 : 15764, 14, 2022/08/03, 06:55:36.182, 1394326361870, vstest.console.dll, InProgress is DiscoveryBankTests.TransactionServiceTest.transferTest(actual1: "CAZ3131", actual2: "0012041336", actual3: 700, actual4: "checked", actual5: "Saving Account", expected: "The sender's and reciever's account are the same y"...)
TpTrace Verbose: 0 : 15764, 14, 2022/08/03, 06:55:36.182, 1394326362064, vstest.console.dll, InProgress is DiscoveryBankTests.AuthenticationTest.EmailExistTest(actual1: "alx120", expected: True)
TpTrace Verbose: 0 : 15764, 14, 2022/08/03, 06:55:36.182, 1394326363190, vstest.console.dll, MulticastDelegateUtilities.SafeInvoke: TestRun.RunStatsChanged: Invoking callbacks was skipped because there are no subscribers.
TpTrace Information: 0 : 15764, 14, 2022/08/03, 06:55:36.182, 1394326363498, vstest.console.dll, TestRunRequest:SendTestRunStatsChange: Completed.
TpTrace Verbose: 0 : 15764, 4, 2022/08/03, 06:55:36.182, 1394326363658, vstest.console.dll, MulticastDelegateUtilities.SafeInvoke: InternalTestLoggerEvents.SendTestResult: Invoking callback 1/1 for Microsoft.VisualStudio.TestPlatform.CommandLine.Internal.ConsoleLogger.TestResultHandler, took 0 ms.
TpTrace Verbose: 0 : 15764, 14, 2022/08/03, 06:55:36.182, 1394326363790, vstest.console.dll, MulticastDelegateUtilities.SafeInvoke: LengthPrefixCommunicationChannel: MessageReceived: Invoking callback 1/1 for Microsoft.VisualStudio.TestPlatform.CommunicationUtilities.TestRequestSender+<>c__DisplayClass30_0.<StartTestRun>b__1, took 1 ms.
TpTrace Verbose: 0 : 15764, 14, 2022/08/03, 06:55:36.182, 1394326365033, vstest.console.dll, TcpClientExtensions.MessageLoopAsync: Polling on remoteEndPoint: 127.0.0.1:52239 localEndPoint: 127.0.0.1:52238
TpTrace Verbose: 0 : 15764, 4, 2022/08/03, 06:55:36.184, 1394326381834, vstest.console.dll, MulticastDelegateUtilities.SafeInvoke: InternalTestLoggerEvents.SendTestResult: Invoking callback 1/1 for Microsoft.VisualStudio.TestPlatform.CommandLine.Internal.ConsoleLogger.TestResultHandler, took 1 ms.
TpTrace Verbose: 0 : 15764, 4, 2022/08/03, 06:55:36.184, 1394326382608, vstest.console.dll, MulticastDelegateUtilities.SafeInvoke: InternalTestLoggerEvents.SendTestResult: Invoking callback 1/1 for Microsoft.VisualStudio.TestPlatform.CommandLine.Internal.ConsoleLogger.TestResultHandler, took 0 ms.
TpTrace Verbose: 0 : 15764, 4, 2022/08/03, 06:55:36.184, 1394326382983, vstest.console.dll, MulticastDelegateUtilities.SafeInvoke: InternalTestLoggerEvents.SendTestResult: Invoking callback 1/1 for Microsoft.VisualStudio.TestPlatform.CommandLine.Internal.ConsoleLogger.TestResultHandler, took 0 ms.
TpTrace Verbose: 0 : 15764, 4, 2022/08/03, 06:55:36.184, 1394326383326, vstest.console.dll, MulticastDelegateUtilities.SafeInvoke: InternalTestLoggerEvents.SendTestResult: Invoking callback 1/1 for Microsoft.VisualStudio.TestPlatform.CommandLine.Internal.ConsoleLogger.TestResultHandler, took 0 ms.
TpTrace Verbose: 0 : 15764, 4, 2022/08/03, 06:55:36.184, 1394326383694, vstest.console.dll, MulticastDelegateUtilities.SafeInvoke: InternalTestLoggerEvents.SendTestResult: Invoking callback 1/1 for Microsoft.VisualStudio.TestPlatform.CommandLine.Internal.ConsoleLogger.TestResultHandler, took 0 ms.
TpTrace Verbose: 0 : 15764, 4, 2022/08/03, 06:55:36.184, 1394326384004, vstest.console.dll, MulticastDelegateUtilities.SafeInvoke: InternalTestLoggerEvents.SendTestResult: Invoking callback 1/1 for Microsoft.VisualStudio.TestPlatform.CommandLine.Internal.ConsoleLogger.TestResultHandler, took 0 ms.
TpTrace Verbose: 0 : 15764, 4, 2022/08/03, 06:55:36.184, 1394326384337, vstest.console.dll, MulticastDelegateUtilities.SafeInvoke: InternalTestLoggerEvents.SendTestResult: Invoking callback 1/1 for Microsoft.VisualStudio.TestPlatform.CommandLine.Internal.ConsoleLogger.TestResultHandler, took 0 ms.
TpTrace Verbose: 0 : 15764, 14, 2022/08/03, 06:55:36.192, 1394326470251, vstest.console.dll, TcpClientExtensions.MessageLoopAsync: NotifyDataAvailable remoteEndPoint: 127.0.0.1:52239 localEndPoint: 127.0.0.1:52238
TpTrace Verbose: 0 : 15764, 14, 2022/08/03, 06:55:36.193, 1394326472493, vstest.console.dll, TestRequestSender.OnExecutionMessageReceived: Received message: {"Version":5,"MessageType":"TestExecution.StatsChange","Payload":{"NewTestResults":[{"TestCase":{"Id":"ee5d41c9-d223-8086-8ada-b6161a658def","FullyQualifiedName":"DiscoveryBankTests.AccountServiceTest.CheckBalanceTest","DisplayName":"DiscoveryBankTests.AccountServiceTest.CheckBalanceTest","ExecutorUri":"executor://xunit/VsTestRunner2/netcoreapp","Source":"C:\\Users\\hp\\OneDrive\\Desktop\\week-5-task-ogbeidebest\\week-5-task-ogbeidebest\\DiscoveryBank\\DiscoveryBankTests\\bin\\Debug\\net5.0\\fine-code-coverage\\build-output\\DiscoveryBankTests.dll","CodeFilePath":null,"LineNumber":0,"Properties":[]},"Attachments":[],"Outcome":1,"ErrorMessage":null,"ErrorStackTrace":null,"DisplayName":"DiscoveryBankTests.AccountServiceTest.CheckBalanceTest","Messages":[],"ComputerName":"LAPTOP-GAA1RH4E","Duration":"00:00:00.0895529","StartTime":"2022-08-03T05:55:36.1809773+00:00","EndTime":"2022-08-03T05:55:36.1809778+00:00","Properties":[]},{"TestCase":{"Id":"6925bf27-cd37-4930-e036-8f97775f2e90","FullyQualifiedName":"DiscoveryBankTests.AuthenticationTest.EmailExistTest","DisplayName":"DiscoveryBankTests.AuthenticationTest.EmailExistTest(actual1: \"alx120\", expected: True)","ExecutorUri":"executor://xunit/VsTestRunner2/netcoreapp","Source":"C:\\Users\\hp\\OneDrive\\Desktop\\week-5-task-ogbeidebest\\week-5-task-ogbeidebest\\DiscoveryBank\\DiscoveryBankTests\\bin\\Debug\\net5.0\\fine-code-coverage\\build-output\\DiscoveryBankTests.dll","CodeFilePath":null,"LineNumber":0,"Properties":[]},"Attachments":[],"Outcome":1,"ErrorMessage":null,"ErrorStackTrace":null,"DisplayName":"DiscoveryBankTests.AuthenticationTest.EmailExistTest(actual1: \"alx120\", expected: True)","Messages":[],"ComputerName":"LAPTOP-GAA1RH4E","Duration":"00:00:00.0003169","StartTime":"2022-08-03T05:55:36.1822971+00:00","EndTime":"2022-08-03T05:55:36.1822982+00:00","Properties":[]},{"TestCase":{"Id":"0bb1ea22-d3cd-476d-9874-d612419a0506","FullyQualifiedName":"DiscoveryBankTests.AccountServiceTest.ConfirmAccTest","DisplayName":"DiscoveryBankTests.AccountServiceTest.ConfirmAccTest(act: \"0014254633\", expected: \"Osadolor,Best,0014254633\")","ExecutorUri":"executor://xunit/VsTestRunner2/netcoreapp","Source":"C:\\Users\\hp\\OneDrive\\Desktop\\week-5-task-ogbeidebest\\week-5-task-ogbeidebest\\DiscoveryBank\\DiscoveryBankTests\\bin\\Debug\\net5.0\\fine-code-coverage\\build-output\\DiscoveryBankTests.dll","CodeFilePath":null,"LineNumber":0,"Properties":[]},"Attachments":[],"Outcome":1,"ErrorMessage":null,"ErrorStackTrace":null,"DisplayName":"DiscoveryBankTests.AccountServiceTest.ConfirmAccTest(act: \"0014254633\", expected: \"Osadolor,Best,0014254633\")","Messages":[],"ComputerName":"LAPTOP-GAA1RH4E","Duration":"00:00:00.0007813","StartTime":"2022-08-03T05:55:36.1837142+00:00","EndTime":"2022-08-03T05:55:36.1837154+00:00","Properties":[]},{"TestCase":{"Id":"add61e68-f22e-e94b-aa46-f9d7738cba72","FullyQualifiedName":"DiscoveryBankTests.AccountServiceTest.ConfirmAccTest","DisplayName":"DiscoveryBankTests.AccountServiceTest.ConfirmAccTest(act: \"001425463\", expected: \"\")","ExecutorUri":"executor://xunit/VsTestRunner2/netcoreapp","Source":"C:\\Users\\hp\\OneDrive\\Desktop\\week-5-task-ogbeidebest\\week-5-task-ogbeidebest\\DiscoveryBank\\DiscoveryBankTests\\bin\\Debug\\net5.0\\fine-code-coverage\\build-output\\DiscoveryBankTests.dll","CodeFilePath":null,"LineNumber":0,"Properties":[]},"Attachments":[],"Outcome":1,"ErrorMessage":null,"ErrorStackTrace":null,"DisplayName":"DiscoveryBankTests.AccountServiceTest.ConfirmAccTest(act: \"001425463\", expected: \"\")","Messages":[],"ComputerName":"LAPTOP-GAA1RH4E","Duration":"00:00:00.0001633","StartTime":"2022-08-03T05:55:36.1853281+00:00","EndTime":"2022-08-03T05:55:36.1853288+00:00","Properties":[]},{"TestCase":{"Id":"74f856cb-d9a2-fa7c-0329-f185fee990ca","FullyQualifiedName":"DiscoveryBankTests.AuthenticationTest.AuthLogInCredentailTest","DisplayName":"DiscoveryBankTests.AuthenticationTest.AuthLogInCredentailTest(actual: \"omo@gmail.com\", actual1: \"pass12@\", expected: True)","ExecutorUri":"executor://xunit/VsTestRunner2/netcoreapp","Source":"C:\\Users\\hp\\OneDrive\\Desktop\\week-5-task-ogbeidebest\\week-5-task-ogbeidebest\\DiscoveryBank\\DiscoveryBankTests\\bin\\Debug\\net5.0\\fine-code-coverage\\build-output\\DiscoveryBankTests.dll","CodeFilePath":null,"LineNumber":0,"Properties":[]},"Attachments":[],"Outcome":1,"ErrorMessage":null,"ErrorStackTrace":null,"DisplayName":"DiscoveryBankTests.AuthenticationTest.AuthLogInCredentailTest(actual: \"omo@gmail.com\", actual1: \"pass12@\", expected: True)","Messages":[],"ComputerName":"LAPTOP-GAA1RH4E","Duration":"00:00:00.0006285","StartTime":"2022-08-03T05:55:36.1866088+00:00","EndTime":"2022-08-03T05:55:36.1866095+00:00","Properties":[]},{"TestCase":{"Id":"1c3f4519-872f-8e48-f293-3bf99ca63eda","FullyQualifiedName":"DiscoveryBankTests.AuthenticationTest.AuthLogInCredentailTest","DisplayName":"DiscoveryBankTests.AuthenticationTest.AuthLogInCredentailTest(actual: \"pass12@\", actual1: \"omo@gmail.com\", expected: False)","ExecutorUri":"executor://xunit/VsTestRunner2/netcoreapp","Source":"C:\\Users\\hp\\OneDrive\\Desktop\\week-5-task-ogbeidebest\\week-5-task-ogbeidebest\\DiscoveryBank\\DiscoveryBankTests\\bin\\Debug\\net5.0\\fine-code-coverage\\build-output\\DiscoveryBankTests.dll","CodeFilePath":null,"LineNumber":0,"Properties":[]},"Attachments":[],"Outcome":1,"ErrorMessage":null,"ErrorStackTrace":null,"DisplayName":"DiscoveryBankTests.AuthenticationTest.AuthLogInCredentailTest(actual: \"pass12@\", actual1: \"omo@gmail.com\", expected: False)","Messages":[],"ComputerName":"LAPTOP-GAA1RH4E","Duration":"00:00:00.0002792","StartTime":"2022-08-03T05:55:36.18844+00:00","EndTime":"2022-08-03T05:55:36.1884419+00:00","Properties":[]},{"TestCase":{"Id":"8ceb8a39-029c-1566-b956-66b86c76d34b","FullyQualifiedName":"DiscoveryBankTests.AccountServiceTest.GetAccountByIdAndTypeTest","DisplayName":"DiscoveryBankTests.AccountServiceTest.GetAccountByIdAndTypeTest(actual1: \"CAZ0311\", actual2: \"Current Account\", expected: \"0014254633\")","ExecutorUri":"executor://xunit/VsTestRunner2/netcoreapp","Source":"C:\\Users\\hp\\OneDrive\\Desktop\\week-5-task-ogbeidebest\\week-5-task-ogbeidebest\\DiscoveryBank\\DiscoveryBankTests\\bin\\Debug\\net5.0\\fine-code-coverage\\build-output\\DiscoveryBankTests.dll","CodeFilePath":null,"LineNumber":0,"Properties":[]},"Attachments":[],"Outcome":1,"ErrorMessage":null,"ErrorStackTrace":null,"DisplayName":"DiscoveryBankTests.AccountServiceTest.GetAccountByIdAndTypeTest(actual1: \"CAZ0311\", actual2: \"Current Account\", expected: \"0014254633\")","Messages":[],"ComputerName":"LAPTOP-GAA1RH4E","Duration":"00:00:00.0003406","StartTime":"2022-08-03T05:55:36.1900328+00:00","EndTime":"2022-08-03T05:55:36.1900344+00:00","Properties":[]},{"TestCase":{"Id":"5094f9ac-4bdb-418a-014d-97ec5ec550a0","FullyQualifiedName":"DiscoveryBankTests.AccountServiceTest.GetAccountByIdAndTypeTest","DisplayName":"DiscoveryBankTests.AccountServiceTest.GetAccountByIdAndTypeTest(actual1: \"CAZ3131\", actual2: \"Current Account\", expected: \"\")","ExecutorUri":"executor://xunit/VsTestRunner2/netcoreapp","Source":"C:\\Users\\hp\\OneDrive\\Desktop\\week-5-task-ogbeidebest\\week-5-task-ogbeidebest\\DiscoveryBank\\DiscoveryBankTests\\bin\\Debug\\net5.0\\fine-code-coverage\\build-output\\DiscoveryBankTests.dll","CodeFilePath":null,"LineNumber":0,"Properties":[]},"Attachments":[],"Outcome":1,"ErrorMessage":null,"ErrorStackTrace":null,"DisplayName":"DiscoveryBankTests.AccountServiceTest.GetAccountByIdAndTypeTest(actual1: \"CAZ3131\", actual2: \"Current Account\", expected: \"\")","Messages":[],"ComputerName":"LAPTOP-GAA1RH4E","Duration":"00:00:00.0001388","StartTime":"2022-08-03T05:55:36.1915074+00:00","EndTime":"2022-08-03T05:55:36.1915081+00:00","Properties":[]}],"TestRunStatistics":{"ExecutedTests":34,"Stats":{"Passed":34}},"ActiveTests":[{"Id":"bf764981-ec2f-6664-c801-ee8d5cdf9380","FullyQualifiedName":"DiscoveryBankTests.AuthenticationTest.GetLoginUserByIdTest","DisplayName":"DiscoveryBankTests.AuthenticationTest.GetLoginUserByIdTest","ExecutorUri":"executor://xunit/VsTestRunner2/netcoreapp","Source":"C:\\Users\\hp\\OneDrive\\Desktop\\week-5-task-ogbeidebest\\week-5-task-ogbeidebest\\DiscoveryBank\\DiscoveryBankTests\\bin\\Debug\\net5.0\\fine-code-coverage\\build-output\\DiscoveryBankTests.dll","CodeFilePath":null,"LineNumber":0,"Properties":[]},{"Id":"604232db-99a0-3b24-f90f-eb98b8acb1a1","FullyQualifiedName":"DiscoveryBankTests.AccountServiceTest.GetAccountByIdAndTypeTest","DisplayName":"DiscoveryBankTests.AccountServiceTest.GetAccountByIdAndTypeTest(actual1: \"CAZ3131\", actual2: \"Saving Account\", expected: \"0012041336\")","ExecutorUri":"executor://xunit/VsTestRunner2/netcoreapp","Source":"C:\\Users\\hp\\OneDrive\\Desktop\\week-5-task-ogbeidebest\\week-5-task-ogbeidebest\\DiscoveryBank\\DiscoveryBankTests\\bin\\Debug\\net5.0\\fine-code-coverage\\build-output\\DiscoveryBankTests.dll","CodeFilePath":null,"LineNumber":0,"Properties":[]}]}}
TpTrace Verbose: 0 : 15764, 14, 2022/08/03, 06:55:36.194, 1394326488448, vstest.console.dll, TestRunRequest:SendTestRunStatsChange: Starting.
TpTrace Verbose: 0 : 15764, 14, 2022/08/03, 06:55:36.194, 1394326488876, vstest.console.dll, InProgress is DiscoveryBankTests.AuthenticationTest.GetLoginUserByIdTest
TpTrace Verbose: 0 : 15764, 14, 2022/08/03, 06:55:36.194, 1394326489102, vstest.console.dll, InProgress is DiscoveryBankTests.AccountServiceTest.GetAccountByIdAndTypeTest(actual1: "CAZ3131", actual2: "Saving Account", expected: "0012041336")
TpTrace Verbose: 0 : 15764, 14, 2022/08/03, 06:55:36.194, 1394326489613, vstest.console.dll, MulticastDelegateUtilities.SafeInvoke: TestRun.RunStatsChanged: Invoking callbacks was skipped because there are no subscribers.
TpTrace Information: 0 : 15764, 14, 2022/08/03, 06:55:36.194, 1394326489920, vstest.console.dll, TestRunRequest:SendTestRunStatsChange: Completed.
TpTrace Verbose: 0 : 15764, 14, 2022/08/03, 06:55:36.194, 1394326490226, vstest.console.dll, MulticastDelegateUtilities.SafeInvoke: LengthPrefixCommunicationChannel: MessageReceived: Invoking callback 1/1 for Microsoft.VisualStudio.TestPlatform.CommunicationUtilities.TestRequestSender+<>c__DisplayClass30_0.<StartTestRun>b__1, took 1 ms.
TpTrace Verbose: 0 : 15764, 4, 2022/08/03, 06:55:36.194, 1394326490278, vstest.console.dll, MulticastDelegateUtilities.SafeInvoke: InternalTestLoggerEvents.SendTestResult: Invoking callback 1/1 for Microsoft.VisualStudio.TestPlatform.CommandLine.Internal.ConsoleLogger.TestResultHandler, took 0 ms.
TpTrace Verbose: 0 : 15764, 4, 2022/08/03, 06:55:36.195, 1394326490939, vstest.console.dll, MulticastDelegateUtilities.SafeInvoke: InternalTestLoggerEvents.SendTestResult: Invoking callback 1/1 for Microsoft.VisualStudio.TestPlatform.CommandLine.Internal.ConsoleLogger.TestResultHandler, took 0 ms.
TpTrace Verbose: 0 : 15764, 14, 2022/08/03, 06:55:36.195, 1394326490965, vstest.console.dll, TcpClientExtensions.MessageLoopAsync: Polling on remoteEndPoint: 127.0.0.1:52239 localEndPoint: 127.0.0.1:52238
TpTrace Verbose: 0 : 15764, 4, 2022/08/03, 06:55:36.195, 1394326491833, vstest.console.dll, MulticastDelegateUtilities.SafeInvoke: InternalTestLoggerEvents.SendTestResult: Invoking callback 1/1 for Microsoft.VisualStudio.TestPlatform.CommandLine.Internal.ConsoleLogger.TestResultHandler, took 0 ms.
TpTrace Verbose: 0 : 15764, 4, 2022/08/03, 06:55:36.195, 1394326492173, vstest.console.dll, MulticastDelegateUtilities.SafeInvoke: InternalTestLoggerEvents.SendTestResult: Invoking callback 1/1 for Microsoft.VisualStudio.TestPlatform.CommandLine.Internal.ConsoleLogger.TestResultHandler, took 0 ms.
TpTrace Verbose: 0 : 15764, 4, 2022/08/03, 06:55:36.195, 1394326492492, vstest.console.dll, MulticastDelegateUtilities.SafeInvoke: InternalTestLoggerEvents.SendTestResult: Invoking callback 1/1 for Microsoft.VisualStudio.TestPlatform.CommandLine.Internal.ConsoleLogger.TestResultHandler, took 0 ms.
TpTrace Verbose: 0 : 15764, 4, 2022/08/03, 06:55:36.195, 1394326492806, vstest.console.dll, MulticastDelegateUtilities.SafeInvoke: InternalTestLoggerEvents.SendTestResult: Invoking callback 1/1 for Microsoft.VisualStudio.TestPlatform.CommandLine.Internal.ConsoleLogger.TestResultHandler, took 0 ms.
TpTrace Verbose: 0 : 15764, 4, 2022/08/03, 06:55:36.195, 1394326493122, vstest.console.dll, MulticastDelegateUtilities.SafeInvoke: InternalTestLoggerEvents.SendTestResult: Invoking callback 1/1 for Microsoft.VisualStudio.TestPlatform.CommandLine.Internal.ConsoleLogger.TestResultHandler, took 0 ms.
TpTrace Verbose: 0 : 15764, 4, 2022/08/03, 06:55:36.195, 1394326493394, vstest.console.dll, MulticastDelegateUtilities.SafeInvoke: InternalTestLoggerEvents.SendTestResult: Invoking callback 1/1 for Microsoft.VisualStudio.TestPlatform.CommandLine.Internal.ConsoleLogger.TestResultHandler, took 0 ms.
TpTrace Verbose: 0 : 15764, 14, 2022/08/03, 06:55:36.207, 1394326611156, vstest.console.dll, TcpClientExtensions.MessageLoopAsync: NotifyDataAvailable remoteEndPoint: 127.0.0.1:52239 localEndPoint: 127.0.0.1:52238
TpTrace Verbose: 0 : 15764, 14, 2022/08/03, 06:55:36.207, 1394326613069, vstest.console.dll, TestRequestSender.OnExecutionMessageReceived: Received message: {"Version":5,"MessageType":"TestExecution.StatsChange","Payload":{"NewTestResults":[{"TestCase":{"Id":"604232db-99a0-3b24-f90f-eb98b8acb1a1","FullyQualifiedName":"DiscoveryBankTests.AccountServiceTest.GetAccountByIdAndTypeTest","DisplayName":"DiscoveryBankTests.AccountServiceTest.GetAccountByIdAndTypeTest(actual1: \"CAZ3131\", actual2: \"Saving Account\", expected: \"0012041336\")","ExecutorUri":"executor://xunit/VsTestRunner2/netcoreapp","Source":"C:\\Users\\hp\\OneDrive\\Desktop\\week-5-task-ogbeidebest\\week-5-task-ogbeidebest\\DiscoveryBank\\DiscoveryBankTests\\bin\\Debug\\net5.0\\fine-code-coverage\\build-output\\DiscoveryBankTests.dll","CodeFilePath":null,"LineNumber":0,"Properties":[]},"Attachments":[],"Outcome":1,"ErrorMessage":null,"ErrorStackTrace":null,"DisplayName":"DiscoveryBankTests.AccountServiceTest.GetAccountByIdAndTypeTest(actual1: \"CAZ3131\", actual2: \"Saving Account\", expected: \"0012041336\")","Messages":[],"ComputerName":"LAPTOP-GAA1RH4E","Duration":"00:00:00.0001313","StartTime":"2022-08-03T05:55:36.193612+00:00","EndTime":"2022-08-03T05:55:36.1936132+00:00","Properties":[]},{"TestCase":{"Id":"b69d86f8-cc4c-c7bd-5ab1-05b7670cfb98","FullyQualifiedName":"DiscoveryBankTests.AccountServiceTest.GenerateAccountNumberTest","DisplayName":"DiscoveryBankTests.AccountServiceTest.GenerateAccountNumberTest","ExecutorUri":"executor://xunit/VsTestRunner2/netcoreapp","Source":"C:\\Users\\hp\\OneDrive\\Desktop\\week-5-task-ogbeidebest\\week-5-task-ogbeidebest\\DiscoveryBank\\DiscoveryBankTests\\bin\\Debug\\net5.0\\fine-code-coverage\\build-output\\DiscoveryBankTests.dll","CodeFilePath":null,"LineNumber":0,"Properties":[]},"Attachments":[],"Outcome":1,"ErrorMessage":null,"ErrorStackTrace":null,"DisplayName":"DiscoveryBankTests.AccountServiceTest.GenerateAccountNumberTest","Messages":[],"ComputerName":"LAPTOP-GAA1RH4E","Duration":"00:00:00.0001970","StartTime":"2022-08-03T05:55:36.1952678+00:00","EndTime":"2022-08-03T05:55:36.195269+00:00","Properties":[]},{"TestCase":{"Id":"f808ea11-b02d-76a8-e302-d7e53ddab900","FullyQualifiedName":"DiscoveryBankTests.AccountServiceTest.GenerateAccountIdTest","DisplayName":"DiscoveryBankTests.AccountServiceTest.GenerateAccountIdTest","ExecutorUri":"executor://xunit/VsTestRunner2/netcoreapp","Source":"C:\\Users\\hp\\OneDrive\\Desktop\\week-5-task-ogbeidebest\\week-5-task-ogbeidebest\\DiscoveryBank\\DiscoveryBankTests\\bin\\Debug\\net5.0\\fine-code-coverage\\build-output\\DiscoveryBankTests.dll","CodeFilePath":null,"LineNumber":0,"Properties":[]},"Attachments":[],"Outcome":1,"ErrorMessage":null,"ErrorStackTrace":null,"DisplayName":"DiscoveryBankTests.AccountServiceTest.GenerateAccountIdTest","Messages":[],"ComputerName":"LAPTOP-GAA1RH4E","Duration":"00:00:00.0001693","StartTime":"2022-08-03T05:55:36.1969258+00:00","EndTime":"2022-08-03T05:55:36.1969266+00:00","Properties":[]},{"TestCase":{"Id":"bf764981-ec2f-6664-c801-ee8d5cdf9380","FullyQualifiedName":"DiscoveryBankTests.AuthenticationTest.GetLoginUserByIdTest","DisplayName":"DiscoveryBankTests.AuthenticationTest.GetLoginUserByIdTest","ExecutorUri":"executor://xunit/VsTestRunner2/netcoreapp","Source":"C:\\Users\\hp\\OneDrive\\Desktop\\week-5-task-ogbeidebest\\week-5-task-ogbeidebest\\DiscoveryBank\\DiscoveryBankTests\\bin\\Debug\\net5.0\\fine-code-coverage\\build-output\\DiscoveryBankTests.dll","CodeFilePath":null,"LineNumber":0,"Properties":[]},"Attachments":[],"Outcome":1,"ErrorMessage":null,"ErrorStackTrace":null,"DisplayName":"DiscoveryBankTests.AuthenticationTest.GetLoginUserByIdTest","Messages":[],"ComputerName":"LAPTOP-GAA1RH4E","Duration":"00:00:00.0008148","StartTime":"2022-08-03T05:55:36.1985147+00:00","EndTime":"2022-08-03T05:55:36.1985152+00:00","Properties":[]},{"TestCase":{"Id":"8d706abf-a9d2-4e2f-67ed-0a08f66bba6e","FullyQualifiedName":"DiscoveryBankTests.AccountServiceTest.createNewAccountTest","DisplayName":"DiscoveryBankTests.AccountServiceTest.createNewAccountTest","ExecutorUri":"executor://xunit/VsTestRunner2/netcoreapp","Source":"C:\\Users\\hp\\OneDrive\\Desktop\\week-5-task-ogbeidebest\\week-5-task-ogbeidebest\\DiscoveryBank\\DiscoveryBankTests\\bin\\Debug\\net5.0\\fine-code-coverage\\build-output\\DiscoveryBankTests.dll","CodeFilePath":null,"LineNumber":0,"Properties":[]},"Attachments":[],"Outcome":1,"ErrorMessage":null,"ErrorStackTrace":null,"DisplayName":"DiscoveryBankTests.AccountServiceTest.createNewAccountTest","Messages":[],"ComputerName":"LAPTOP-GAA1RH4E","Duration":"00:00:00.0015789","StartTime":"2022-08-03T05:55:36.1993103+00:00","EndTime":"2022-08-03T05:55:36.1993106+00:00","Properties":[]},{"TestCase":{"Id":"b3c9cfd8-7897-b5b9-d81d-33d62338938e","FullyQualifiedName":"DiscoveryBankTests.TransactionServiceTest.transferTest","DisplayName":"DiscoveryBankTests.TransactionServiceTest.transferTest(actual1: \"CAZ3131\", actual2: \"0012041336\", actual3: 700, actual4: \"checked\", actual5: \"Saving Account\", expected: \"The sender's and reciever's account are the same y\"...)","ExecutorUri":"executor://xunit/VsTestRunner2/netcoreapp","Source":"C:\\Users\\hp\\OneDrive\\Desktop\\week-5-task-ogbeidebest\\week-5-task-ogbeidebest\\DiscoveryBank\\DiscoveryBankTests\\bin\\Debug\\net5.0\\fine-code-coverage\\build-output\\DiscoveryBankTests.dll","CodeFilePath":null,"LineNumber":0,"Properties":[]},"Attachments":[],"Outcome":1,"ErrorMessage":null,"ErrorStackTrace":null,"DisplayName":"DiscoveryBankTests.TransactionServiceTest.transferTest(actual1: \"CAZ3131\", actual2: \"0012041336\", actual3: 700, actual4: \"checked\", actual5: \"Saving Account\", expected: \"The sender's and reciever's account are the same y\"...)","Messages":[],"ComputerName":"LAPTOP-GAA1RH4E","Duration":"00:00:00.0072400","StartTime":"2022-08-03T05:55:36.2007+00:00","EndTime":"2022-08-03T05:55:36.2007006+00:00","Properties":[]},{"TestCase":{"Id":"37811d64-1e88-c44f-50a7-22cf6bad5699","FullyQualifiedName":"DiscoveryBankTests.TransactionServiceTest.transferTest","DisplayName":"DiscoveryBankTests.TransactionServiceTest.transferTest(actual1: \"CAZ3131\", actual2: \"001041336\", actual3: 500, actual4: \"checked\", actual5: \"Saving Account\", expected: \"OK\")","ExecutorUri":"executor://xunit/VsTestRunner2/netcoreapp","Source":"C:\\Users\\hp\\OneDrive\\Desktop\\week-5-task-ogbeidebest\\week-5-task-ogbeidebest\\DiscoveryBank\\DiscoveryBankTests\\bin\\Debug\\net5.0\\fine-code-coverage\\build-output\\DiscoveryBankTests.dll","CodeFilePath":null,"LineNumber":0,"Properties":[]},"Attachments":[],"Outcome":1,"ErrorMessage":null,"ErrorStackTrace":null,"DisplayName":"DiscoveryBankTests.TransactionServiceTest.transferTest(actual1: \"CAZ3131\", actual2: \"001041336\", actual3: 500, actual4: \"checked\", actual5: \"Saving Account\", expected: \"OK\")","Messages":[],"ComputerName":"LAPTOP-GAA1RH4E","Duration":"00:00:00.0024979","StartTime":"2022-08-03T05:55:36.202149+00:00","EndTime":"2022-08-03T05:55:36.2021496+00:00","Properties":[]},{"TestCase":{"Id":"d2d62851-11f8-6dbc-0514-eed5994fe937","FullyQualifiedName":"DiscoveryBankTests.AccountServiceTest.GetAccountByIdTest","DisplayName":"DiscoveryBankTests.AccountServiceTest.GetAccountByIdTest","ExecutorUri":"executor://xunit/VsTestRunner2/netcoreapp","Source":"C:\\Users\\hp\\OneDrive\\Desktop\\week-5-task-ogbeidebest\\week-5-task-ogbeidebest\\DiscoveryBank\\DiscoveryBankTests\\bin\\Debug\\net5.0\\fine-code-coverage\\build-output\\DiscoveryBankTests.dll","CodeFilePath":null,"LineNumber":0,"Properties":[]},"Attachments":[],"Outcome":1,"ErrorMessage":null,"ErrorStackTrace":null,"DisplayName":"DiscoveryBankTests.AccountServiceTest.GetAccountByIdTest","Messages":[],"ComputerName":"LAPTOP-GAA1RH4E","Duration":"00:00:00.0055076","StartTime":"2022-08-03T05:55:36.2036765+00:00","EndTime":"2022-08-03T05:55:36.2036774+00:00","Properties":[]},{"TestCase":{"Id":"7a0f4ff2-6610-bc91-fe4f-8d41e9e1c523","FullyQualifiedName":"DiscoveryBankTests.TransactionServiceTest.GenerateUserIdTest","DisplayName":"DiscoveryBankTests.TransactionServiceTest.GenerateUserIdTest","ExecutorUri":"executor://xunit/VsTestRunner2/netcoreapp","Source":"C:\\Users\\hp\\OneDrive\\Desktop\\week-5-task-ogbeidebest\\week-5-task-ogbeidebest\\DiscoveryBank\\DiscoveryBankTests\\bin\\Debug\\net5.0\\fine-code-coverage\\build-output\\DiscoveryBankTests.dll","CodeFilePath":null,"LineNumber":0,"Properties":[]},"Attachments":[],"Outcome":1,"ErrorMessage":null,"ErrorStackTrace":null,"DisplayName":"DiscoveryBankTests.TransactionServiceTest.GenerateUserIdTest","Messages":[],"ComputerName":"LAPTOP-GAA1RH4E","Duration":"00:00:00.0002503","StartTime":"2022-08-03T05:55:36.2048038+00:00","EndTime":"2022-08-03T05:55:36.204805+00:00","Properties":[]}],"TestRunStatistics":{"ExecutedTests":43,"Stats":{"Passed":43}},"ActiveTests":[{"Id":"a391999f-5e67-cc98-c2c9-243803ff1a4f","FullyQualifiedName":"DiscoveryBankTests.TransactionServiceTest.DepositToAccountTest","DisplayName":"DiscoveryBankTests.TransactionServiceTest.DepositToAccountTest","ExecutorUri":"executor://xunit/VsTestRunner2/netcoreapp","Source":"C:\\Users\\hp\\OneDrive\\Desktop\\week-5-task-ogbeidebest\\week-5-task-ogbeidebest\\DiscoveryBank\\DiscoveryBankTests\\bin\\Debug\\net5.0\\fine-code-coverage\\build-output\\DiscoveryBankTests.dll","CodeFilePath":null,"LineNumber":0,"Properties":[]}]}}
TpTrace Verbose: 0 : 15764, 14, 2022/08/03, 06:55:36.208, 1394326630350, vstest.console.dll, TestRunRequest:SendTestRunStatsChange: Starting.
TpTrace Verbose: 0 : 15764, 14, 2022/08/03, 06:55:36.209, 1394326630885, vstest.console.dll, InProgress is DiscoveryBankTests.TransactionServiceTest.DepositToAccountTest
TpTrace Verbose: 0 : 15764, 14, 2022/08/03, 06:55:36.209, 1394326631313, vstest.console.dll, MulticastDelegateUtilities.SafeInvoke: TestRun.RunStatsChanged: Invoking callbacks was skipped because there are no subscribers.
TpTrace Information: 0 : 15764, 14, 2022/08/03, 06:55:36.209, 1394326631504, vstest.console.dll, TestRunRequest:SendTestRunStatsChange: Completed.
TpTrace Verbose: 0 : 15764, 14, 2022/08/03, 06:55:36.209, 1394326631764, vstest.console.dll, MulticastDelegateUtilities.SafeInvoke: LengthPrefixCommunicationChannel: MessageReceived: Invoking callback 1/1 for Microsoft.VisualStudio.TestPlatform.CommunicationUtilities.TestRequestSender+<>c__DisplayClass30_0.<StartTestRun>b__1, took 1 ms.
TpTrace Verbose: 0 : 15764, 14, 2022/08/03, 06:55:36.209, 1394326631997, vstest.console.dll, TcpClientExtensions.MessageLoopAsync: Polling on remoteEndPoint: 127.0.0.1:52239 localEndPoint: 127.0.0.1:52238
TpTrace Verbose: 0 : 15764, 4, 2022/08/03, 06:55:36.209, 1394326632840, vstest.console.dll, MulticastDelegateUtilities.SafeInvoke: InternalTestLoggerEvents.SendTestResult: Invoking callback 1/1 for Microsoft.VisualStudio.TestPlatform.CommandLine.Internal.ConsoleLogger.TestResultHandler, took 0 ms.
TpTrace Verbose: 0 : 15764, 4, 2022/08/03, 06:55:36.209, 1394326633490, vstest.console.dll, MulticastDelegateUtilities.SafeInvoke: InternalTestLoggerEvents.SendTestResult: Invoking callback 1/1 for Microsoft.VisualStudio.TestPlatform.CommandLine.Internal.ConsoleLogger.TestResultHandler, took 0 ms.
TpTrace Verbose: 0 : 15764, 4, 2022/08/03, 06:55:36.209, 1394326633784, vstest.console.dll, MulticastDelegateUtilities.SafeInvoke: InternalTestLoggerEvents.SendTestResult: Invoking callback 1/1 for Microsoft.VisualStudio.TestPlatform.CommandLine.Internal.ConsoleLogger.TestResultHandler, took 0 ms.
TpTrace Verbose: 0 : 15764, 4, 2022/08/03, 06:55:36.209, 1394326634113, vstest.console.dll, MulticastDelegateUtilities.SafeInvoke: InternalTestLoggerEvents.SendTestResult: Invoking callback 1/1 for Microsoft.VisualStudio.TestPlatform.CommandLine.Internal.ConsoleLogger.TestResultHandler, took 0 ms.
TpTrace Verbose: 0 : 15764, 4, 2022/08/03, 06:55:36.209, 1394326634417, vstest.console.dll, MulticastDelegateUtilities.SafeInvoke: InternalTestLoggerEvents.SendTestResult: Invoking callback 1/1 for Microsoft.VisualStudio.TestPlatform.CommandLine.Internal.ConsoleLogger.TestResultHandler, took 0 ms.
TpTrace Verbose: 0 : 15764, 4, 2022/08/03, 06:55:36.209, 1394326634730, vstest.console.dll, MulticastDelegateUtilities.SafeInvoke: InternalTestLoggerEvents.SendTestResult: Invoking callback 1/1 for Microsoft.VisualStudio.TestPlatform.CommandLine.Internal.ConsoleLogger.TestResultHandler, took 0 ms.
TpTrace Verbose: 0 : 15764, 4, 2022/08/03, 06:55:36.209, 1394326635003, vstest.console.dll, MulticastDelegateUtilities.SafeInvoke: InternalTestLoggerEvents.SendTestResult: Invoking callback 1/1 for Microsoft.VisualStudio.TestPlatform.CommandLine.Internal.ConsoleLogger.TestResultHandler, took 0 ms.
TpTrace Verbose: 0 : 15764, 4, 2022/08/03, 06:55:36.209, 1394326635427, vstest.console.dll, MulticastDelegateUtilities.SafeInvoke: InternalTestLoggerEvents.SendTestResult: Invoking callback 1/1 for Microsoft.VisualStudio.TestPlatform.CommandLine.Internal.ConsoleLogger.TestResultHandler, took 0 ms.
TpTrace Verbose: 0 : 15764, 4, 2022/08/03, 06:55:36.209, 1394326635682, vstest.console.dll, MulticastDelegateUtilities.SafeInvoke: InternalTestLoggerEvents.SendTestResult: Invoking callback 1/1 for Microsoft.VisualStudio.TestPlatform.CommandLine.Internal.ConsoleLogger.TestResultHandler, took 0 ms.
TpTrace Verbose: 0 : 15764, 14, 2022/08/03, 06:55:36.210, 1394326642415, vstest.console.dll, TcpClientExtensions.MessageLoopAsync: NotifyDataAvailable remoteEndPoint: 127.0.0.1:52239 localEndPoint: 127.0.0.1:52238
TpTrace Verbose: 0 : 15764, 14, 2022/08/03, 06:55:36.210, 1394326643245, vstest.console.dll, TestRequestSender.OnExecutionMessageReceived: Received message: {"Version":5,"MessageType":"TestSession.Message","Payload":{"MessageLevel":0,"Message":"[xUnit.net 00:00:00.64]   Finished:    DiscoveryBankTests"}}
TpTrace Verbose: 0 : 15764, 14, 2022/08/03, 06:55:36.210, 1394326644452, vstest.console.dll, TestRunRequest:SendTestRunMessage: Starting.
TpTrace Verbose: 0 : 15764, 14, 2022/08/03, 06:55:36.210, 1394326644882, vstest.console.dll, MulticastDelegateUtilities.SafeInvoke: TestRun.LogMessages: Invoking callback 1/1 for Microsoft.VisualStudio.TestPlatform.CommandLine.TestRunResultAggregator.TestRunMessageHandler, took 0 ms.
TpTrace Information: 0 : 15764, 14, 2022/08/03, 06:55:36.210, 1394326645088, vstest.console.dll, TestRunRequest:SendTestRunMessage: Completed.
TpTrace Verbose: 0 : 15764, 4, 2022/08/03, 06:55:36.210, 1394326645090, vstest.console.dll, MulticastDelegateUtilities.SafeInvoke: InternalTestLoggerEvents.SendTestRunMessage: Invoking callback 1/1 for Microsoft.VisualStudio.TestPlatform.CommandLine.Internal.ConsoleLogger.TestMessageHandler, took 0 ms.
TpTrace Verbose: 0 : 15764, 14, 2022/08/03, 06:55:36.210, 1394326645349, vstest.console.dll, MulticastDelegateUtilities.SafeInvoke: LengthPrefixCommunicationChannel: MessageReceived: Invoking callback 1/1 for Microsoft.VisualStudio.TestPlatform.CommunicationUtilities.TestRequestSender+<>c__DisplayClass30_0.<StartTestRun>b__1, took 0 ms.
TpTrace Verbose: 0 : 15764, 14, 2022/08/03, 06:55:36.210, 1394326645966, vstest.console.dll, TcpClientExtensions.MessageLoopAsync: Polling on remoteEndPoint: 127.0.0.1:52239 localEndPoint: 127.0.0.1:52238
TpTrace Verbose: 0 : 15764, 14, 2022/08/03, 06:55:36.225, 1394326797783, vstest.console.dll, TcpClientExtensions.MessageLoopAsync: NotifyDataAvailable remoteEndPoint: 127.0.0.1:52239 localEndPoint: 127.0.0.1:52238
TpTrace Verbose: 0 : 15764, 14, 2022/08/03, 06:55:36.225, 1394326799700, vstest.console.dll, TestRequestSender.OnExecutionMessageReceived: Received message: {"Version":5,"MessageType":"TestExecution.Completed","Payload":{"TestRunCompleteArgs":{"TestRunStatistics":{"ExecutedTests":44,"Stats":{"Passed":44}},"IsCanceled":false,"IsAborted":false,"Error":null,"AttachmentSets":[],"ElapsedTimeInRunningTests":"00:00:00.6543532","Metrics":{}},"LastRunTests":{"NewTestResults":[{"TestCase":{"Id":"a391999f-5e67-cc98-c2c9-243803ff1a4f","FullyQualifiedName":"DiscoveryBankTests.TransactionServiceTest.DepositToAccountTest","DisplayName":"DiscoveryBankTests.TransactionServiceTest.DepositToAccountTest","ExecutorUri":"executor://xunit/VsTestRunner2/netcoreapp","Source":"C:\\Users\\hp\\OneDrive\\Desktop\\week-5-task-ogbeidebest\\week-5-task-ogbeidebest\\DiscoveryBank\\DiscoveryBankTests\\bin\\Debug\\net5.0\\fine-code-coverage\\build-output\\DiscoveryBankTests.dll","CodeFilePath":null,"LineNumber":0,"Properties":[]},"Attachments":[],"Outcome":1,"ErrorMessage":null,"ErrorStackTrace":null,"DisplayName":"DiscoveryBankTests.TransactionServiceTest.DepositToAccountTest","Messages":[],"ComputerName":"LAPTOP-GAA1RH4E","Duration":"00:00:00.0001335","StartTime":"2022-08-03T05:55:36.2079106+00:00","EndTime":"2022-08-03T05:55:36.2079122+00:00","Properties":[]}],"TestRunStatistics":{"ExecutedTests":44,"Stats":{"Passed":44}},"ActiveTests":[]},"RunAttachments":[],"ExecutorUris":["executor://xunit/VsTestRunner2/netcoreapp"]}}
TpTrace Verbose: 0 : 15764, 14, 2022/08/03, 06:55:36.226, 1394326801778, vstest.console.dll, TestRequestSender.EndSession: Sending end session.
TpTrace Verbose: 0 : 15764, 14, 2022/08/03, 06:55:36.226, 1394326802927, vstest.console.dll, ProxyOperationManager.Close: waiting for test host to exit for 100 ms
TpTrace Warning: 0 : 15764, 13, 2022/08/03, 06:55:36.269, 1394327233794, vstest.console.dll, TestHostManagerCallbacks.ErrorReceivedCallback Test host standard error line: 
TpTrace Verbose: 0 : 15764, 13, 2022/08/03, 06:55:36.290, 1394327442971, vstest.console.dll, TestHostProvider.ExitCallBack: Host exited starting callback.
TpTrace Information: 0 : 15764, 13, 2022/08/03, 06:55:36.291, 1394327455223, vstest.console.dll, TestHostManagerCallbacks.ExitCallBack: Testhost processId: 21284 exited with exitcode: 0 error: ''
TpTrace Verbose: 0 : 15764, 13, 2022/08/03, 06:55:36.291, 1394327456571, vstest.console.dll, DotnetTestHostManager.OnHostExited: invoking OnHostExited callback
TpTrace Verbose: 0 : 15764, 13, 2022/08/03, 06:55:36.291, 1394327457756, vstest.console.dll, CrossPlatEngine.TestHostManagerHostExited: calling on client process exit callback.
TpTrace Information: 0 : 15764, 13, 2022/08/03, 06:55:36.291, 1394327458923, vstest.console.dll, TestRequestSender.OnClientProcessExit: Test host process exited. Standard error: 
TpTrace Information: 0 : 15764, 13, 2022/08/03, 06:55:36.291, 1394327459678, vstest.console.dll, SocketServer.Stop: Stop server endPoint: 127.0.0.1:52238
TpTrace Information: 0 : 15764, 14, 2022/08/03, 06:55:36.291, 1394327459864, vstest.console.dll, SocketServer.Stop: Stop server endPoint: 127.0.0.1:52238
TpTrace Information: 0 : 15764, 14, 2022/08/03, 06:55:36.292, 1394327461652, vstest.console.dll, SocketServer.Stop: Cancellation requested. Stopping message loop.
TpTrace Information: 0 : 15764, 13, 2022/08/03, 06:55:36.292, 1394327461780, vstest.console.dll, SocketServer.Stop: Cancellation requested. Stopping message loop.
TpTrace Verbose: 0 : 15764, 13, 2022/08/03, 06:55:36.292, 1394327463520, vstest.console.dll, MulticastDelegateUtilities.SafeInvoke: HostProviderEvents.OnHostExited: Invoking callback 1/1 for Microsoft.VisualStudio.TestPlatform.CrossPlatEngine.Client.ProxyOperationManager.TestHostManagerHostExited, took 0 ms.
TpTrace Information: 0 : 15764, 14, 2022/08/03, 06:55:36.292, 1394327464189, vstest.console.dll, Closing the connection
TpTrace Verbose: 0 : 15764, 14, 2022/08/03, 06:55:36.293, 1394327472523, vstest.console.dll, ProxyDataCollectionManager.InvokeDataCollectionServiceAction: Starting.
TpTrace Information: 0 : 15764, 14, 2022/08/03, 06:55:36.293, 1394327473577, vstest.console.dll, ProxyDataCollectionManager.AfterTestRunEnd: Get attachment set and invoked data collectors processId: 17200 port: 52235
TpTrace Verbose: 0 : 15764, 14, 2022/08/03, 06:55:36.293, 1394327474601, vstest.console.dll, DataCollectionRequestSender.SendAfterTestRunStartAndGetResult: Send AfterTestRunEnd message with isCancelled: False
TpTrace Verbose: 0 : 15764, 14, 2022/08/03, 06:55:36.307, 1394327613859, vstest.console.dll, DataCollectionRequestSender.SendAfterTestRunStartAndGetResult: Received message: (DataCollection.AfterTestRunEndResult) -> {
  "AttachmentSets": [],
  "InvokedDataCollectors": [
    {
      "Uri": "datacollector://Microsoft/TestPlatform/Extensions/Blame/v1",
      "FriendlyName": "Blame",
      "AssemblyQualifiedName": "Microsoft.TestPlatform.Extensions.BlameDataCollector.BlameCollector, Microsoft.TestPlatform.Extensions.BlameDataCollector, Version=15.0.0.0, Culture=neutral, PublicKeyToken=b03f5f7f11d50a3a",
      "FilePath": "C:\\Program Files\\dotnet\\sdk\\6.0.301\\Extensions\\Microsoft.TestPlatform.Extensions.BlameDataCollector.dll",
      "HasAttachmentProcessor": false
    }
  ],
  "Metrics": {}
}
TpTrace Information: 0 : 15764, 14, 2022/08/03, 06:55:36.319, 1394327736285, vstest.console.dll, ProxyDataCollectionManager.InvokeDataCollectionServiceAction: Completed.
TpTrace Warning: 0 : 15764, 10, 2022/08/03, 06:55:36.331, 1394327858471, vstest.console.dll, DataCollectionLauncher.ErrorReceivedCallback datacollector standard error line: 
TpTrace Information: 0 : 15764, 10, 2022/08/03, 06:55:36.339, 1394327930862, vstest.console.dll, DataCollectionLauncher.ExitCallBack: Data collector exited with exitcode: 0 error: ''
TpTrace Verbose: 0 : 15764, 14, 2022/08/03, 06:55:36.370, 1394328242762, vstest.console.dll, TestRunRequest:SendTestRunStatsChange: Starting.
TpTrace Verbose: 0 : 15764, 14, 2022/08/03, 06:55:36.370, 1394328244155, vstest.console.dll, MulticastDelegateUtilities.SafeInvoke: TestRun.RunStatsChanged: Invoking callbacks was skipped because there are no subscribers.
TpTrace Information: 0 : 15764, 14, 2022/08/03, 06:55:36.370, 1394328244451, vstest.console.dll, TestRunRequest:SendTestRunStatsChange: Completed.
TpTrace Verbose: 0 : 15764, 4, 2022/08/03, 06:55:36.370, 1394328245438, vstest.console.dll, MulticastDelegateUtilities.SafeInvoke: InternalTestLoggerEvents.SendTestResult: Invoking callback 1/1 for Microsoft.VisualStudio.TestPlatform.CommandLine.Internal.ConsoleLogger.TestResultHandler, took 0 ms.
TpTrace Verbose: 0 : 15764, 14, 2022/08/03, 06:55:36.370, 1394328247402, vstest.console.dll, ParallelProxyExecutionManager: HandlePartialRunComplete: Total completed clients = 1, Run complete = True, Run canceled: False.
TpTrace Verbose: 0 : 15764, 4, 2022/08/03, 06:55:36.383, 1394328379545, vstest.console.dll, MulticastDelegateUtilities.SafeInvoke: InternalTestLoggerEvents.SendTestRunComplete: Invoking callback 1/2 for Microsoft.TestPlatform.Extensions.BlameDataCollector.BlameLogger.TestRunCompleteHandler, took 0 ms.
TpTrace Verbose: 0 : 15764, 4, 2022/08/03, 06:55:36.394, 1394328480937, vstest.console.dll, MulticastDelegateUtilities.SafeInvoke: InternalTestLoggerEvents.SendTestRunComplete: Invoking callback 2/2 for Microsoft.VisualStudio.TestPlatform.CommandLine.Internal.ConsoleLogger.TestRunCompleteHandler, took 10 ms.
TpTrace Verbose: 0 : 15764, 14, 2022/08/03, 06:55:36.394, 1394328486023, vstest.console.dll, TestRunRequest:TestRunComplete: Starting. IsAborted:False IsCanceled:False.
TpTrace Verbose: 0 : 15764, 14, 2022/08/03, 06:55:36.395, 1394328499614, vstest.console.dll, TestLoggerManager.HandleTestRunComplete: Ignoring as the object is disposed.
TpTrace Verbose: 0 : 15764, 14, 2022/08/03, 06:55:36.396, 1394328504002, vstest.console.dll, MulticastDelegateUtilities.SafeInvoke: TestRun.TestRunComplete: Invoking callback 1/2 for Microsoft.VisualStudio.TestPlatform.CommandLine.TestRunResultAggregator.TestRunCompletionHandler, took 0 ms.
TpTrace Verbose: 0 : 15764, 14, 2022/08/03, 06:55:36.396, 1394328505282, vstest.console.dll, MulticastDelegateUtilities.SafeInvoke: TestRun.TestRunComplete: Invoking callback 2/2 for Microsoft.VisualStudio.TestPlatform.CommandLine.Processors.RunTestsArgumentExecutor+TestRunRequestEventsRegistrar.TestRunRequest_OnRunCompletion, took 0 ms.
TpTrace Information: 0 : 15764, 14, 2022/08/03, 06:55:36.396, 1394328506724, vstest.console.dll, TestRunRequest:TestRunComplete: Completed.
TpTrace Verbose: 0 : 15764, 14, 2022/08/03, 06:55:36.396, 1394328507257, vstest.console.dll, TestRequestSender.SetOperationComplete: Setting operation complete.
TpTrace Information: 0 : 15764, 14, 2022/08/03, 06:55:36.396, 1394328507620, vstest.console.dll, SocketServer.Stop: Stop server endPoint: 127.0.0.1:52238
TpTrace Information: 0 : 15764, 14, 2022/08/03, 06:55:36.396, 1394328507975, vstest.console.dll, SocketServer.Stop: Cancellation requested. Stopping message loop.
TpTrace Verbose: 0 : 15764, 1, 2022/08/03, 06:55:36.396, 1394328507950, vstest.console.dll, TestRunRequest.Dispose: Starting.
TpTrace Information: 0 : 15764, 1, 2022/08/03, 06:55:36.396, 1394328509645, vstest.console.dll, TestRunRequest.Dispose: Completed.
TpTrace Verbose: 0 : 15764, 14, 2022/08/03, 06:55:36.396, 1394328508518, vstest.console.dll, MulticastDelegateUtilities.SafeInvoke: LengthPrefixCommunicationChannel: MessageReceived: Invoking callback 1/1 for Microsoft.VisualStudio.TestPlatform.CommunicationUtilities.TestRequestSender+<>c__DisplayClass30_0.<StartTestRun>b__1, took 170 ms.
TpTrace Information: 0 : 15764, 1, 2022/08/03, 06:55:36.396, 1394328510276, vstest.console.dll, TestRequestManager.RunTests: run tests completed.
TpTrace Information: 0 : 15764, 14, 2022/08/03, 06:55:36.397, 1394328511352, vstest.console.dll, SocketServer.PrivateStop: Stopping server endPoint: 127.0.0.1:52238 error: 
TpTrace Information: 0 : 15764, 1, 2022/08/03, 06:55:36.397, 1394328512477, vstest.console.dll, RunTestsArgumentProcessor:Execute: Test run is completed.
TpTrace Verbose: 0 : 15764, 1, 2022/08/03, 06:55:36.397, 1394328515332, vstest.console.dll, Executor.Execute: Exiting with exit code of 0
TpTrace Verbose: 0 : 15764, 14, 2022/08/03, 06:55:36.397, 1394328518301, vstest.console.dll, LengthPrefixCommunicationChannel.Dispose: Dispose reader and writer.
TpTrace Information: 0 : 15764, 14, 2022/08/03, 06:55:36.397, 1394328519460, vstest.console.dll, SocketServer.Stop: Raise disconnected event endPoint: 127.0.0.1:52238 error: 
TpTrace Verbose: 0 : 15764, 14, 2022/08/03, 06:55:36.397, 1394328520526, vstest.console.dll, TestRequestSender: OnTestRunAbort: Operation is already complete. Skip error message.
TpTrace Verbose: 0 : 15764, 14, 2022/08/03, 06:55:36.398, 1394328521046, vstest.console.dll, MulticastDelegateUtilities.SafeInvoke: SocketServer: ClientDisconnected: Invoking callback 1/1 for Microsoft.VisualStudio.TestPlatform.CommunicationUtilities.TestRequestSender.<InitializeCommunication>b__23_1, took 0 ms.
TpTrace Verbose: 0 : 15764, 14, 2022/08/03, 06:55:36.398, 1394328521438, vstest.console.dll, TcpClientExtensions.MessageLoopAsync: exiting MessageLoopAsync remoteEndPoint: 127.0.0.1:52239 localEndPoint: 127.0.0.1:52238
